2026-04-17 16:56:43,569 - SophiaLogger - [INFO] - 智能视频制作助手启动！
2026-04-17 16:56:43,574 - SophiaLogger - [INFO] - [同步时间测试] create_video_pipeline 耗时: 0.0039 秒
2026-04-17 16:56:43,574 - SophiaLogger - [INFO] - session-lecture04 线程已启动，正在处理参考文本：C:\Code\sophia\hello_agent\sophia-app\resources\documents\static\lecture04.txt
2026-04-17 16:56:43,574 - SophiaLogger - [INFO] - 本次项目启动状态与配置如下：
{'messages': [], 'step': 'init', 'video_state_config': {'max_attempts': 3, 'enable_ai_reflection': False, 'enable_human_in_the_loop': False, 'image_mode': 'static', 'enable_tmp_rag': True, 'enable_podcast_specialization': True}, 'core_topic': '', 'ref_chapter_local_path': 'C:\\Code\\sophia\\hello_agent\\sophia-app\\resources\\documents\\static\\lecture04.txt'}

2026-04-17 16:56:43,612 - SophiaLogger - [INFO] - 开始执行持久化工作流，Thread ID: session-lecture04
2026-04-17 16:56:43,612 - SophiaLogger - [INFO] - ============================================================
2026-04-17 16:56:43,635 - SophiaLogger - [INFO] - 进入初始化节点...
2026-04-17 16:56:43,639 - SophiaLogger - [INFO] - 正在生成哲学粗课题拆解方案...
2026-04-17 16:57:35,005 - SophiaLogger - [INFO] - ```json
[
  {
    "topic_id": 1,
    "topic_name": "从“追问事物本身”到“理念”的诞生",
    "core_concept": "柏拉图如何继承并发展了苏格拉底“追问事物本身”的方法，将其从道德领域扩展到整个世界，并提出了作为客观实体的“理念”。",
    "zero_to_hero_logic": "从我们熟悉的“追问事物本质”这一日常思维出发（如：什么是真正的“美”？），引出苏格拉底的哲学方法。然后，展示柏拉图如何将这种方法普遍化，并创造性地提出“理念”作为独立于具体事物的客观实体，从而奠定了其哲学体系的基石。"
  },
  {
    "topic_id": 2,
    "topic_name": "理念世界与感性世界：分有与摹仿",
    "core_concept": "柏拉图如何通过“分有说”和“摹仿说”来解释理念（完美的原型）与具体事物（有缺陷的摹本）之间的因果关系，构建出两个世界的等级模型。",
    "zero_to_hero_logic": "既然理念是更完美的实体，而具体事物有缺陷，那么它们之间是什么关系？自然推导出柏拉图的核心解释机制：具体事物通过“分有”或“摹仿”理念而存在。这解释了为何世间有如此多不完美的桌子，却共享一个“桌子”的概念。"
  },
  {
    "topic_id": 3,
    "topic_name": "世界的层级与“善”的理念",
    "core_concept": "柏拉图如何将理念世界本身组织成一个从低到高（从自然物理念到“善”的理念）的严密等级体系，并以“善”的理念作为整个世界的终极目的和动力。",
    "zero_to_hero_logic": "如果万事万物都有理念，理念世界岂不杂乱无章？由此引出柏拉图对理念世界的系统化构建。他不仅给理念排序，还设立了一个最高统帅——“善”的理念，它赋予整个体系以目的和秩序，为理解其宇宙观和神学倾向铺平道路。"
  },
  {
    "topic_id": 4,
    "topic_name": "知识从何而来？——先验的“回忆说”",
    "core_concept": "与本体论相对应，柏拉图在认识论上提出“回忆说”，认为真知（关于理念的知识）是灵魂先天固有的，感觉经验只是刺激回忆的触媒，学习即是回忆。",
    "zero_to_hero_logic": "如果最真实的是理念世界，而我们生活在感性世界，那么我们如何能认识理念？这必然导向认识论问题。柏拉图给出了一个反常识但逻辑自洽的答案：知识不是从外部学来的，而是灵魂对先天已有之物的“回忆”，并用“洞喻”形象地说明了认识上升的过程。"
  },
  {
    "topic_id": 5,
    "topic_name": "从批判到综合：亚里士多德对“实体”的重新奠基",
    "core_concept": "亚里士多德如何批判柏拉图理念论（“弄巧成拙”），并转而从经验中的个别事物出发，将“实体”定义为独立存在的“这一个”，以此作为其哲学的新起点。",
    "zero_to_hero_logic": "柏拉图的体系似乎完美，但它真能解释我们面对的这个世界吗？亚里士多德提出了根本性质疑。他认为哲学应研究实实在在的个别事物（如“苏格拉底”），并以此为基点，给出了关于“实体”的严谨逻辑定义，实现了哲学重心从抽象理念向经验个体的转向。"
  },
  {
    "topic_id": 6,
    "topic_name": "实体的成因：“四因说”与世界模型",
    "core_concept": "亚里士多德用“质料因、形式因、动力因、目的因”来全面解释实体生成的原因，并构建了一个从“纯质料”到“纯形式”（不动的推动者/神）的、层级式的世界模型。",
    "zero_to_hero_logic": "知道了实体“是什么”，接下来自然要问它“为什么”是这样。亚里士多德系统地总结了前人的思想，提出“四因说”作为万能分析框架。进而，他将质料与形式的关系动态化、相对化，描绘出一个万物皆趋向更高形式的、有目的的宇宙图景，综合了柏拉图的“形式”与德谟克利特的“质料”。"
  },
  {
    "topic_id": 7,
    "topic_name": "生成与运动：从“潜能”到“现实”",
    "core_concept": "亚里士多德用“潜能与现实”理论来解释实体是如何生成的，将运动定义为“潜能的现实化”，从而以一种有机的、目的论的方式超越了机械的运动观。",
    "zero_to_hero_logic": "原因（四因）如何导致结果（实体）？这涉及到变化和生成的过程。亚里士多德引入“潜能”与“现实”这对核心范畴，把万物的生灭变化理解为一个内在目的驱动的、自我实现的生长过程。这不仅解释了运动，也将其哲学导向了一种深刻的有机论和目的论世界观，达到了古希腊辩证思维的高峰。"
  }
]
```
2026-04-17 16:57:35,007 - SophiaLogger - [INFO] - 生成的哲学粗课题拆解方案：
2026-04-17 16:57:35,007 - SophiaLogger - [INFO] - [{'topic_id': 1, 'topic_name': '从“追问事物本身”到“理念”的诞生', 'core_concept': '柏拉图如何继承并发展了苏格拉底“追问事物本身”的方法，将其从道德领域扩展到整个世界，并提出了作为客观实体的“理念”。', 'zero_to_hero_logic': '从我们熟悉的“追问事物本质”这一日常思维出发（如：什么是真正的“美”？），引出苏格拉底的哲学方法。然后，展示柏拉图如何将这种方法普遍化，并创造性地提出“理念”作为独立于具体事物的客观实体，从而奠定了其哲学体系的基石。'}, {'topic_id': 2, 'topic_name': '理念世界与感性世界：分有与摹仿', 'core_concept': '柏拉图如何通过“分有说”和“摹仿说”来解释理念（完美的原型）与具体事物（有缺陷的摹本）之间的因果关系，构建出两个世界的等级模型。', 'zero_to_hero_logic': '既然理念是更完美的实体，而具体事物有缺陷，那么它们之间是什么关系？自然推导出柏拉图的核心解释机制：具体事物通过“分有”或“摹仿”理念而存在。这解释了为何世间有如此多不完美的桌子，却共享一个“桌子”的概念。'}, {'topic_id': 3, 'topic_name': '世界的层级与“善”的理念', 'core_concept': '柏拉图如何将理念世界本身组织成一个从低到高（从自然物理念到“善”的理念）的严密等级体系，并以“善”的理念作为整个世界的终极目的和动力。', 'zero_to_hero_logic': '如果万事万物都有理念，理念世界岂不杂乱无章？由此引出柏拉图对理念世界的系统化构建。他不仅给理念排序，还设立了一个最高统帅——“善”的理念，它赋予整个体系以目的和秩序，为理解其宇宙观和神学倾向铺平道路。'}, {'topic_id': 4, 'topic_name': '知识从何而来？——先验的“回忆说”', 'core_concept': '与本体论相对应，柏拉图在认识论上提出“回忆说”，认为真知（关于理念的知识）是灵魂先天固有的，感觉经验只是刺激回忆的触媒，学习即是回忆。', 'zero_to_hero_logic': '如果最真实的是理念世界，而我们生活在感性世界，那么我们如何能认识理念？这必然导向认识论问题。柏拉图给出了一个反常识但逻辑自洽的答案：知识不是从外部学来的，而是灵魂对先天已有之物的“回忆”，并用“洞喻”形象地说明了认识上升的过程。'}, {'topic_id': 5, 'topic_name': '从批判到综合：亚里士多德对“实体”的重新奠基', 'core_concept': '亚里士多德如何批判柏拉图理念论（“弄巧成拙”），并转而从经验中的个别事物出发，将“实体”定义为独立存在的“这一个”，以此作为其哲学的新起点。', 'zero_to_hero_logic': '柏拉图的体系似乎完美，但它真能解释我们面对的这个世界吗？亚里士多德提出了根本性质疑。他认为哲学应研究实实在在的个别事物（如“苏格拉底”），并以此为基点，给出了关于“实体”的严谨逻辑定义，实现了哲学重心从抽象理念向经验个体的转向。'}, {'topic_id': 6, 'topic_name': '实体的成因：“四因说”与世界模型', 'core_concept': '亚里士多德用“质料因、形式因、动力因、目的因”来全面解释实体生成的原因，并构建了一个从“纯质料”到“纯形式”（不动的推动者/神）的、层级式的世界模型。', 'zero_to_hero_logic': '知道了实体“是什么”，接下来自然要问它“为什么”是这样。亚里士多德系统地总结了前人的思想，提出“四因说”作为万能分析框架。进而，他将质料与形式的关系动态化、相对化，描绘出一个万物皆趋向更高形式的、有目的的宇宙图景，综合了柏拉图的“形式”与德谟克利特的“质料”。'}, {'topic_id': 7, 'topic_name': '生成与运动：从“潜能”到“现实”', 'core_concept': '亚里士多德用“潜能与现实”理论来解释实体是如何生成的，将运动定义为“潜能的现实化”，从而以一种有机的、目的论的方式超越了机械的运动观。', 'zero_to_hero_logic': '原因（四因）如何导致结果（实体）？这涉及到变化和生成的过程。亚里士多德引入“潜能”与“现实”这对核心范畴，把万物的生灭变化理解为一个内在目的驱动的、自我实现的生长过程。这不仅解释了运动，也将其哲学导向了一种深刻的有机论和目的论世界观，达到了古希腊辩证思维的高峰。'}]
2026-04-17 16:57:35,007 - SophiaLogger - [INFO] - ==================================================
2026-04-17 16:57:35,007 - SophiaLogger - [INFO] - 触发 RAG 组件懒加载...
2026-04-17 16:57:35,007 - SophiaLogger - [INFO] - 正在初始化文本切割器...
2026-04-17 16:57:35,007 - SophiaLogger - [INFO] - 正在初始化embedding模型...（初次运行需下载模型，可能较慢）
2026-04-17 16:57:49,779 - SophiaLogger - [INFO] - 正在加载现有向量数据库...
2026-04-17 16:58:03,872 - SophiaLogger - [INFO] - 
正在生成关于 '从“追问事物本身”到“理念”的诞生' 的播客大纲... (第 1 次尝试)
2026-04-17 16:58:03,887 - SophiaLogger - [INFO] - 
正在生成关于 '知识从何而来？——先验的“回忆说”' 的播客大纲... (第 1 次尝试)
2026-04-17 16:58:05,309 - SophiaLogger - [INFO] - 
正在生成关于 '世界的层级与“善”的理念' 的播客大纲... (第 1 次尝试)
2026-04-17 16:58:05,324 - SophiaLogger - [INFO] - 
正在生成关于 '生成与运动：从“潜能”到“现实”' 的播客大纲... (第 1 次尝试)
2026-04-17 16:58:05,582 - SophiaLogger - [INFO] - 
正在生成关于 '理念世界与感性世界：分有与摹仿' 的播客大纲... (第 1 次尝试)
2026-04-17 16:58:05,600 - SophiaLogger - [INFO] - 
正在生成关于 '从批判到综合：亚里士多德对“实体”的重新奠基' 的播客大纲... (第 1 次尝试)
2026-04-17 16:58:05,604 - SophiaLogger - [INFO] - 
正在生成关于 '实体的成因：“四因说”与世界模型' 的播客大纲... (第 1 次尝试)
2026-04-17 16:58:56,843 - SophiaLogger - [ERROR] - JSON 解析失败，原始内容: ```json
{
    "topic_name": "从‘追问事物本身’到‘理念’的诞生",
    "stages": [
        {
            "stage_id": 1,
            "stage_name": "从日常困惑到哲学追问",
            "bullets": [
                {
                    "bullet_id": 1,
                    "intent": "从听众熟悉的日常困惑入手，比如‘什么是真正的美？’或‘怎样才算一个好人？’，建立‘追问事物本质’的直觉。",
                    "guidance": "用具体、生动的例子（如评价一幅画、一个人）来展现我们本能地会去寻找一个‘标准’或‘定义’。",
                    "transition_hint": "指出这种日常的追问，正是哲学思考的起点，并引出苏格拉底正是把这种追问变成了一种系统方法的人。"
                },
                {
                    "bullet_id": 2,
                    "intent": "介绍苏格拉底的核心方法：通过对话和追问，寻求关于事物‘本身’的普遍定义（如‘美德本身’、‘正义本身’）。",
                    "guidance": "可以简述苏格拉底式对话的典型过程（不断提问、归谬、修正），强调其目标是找到超越具体事例的‘一般定义’。",
                    "transition_hint": "点明苏格拉底方法的范围——他主要关注道德领域（善、美、正义），并提出疑问：这种方法能用来理解整个世界吗？"
                }
            ]
        },
        {
            "stage_id": 2,
            "stage_name": "柏拉图的飞跃：从道德到世界",
            "bullets": [
                {
                    "bullet_id": 1,
                    "intent": "阐述柏拉图对苏格拉底方法的第一个重大发展：将追问‘事物本身’从道德领域扩展到自然界和万事万物。",
                    "guidance": "对比说明：苏格拉底问‘美本身’，柏拉图则问‘桌子本身’、‘马本身’、‘圆本身’。强调这是一种思维上的普遍化。",
                    "transition_hint": "提出新问题：如果万事万物都有其‘本身’，那么这个‘本身’到底是什么？它存在于哪里？"
                },
                {
                    "bullet_id": 2,
                    "intent": "引出柏拉图对‘事物本身’的实体化理解：它不再是抽象概念，而是一种客观存在的实体，即‘理念’。",
                    "guidance": "用‘木匠造桌子’的比喻（来自参考内容）来过渡：木匠头脑中的‘桌子蓝图’是具体桌子的原因。柏拉图则把这个‘蓝图’独立出来。",
                    "transition_hint": "自然过渡到对‘理念’作为独立实体的详细探讨，并思考它与具体事物的关系。"
                }
            ]
        },
        {
            "stage_id": 3,
            "stage_name": '理念'作为客观实体",
            "bullets": [
                {
                    "bullet_id": 1,
                    "intent": "深入解释柏拉图的‘理念’：它是独立于具体事物和人的思想而存在的客观实体，是事物存在的根据和原型。",
                    "guidance": "引用柏拉图的原话（如参考内容中‘美本身’的表述），并强调‘理念’的客观性、永恒性和完美性。",
                    "transition_hint": "既然理念是独立的、完美的原型，那么不完美的、变化的具体事物是如何与它产生联系的呢？"
                },
                {
                    "bullet_id": 2,
                    "intent": "解释具体事物与理念的关系：通过‘分有’或‘摹仿’理念而获得其存在和性质（如一张桌子分有了‘桌子’的理念）。",
                    "guidance": "用‘结果不能大于原因’的推理原则（参考内容中提到）来支持这一观点：具体事物作为结果，其‘存在性’来源于作为原因的理念。",
                    "transition_hint": "总结这种关系，并指出它带来的一个根本性转变：世界被划分为两个层次——理念世界（真实、永恒）和现象世界（摹本、流变）。"
                }
            ]
        },
        {
            "stage_id": 4,
            "stage_name": "哲学意义的收束与遗留问题",
            "bullets": [
                {
                    "bullet_id": 1,
                    "intent": "总结柏拉图理念论的哲学意义：它是对苏格拉底‘追问本质’方法的系统化和本体论化，奠定了形而上学实在论的基石。",
                    "guidance": "点明柏拉图如何回应了智者派的相对主义，为知识（关于理念）和意见（关于现象）的区分奠定了基础。",
                    "transition_hint": "在肯定其巨大影响的同时，提出一个根本性质疑：这种将理念与具体事物完全割裂开来的做法，真的能令人信服地解释我们生活的这个世界吗？"
                },
                {
                    "bullet_id": 2,
                    "intent": "引出下一阶段的核心问题：理念世界与现象世界如何沟通？‘分有’或‘摹仿’的具体机制是什么？这为后续哲学（包括亚里士多德的批判）埋下伏笔。",
                    "guidance": "可以略带幽默地提问：那个完美的‘床的理念’，和我家里这张会吱呀作响的床，到底是怎么‘联系’上的？这难道不是哲学需要回答的吗？",
                    "transition_hint": "自然地将话题导向对理念论内部困难的思考，为介绍亚里士多德等人的发展做铺垫。"
                }
            ]
        }
    ]
}
```
2026-04-17 16:58:56,843 - SophiaLogger - [WARNING] - 解析失败，准备重试...
2026-04-17 16:58:58,855 - SophiaLogger - [INFO] - 
正在生成关于 '从“追问事物本身”到“理念”的诞生' 的播客大纲... (第 2 次尝试)
2026-04-17 16:58:59,684 - SophiaLogger - [INFO] - 成功生成 '知识从何而来？——先验的“回忆说”' 的大纲！
2026-04-17 16:59:01,634 - SophiaLogger - [INFO] - 成功生成 '世界的层级与“善”的理念' 的大纲！
2026-04-17 16:59:02,320 - SophiaLogger - [INFO] - 成功生成 '实体的成因：“四因说”与世界模型' 的大纲！
2026-04-17 16:59:02,685 - SophiaLogger - [INFO] - 成功生成 '从批判到综合：亚里士多德对“实体”的重新奠基' 的大纲！
2026-04-17 16:59:03,052 - SophiaLogger - [INFO] - 成功生成 '生成与运动：从“潜能”到“现实”' 的大纲！
2026-04-17 16:59:06,511 - SophiaLogger - [INFO] - 成功生成 '理念世界与感性世界：分有与摹仿' 的大纲！
2026-04-17 16:59:54,788 - SophiaLogger - [INFO] - 成功生成 '从“追问事物本身”到“理念”的诞生' 的大纲！
2026-04-17 16:59:54,788 - SophiaLogger - [INFO] - 

所有粗课题的播客大纲设计完成！
2026-04-17 16:59:54,788 - SophiaLogger - [INFO] - [{'topic_name': '从‘追问事物本身’到‘理念’的诞生', 'stages': [{'stage_id': 1, 'stage_name': '从日常困惑到哲学追问', 'bullets': [{'bullet_id': 1, 'intent': '从听众熟悉的日常困惑入手，比如‘什么是真正的美？’或‘怎样才算一个好人？’，建立‘追问事物本质’的直觉。', 'guidance': '使用具体、生动的例子（如评价一幅画、一个人），让听众感受到‘定义’在日常判断中的重要性。', 'transition_hint': '从这种日常的‘定义’困惑，自然引出苏格拉底如何将这种追问系统化、哲学化。'}, {'bullet_id': 2, 'intent': '介绍苏格拉底的核心方法：通过对话和归纳，追问美德、正义等道德范畴的‘本身’或普遍定义。', 'guidance': '强调苏格拉底不是给出答案，而是通过不断提问揭示对方定义的矛盾，从而逼近‘本身’。可以类比‘剥洋葱’，一层层去掉不准确的描述。', 'transition_hint': '点明苏格拉底方法的伟大与局限：他追问的‘本身’仅限于道德领域，且似乎只存在于思想中。这为柏拉图的扩展埋下伏笔。'}]}, {'stage_id': 2, 'stage_name': '柏拉图的飞跃：从道德到整个世界', 'bullets': [{'bullet_id': 1, 'intent': '阐述柏拉图对老师苏格拉底的第一个重大发展：将追问‘本身’的范围，从道德领域扩展到自然界和万事万物。', 'guidance': '进行对比：苏格拉底问‘善本身’、‘美本身’；柏拉图则问‘桌子本身’、‘马本身’、‘圆本身’。强调这是一种哲学视野的根本性拓宽。', 'transition_hint': '既然万事万物都有‘本身’，那么这些‘本身’到底是什么？它们存在于哪里？这引出了柏拉图最核心的创造。'}, {'bullet_id': 2, 'intent': '提出柏拉图的核心创见：‘理念’作为独立于具体事物的客观实体，是事物存在的根据。', 'guidance': '用‘木匠造桌子’的比喻来解释：木匠心中先有‘桌子的理念’，才能造出具体的桌子。然后进行关键跳跃：柏拉图认为，即使没有木匠，这个‘桌子的理念’也客观存在。', 'transition_hint': '这个观点听起来很奇特。为什么柏拉图要赋予‘理念’如此独立的地位？这背后有什么深刻的哲学理由？'}]}, {'stage_id': 3, 'stage_name': '理念论的深层逻辑与意义', 'bullets': [{'bullet_id': 1, 'intent': '解释柏拉图理念论的深层推理原则：‘结果不能大于原因’。具体事物是变动不居、不完美的‘结果’，因此需要一个完美、永恒、不变的‘原因’，即理念。', 'guidance': '举例：我们看到的美丽花朵会凋谢，不完美，所以它‘分有’了一个永恒完美的‘美本身’（美的理念）。没有这个完美的理念作为原因，就无法解释为何不完美的事物能让我们想到完美。', 'transition_hint': '这样一来，理念世界（完美、永恒、可知）和现象世界（不完美、流变、可感）就被截然分开了。这带来了什么哲学后果？'}, {'bullet_id': 2, 'intent': '阐明理念论带来的根本性对立：真理（对理念的认识）与意见（对现象的感觉）的对立，以及由此奠定的形而上学实在论（或客观唯心主义）基石。', 'guidance': '对比说明：认识一张具体的桌子（意见） vs 认识‘桌子本身’的理念（真理）。强调柏拉图认为后者才是真正的知识，是哲学追求的目标。', 'transition_hint': '柏拉图通过‘理念’，不仅回答了‘事物是什么’，更构建了一个解释整个世界存在与认识的宏大体系。那么，这个体系完美吗？它有没有内在的问题？'}]}, {'stage_id': 4, 'stage_name': '收束、评价与引出新问题', 'bullets': [{'bullet_id': 1, 'intent': '总结柏拉图如何继承并决定性发展了苏格拉底：将主观的道德追问，转变为客观的、涵盖万物的形而上学体系，用‘理念’为世界奠定了理性根基。', 'guidance': '用一条清晰的逻辑线回顾：日常追问 -> 苏格拉底的道德定义 -> 柏拉图的普遍化与客观化 -> 理念世界的建立。', 'transition_hint': '然而，把理念说得如此高高在上、完全独立，也带来了巨大的难题。具体事物和理念到底怎么发生关系？‘分有’和‘摹仿’说得清吗？'}, {'bullet_id': 2, 'intent': '提出理念论面临的经典困境，为下一讲（如亚里士多德的批判）做铺垫。', 'guidance': '可以幽默地提问：如果‘床的理念’是完美的，那‘破床的理念’存在吗？‘垃圾的理念’呢？这暴露出理念世界可能无限膨胀的逻辑问题。', 'transition_hint': '这些难题，将由一位既热爱老师，又敢于批判老师的天才学生——亚里士多德来面对和尝试解决。他的哲学，将从质疑‘理念’的独立性开始。'}]}]}, {'topic_name': '理念世界与感性世界：分有与摹仿', 'stages': [{'stage_id': 1, 'stage_name': '从日常困惑到哲学问题', 'bullets': [{'bullet_id': 1, 'intent': '从听众熟悉的日常经验出发，引出‘不完美’与‘完美概念’之间的张力。', 'guidance': '用具体例子（如：我们见过各种有缺陷的桌子，但都叫它‘桌子’）建立代入感，引发听众对‘桌子本身是什么’的初步好奇。', 'transition_hint': '从‘我们如何识别不完美事物’的疑问，自然过渡到追问‘那个完美的标准或原型从何而来’？'}, {'bullet_id': 2, 'intent': '明确提出柏拉图理念论的核心问题：具体事物与完美‘理念’之间是什么关系？', 'guidance': '将听众的直觉困惑（为何不完美的东西共享一个完美概念）明确化为一个哲学问题，强调这是柏拉图试图解答的。', 'transition_hint': '既然理念更完美，而事物有缺陷，那么前者如何‘产生’后者？这需要一种解释机制。'}]}, {'stage_id': 2, 'stage_name': '引入核心解释机制：‘分有’与‘摹仿’', 'bullets': [{'bullet_id': 1, 'intent': '解释‘分有说’：具体事物通过‘分有’理念而获得其存在和属性（如美的事物分有‘美本身’）。', 'guidance': '用‘分享’或‘参与’的类比帮助理解‘分有’，强调这是一种因果关系（理念是因，事物是果）。', 'transition_hint': '但‘分有’听起来有点抽象，柏拉图还有另一个更形象的比喻来解释这种关系。'}, {'bullet_id': 2, 'intent': '解释‘摹仿说’：具体事物是对理念的不完美摹仿，如同摹本对原本的关系。', 'guidance': '使用艺术摹仿（如临摹名画）或工匠造物（木匠按心中理念打造桌子）的例子，让‘摹仿’概念变得直观。', 'transition_hint': '无论是‘分有’还是‘摹仿’，都指向同一个核心：理念是完美的原本，事物是有缺陷的摹本。这自然引出一个问题：为什么理念必须是原因？'}]}, {'stage_id': 3, 'stage_name': '深化：为何理念必须是原因？两个世界的等级', 'bullets': [{'bullet_id': 1, 'intent': '阐述‘结果不能大于原因’的推理原则，论证完美的理念必须是（不完美）具体事物的原因。', 'guidance': '用逻辑推理的方式说明：有缺陷的结果（具体桌子）不可能产生完美的原因（桌子理念），只能是相反。', 'transition_hint': '这一原则巩固了理念世界的优先性和真实性，从而确立了‘两个世界’的模型。'}, {'bullet_id': 2, 'intent': '明确构建‘理念世界’（真实、完美、永恒）与‘感性世界’（虚幻、有缺陷、流变）的等级对立模型。', 'guidance': '对比两个世界的特性，强调理念世界是感性世界的‘原型’和‘蓝本’，感性世界依赖理念世界而存在。', 'transition_hint': '既然理念世界是更真实、更高级的世界，那么它内部是否也有结构呢？'}]}, {'stage_id': 4, 'stage_name': '理念世界的内部结构与动力', 'bullets': [{'bullet_id': 1, 'intent': '简要介绍理念世界内部的等级秩序（从自然物理念到‘善’的理念），说明理念不仅是形式，也是目的和动力。', 'guidance': '不必详述所有六个等级，重点说明理念世界是一个有高低之分的、以‘善’为顶端的系统。强调较低级理念趋向较高级理念。', 'transition_hint': '这样，整个宇宙（两个世界）就构成了一个所有事物都趋向其完美理念（最终趋向‘善’）的、井然有序的目的论体系。'}, {'bullet_id': 2, 'intent': '总结‘分有’与‘摹仿’说如何共同构建了一个完整的、解释万物存在与运动的形而上学体系。', 'guidance': '回顾核心：理念（形式、目的、动力）通过‘分有/摹仿’机制，赋予原始‘物质’以形式，从而产生感性事物并推动其趋向完美。', 'transition_hint': '柏拉图的这个体系非常宏大，但它真的无懈可击吗？一个最直接的挑战就是：理念世界本身是如何存在的？'}]}, {'stage_id': 5, 'stage_name': '收束、评价与引出新问题', 'bullets': [{'bullet_id': 1, 'intent': '点明柏拉图理念论的核心立场：将抽象概念（理念）视为最真实的实体，奠定了西方唯心主义哲学的重要传统。', 'guidance': '联系其深远影响（如对基督教创世观的影响），帮助听众理解其历史地位。', 'transition_hint': '然而，这个把‘理念’当作独立实体的做法，也留下了巨大的疑问。'}, {'bullet_id': 2, 'intent': '提出对理念论的关键性质疑（作为收束和引出下一问题的桥梁）：理念是独立存在的，但无数个理念之间是什么关系？它们需要一个更高的统一原则吗？', 'guidance': '从体系内部逻辑出发提问：如果每个事物都有对应的理念，理念世界会不会过于庞杂？如何保证其统一性？', 'transition_hint': '这个问题，将由柏拉图最杰出的学生——亚里士多德——以一种全新的方式来处理和回答。'}]}]}, {'topic_name': '世界的层级与‘善’的理念', 'stages': [{'stage_id': 1, 'stage_name': '从‘多’的困惑到‘序’的需求', 'bullets': [{'bullet_id': 1, 'intent': '从‘万事万物都有理念’这个听众已知的前提出发，引出理念世界可能‘杂乱无章’的直观困惑。', 'guidance': '用生活化的类比，比如‘如果每个东西都有个完美的模板，那这些模板堆在一起岂不是个巨大的、没有分类的仓库？’，让听众感受到问题。', 'transition_hint': '提出核心疑问：柏拉图如何让这个‘理念仓库’变得井然有序？这自然引出对理念世界进行‘组织’和‘排序’的必要性。'}, {'bullet_id': 2, 'intent': '初步介绍柏拉图对理念世界进行‘分层’或‘分级’的基本构想，强调这是一种系统化的努力。', 'guidance': '可以比喻为‘给理念世界画一张组织结构图’或‘建立一个金字塔’，让抽象概念变得形象。', 'transition_hint': '既然要排序，那标准是什么？谁来决定哪个理念更高？这为引入最高理念——‘善’——埋下伏笔。'}]}, {'stage_id': 2, 'stage_name': '理念世界的‘金字塔’：六个层级', 'bullets': [{'bullet_id': 1, 'intent': '具体介绍柏拉图理念世界的六个等级，从最低的自然物理念到最高的‘善’的理念。', 'guidance': '按顺序列举并简要解释每一级（如自然物、人造物、数理理念、哲学范畴、道德审美理念、善），用具体例子（如‘桌子’理念在第二级，‘美’理念在第五级）帮助听众理解。', 'transition_hint': '解释这种排列并非随意，而是体现了从具体、个别到抽象、普遍的上升过程。'}, {'bullet_id': 2, 'intent': '揭示层级间的动态关系：较低的理念以较高的理念为‘目的’和‘动力’。', 'guidance': '用‘追求’或‘趋向’来解释。例如：一张具体的桌子（感性事物）追求成为完美的‘桌子’理念；而‘桌子’理念本身，又可能以更抽象的‘有用性’或‘形式美’（更高级理念）为目的。', 'transition_hint': '既然所有理念都在向上追求，那么金字塔的塔尖，那个最高的‘善’的理念，就成为了整个体系最终指向的目标。'}]}, {'stage_id': 3, 'stage_name': '塔尖的光芒：‘善’的理念作为终极统帅', 'bullets': [{'bullet_id': 1, 'intent': '深入阐述‘善’的理念的独特地位：它不仅是最高理念，更是整个理念世界和感性世界的‘终极目的’与‘根本动力’。', 'guidance': '使用柏拉图的著名比喻：将‘善’的理念比作‘太阳’。正如太阳使万物可见并滋养生命，‘善’的理念使所有理念可以被理解（是真理之源），并赋予万物存在的价值和目的（是价值之源）。', 'transition_hint': '强调‘善’在这里不仅是道德概念，更是本体论和认识论的最高原则。'}, {'bullet_id': 2, 'intent': '解释‘善’的理念如何赋予整个宇宙模型以秩序和意义，将分散的理念和事物整合成一个有方向的、活生生的整体。', 'guidance': '描绘一幅图景：万物（从石头到人）和所有理念，都像被磁铁吸引一样，趋向于‘善’。这‘善’就是宇宙运行的最终理由和内在引力。', 'transition_hint': '这样，柏拉图就构建了一个从原始物质（非存在）到‘善’的理念（最高存在）的、具有不同实在性程度的连续世界模型。'}]}, {'stage_id': 4, 'stage_name': '总结与追问：理念论的世界图景及其影响', 'bullets': [{'bullet_id': 1, 'intent': '收束全篇，总结柏拉图如何通过理念的层级和‘善’的理念，构建了一个严密、有序且充满目的论色彩的世界体系。', 'guidance': '回顾关键点：理念的多→需要排序→建立六个层级→‘善’作为塔尖和统帅→整个宇宙趋向于‘善’。强调这是理性对世界秩序的一次宏大建构。', 'transition_hint': '指出这种将最高价值（善）置于存在顶端的思路，深刻影响了后来的哲学与神学。'}, {'bullet_id': 2, 'intent': '引出新的哲学问题：这个完美的、静止的理念世界，如何与变动不居的感性世界发生具体的联系？理念是‘原因’，但它如何‘推动’事物？', 'guidance': '提出疑问：如果‘善’是动力，那这种动力是像物理推力，还是像一种‘吸引力’或‘召唤’？这涉及到柏拉图哲学中一个更微妙也更具争议的环节。', 'transition_hint': '自然过渡到对柏拉图哲学中‘分有’、‘摹仿’机制更深入的探讨，或者引出其学生亚里士多德对此问题的不同解决方案。'}]}]}, {'topic_name': '知识从何而来？——先验的‘回忆说’', 'stages': [{'stage_id': 1, 'stage_name': '从常识到困惑：我们真的‘学会’了什么吗？', 'bullets': [{'bullet_id': 1, 'intent': '从日常学习经验（如学数学、认人）出发，建立‘知识来自外部学习’的直觉印象', 'guidance': '用具体、生动的例子（如第一次学‘三角形’概念，或通过照片认识一个从未谋面的人）来引发听众共鸣', 'transition_hint': '在认同这种常识后，话锋一转，提出一个颠覆性的疑问：有没有一种知识，感觉不是‘学来’的，而是‘本来就知道’的？'}, {'bullet_id': 2, 'intent': '引入柏拉图面临的哲学困境：如果最真实的是看不见的理念，我们如何能认识它？', 'guidance': '简要回顾上一期理念论的核心（理念世界更真实），然后自然引出认识论难题：我们生活在感官世界，如何‘够到’理念世界？这就像困在洞里的人如何知道洞外有太阳', 'transition_hint': '由此引出柏拉图必须给出一个解释，而这个解释将非常反常识'}]}, {'stage_id': 2, 'stage_name': '灵魂的‘回忆’：一个反常识的答案', 'bullets': [{'bullet_id': 1, 'intent': '正面阐述柏拉图的‘回忆说’核心主张：真知（关于理念的知识）是灵魂先天固有的，学习即是回忆', 'guidance': '用清晰、肯定的语气陈述这个观点，强调其‘先于经验’（先验）的本质。可以类比：就像电脑出厂时预装了操作系统，后天经验只是激活了它', 'transition_hint': '听众肯定会觉得这太奇怪了，立刻回应这个疑惑：如果知识是固有的，那感觉经验有什么用？我们明明是通过看、听、摸来学习的啊'}, {'bullet_id': 2, 'intent': '澄清感觉经验在‘回忆说’中的角色：是刺激回忆的‘触媒’或‘机缘’，而非知识的来源', 'guidance': '使用柏拉图‘亡友的七弦琴’的例子：琴不是知识的来源，而是触发对已有记忆（亡友）回忆的媒介。强调感觉经验是‘引子’，不是‘内容’', 'transition_hint': '进一步区分：那么，通过感觉获得的关于具体事物的知识（意见）和通过回忆获得的关于理念的知识（真理），是一回事吗？'}]}, {'stage_id': 3, 'stage_name': '‘洞喻’：认识如何从影子上升到太阳', 'bullets': [{'bullet_id': 1, 'guidance': '生动地讲述‘洞喻’的故事，描绘囚犯从看影子到看见木偶，再到走出洞穴看见实物，最后直视太阳的整个过程。重点放在‘转身’、‘回头’、‘上升’这些动作的象征意义上', 'intent': '通过‘洞喻’这个形象比喻，具体化‘回忆’不是一个瞬间，而是一个艰难的、逐步上升的认识过程', 'transition_hint': '解释这个比喻：影子对应什么？木偶对应什么？太阳又对应什么？这个过程说明了认识的哪些阶段？'}, {'bullet_id': 2, 'intent': '将‘洞喻’与‘回忆说’及理念论联系起来，说明认识的上升就是灵魂不断‘回忆’更高层级理念的过程', 'guidance': '点明：囚犯的每一次‘回头’和‘上升’，都象征着灵魂摆脱感官束缚，回忆起更真实、更根本的理念。最终目标是回忆起‘善’的理念（太阳）', 'transition_hint': '总结‘回忆说’的核心：知识不是从无到有的灌输，而是从潜在到现实的唤醒。灵魂具有能动性'}]}, {'stage_id': 4, 'stage_name': '收束、对比与新的疑问', 'bullets': [{'bullet_id': 1, 'intent': '总结柏拉图‘回忆说’的完整图景：先验的、灵魂固有的理念知识，通过感觉经验触发，在一个像‘洞喻’所示的上升过程中被逐步回忆起来', 'guidance': '清晰回顾几个关键点：知识的来源（灵魂先天）、经验的作用（触媒）、认识的过程（上升/回忆）、目标（‘善’的理念）', 'transition_hint': '将柏拉图的‘先验回忆说’与更符合我们常识的唯物主义‘反映论’（知识来自对外部世界的反映）进行简要对比，突出其独特性'}, {'bullet_id': 2, 'intent': '提出一个根本性的后续问题，为下一话题做铺垫：如果知识是回忆，那灵魂在进入身体之前，是在哪里‘看到’这些理念的呢？', 'guidance': '自然地从这个理论内部引出逻辑追问。这既是对‘回忆说’的深化质疑，也巧妙地过渡到可能与灵魂不朽、理念世界结构相关的下一个哲学课题', 'transition_hint': '用开放式的疑问结束，激发听众思考：这个关于知识来源的惊人答案，是否真的解决了所有问题？还是引出了更深的谜团？'}]}]}, {'topic_name': '从批判到综合：亚里士多德对‘实体’的重新奠基', 'stages': [{'stage_id': 1, 'stage_name': '从‘完美’体系的困惑出发', 'bullets': [{'bullet_id': 1, 'intent': '引入柏拉图理念论看似完美的解释框架，即用抽象理念（如‘人’的理念）来解释具体事物（如苏格拉底）', 'guidance': '用‘理念世界’与‘现实世界’的对比，让听众感受柏拉图体系的宏大与清晰，强调其‘眼见为虚，思想为实’的特点', 'transition_hint': '提出一个直觉上的困惑：这个完美的抽象体系，真的能解释我们每天触摸、交谈的活生生的‘这一个’人吗？'}, {'bullet_id': 2, 'intent': '点明亚里士多德的核心质疑：理念论在解释具体事物时，是否反而‘弄巧成拙’，让解释变得更复杂、更远离经验', 'guidance': '可以举例：为了解释‘苏格拉底’，我们需要先引入‘人’的理念，再解释‘分有’或‘摹仿’，这个过程是否绕了远路？', 'transition_hint': '引出亚里士多德的根本转向：哲学或许应该直接从我们经验中实实在在的个别事物开始，而不是从抽象理念开始'}]}, {'stage_id': 2, 'stage_name': '转向经验：寻找新的起点', 'bullets': [{'bullet_id': 1, 'intent': '阐述亚里士多德哲学的新起点：从感觉经验中的个别事物（如‘苏格拉底’、‘这匹马’）出发', 'guidance': '强调这是与柏拉图‘从抽象思维出发’的根本不同。可以对比：一个是从‘人’的理念推演到苏格拉底，另一个是从‘苏格拉底’这个经验对象开始研究', 'transition_hint': '那么，如何从哲学上严谨地界定这个作为起点的‘个别事物’呢？这需要一个新的、逻辑严密的定义'}, {'bullet_id': 2, 'intent': '引入亚里士多德对‘实体’的经典逻辑定义：‘不述说一个主体’且‘不依存于一个主体’', 'guidance': '用通俗例子解释这两个‘不’：比如‘白色’可以述说‘粉笔’（粉笔是白色的），也依存于粉笔而存在；但‘苏格拉底’这个实体，不述说别的什么，也不依存于别的什么而独立存在', 'transition_hint': '这个定义精准地抓住了‘这一个’独立存在的特性，但实体还有哪些更丰富的特点，能让我们更深入地理解它？'}]}, {'stage_id': 3, 'stage_name': '深化理解：‘实体’的四个特点', 'bullets': [{'bullet_id': 1, 'intent': '解释实体的第一个核心特点：它是‘这一个’，即具体的、不可再分的个别事物', 'guidance': '对比柏拉图的‘理念’：理念是普遍的（如‘人’），而实体是特殊的（如‘苏格拉底’）', 'transition_hint': '除了是个别事物，实体与属性还有什么根本区别？'}, {'bullet_id': 2, 'intent': '阐述实体的其他三个特点，进一步巩固其作为‘独立实在的个别事物’的概念：无相反者、无程度差别、是变中之不变', 'guidance': '举例说明：1. 属性‘大’有相反者‘小’，但实体‘苏格拉底’没有相反者。2. 属性‘高’有程度差别，但实体‘张三’和‘李四’作为‘人’没有谁‘更是一个人’的差别。3. 苏格拉底从年轻到年老（属性变化），但承载这些变化的实体‘苏格拉底’本身不变', 'transition_hint': '理解了实体作为经验世界稳固的基点，那么，亚里士多德如何用这个新基点，去综合和超越前人的思想（如德谟克利特的原子和柏拉图的理念）？'}]}, {'stage_id': 4, 'stage_name': '综合与奠基：新哲学的蓝图', 'bullets': [{'bullet_id': 1, 'intent': '总结亚里士多德的成就：他以‘实体’（经验的个别事物）为基石，重新奠基了哲学', 'guidance': '点明这实现了哲学重心从柏拉图的抽象理念世界，向经验个体世界的根本性转向', 'transition_hint': '但这仅仅是起点。亚里士多德建立的这个以‘实体’为核心的庞大体系，就像一个‘思想的蓄水池’，它如何容纳并转化前人的思想？'}, {'bullet_id': 2, 'intent': '简要揭示亚里士多德哲学的综合性：他将德谟克利特的‘质料’（原子）和柏拉图的‘形式’（理念）都吸收进来，视为构成实体的不同方面（形式与质料），但强调形式是更根本的实体', 'guidance': '用比喻说明：他的实体哲学像一个更大的框架，既承认原子论的物质基础，也承认理念论的形式规定，但把它们都统摄在对个别事物的解释中', 'transition_hint': '这个综合性的体系，为后世哲学既留下了唯物主义的可能性（强调第一实体），也留下了唯心主义的可能性（强调形式是更根本的实体）。那么，这个体系内部最核心的‘形式’与‘质料’关系，以及实体如何‘运动’和‘变化’，就成了接下来必须追问的问题'}]}]}, {'topic_name': '实体的成因：‘四因说’与世界模型', 'stages': [{'stage_id': 1, 'stage_name': '从‘是什么’到‘为什么’：问题的自然浮现', 'bullets': [{'bullet_id': 1, 'intent': '回顾上一话题（实体‘是什么’），引出对实体‘为什么’会存在的深层追问。', 'guidance': '用日常例子类比，比如知道‘这是一把椅子’（是什么）后，自然会好奇‘它为什么是椅子？谁做的？用什么做的？为了什么？’', 'transition_hint': '将这种日常追问，提升到哲学层面，引出亚里士多德试图系统回答‘实体成因’的雄心。'}, {'bullet_id': 2, 'intent': '引入亚里士多德‘四因说’作为回答‘为什么’的万能分析框架，并概述其来源是对前人思想的总结。', 'guidance': '简要提及前人的贡献（如米利都学派的质料、毕达哥拉斯的形式、苏格拉底的目的），强调亚里士多德的综合与系统化。', 'transition_hint': '用一个具体、直观的例子（如建造房子）来初步解释四因，让听众建立初步印象。'}]}, {'stage_id': 2, 'stage_name': '解剖‘四因’：以人造物为例的直观理解', 'bullets': [{'bullet_id': 1, 'intent': '通过人造物（如房子、雕像）的例子，详细拆解质料因、形式因、动力因、目的因各自指什么。', 'guidance': '用‘苏格拉底铜像’或‘房子’的例子，逐一对应解释：铜/砖瓦（质料因）、苏格拉底的样子/设计图（形式因）、工匠（动力因）、纪念/居住（目的因）。', 'transition_hint': '在听众理解四因区分的基础上，提出疑问：对于自然物（如一棵树、一个人），这四因也能如此清晰区分吗？'}, {'bullet_id': 2, 'intent': '揭示在自然物中，形式因、动力因、目的因趋向于统一，从而将‘四因’简化为‘质料’与‘形式’这对核心关系。', 'guidance': '以橡树种子长成橡树为例：种子是质料，长成的橡树是形式，同时这棵‘未来的橡树’也是种子生长的动力和目的。强调‘形式’成为能动性的来源。', 'transition_hint': '点明这个简化的重要性：它让亚里士多德得以用‘质料-形式’这对关系，去动态地理解整个世界。'}]}, {'stage_id': 3, 'stage_name': '动态的宇宙：从‘质料-形式’到层级世界模型', 'bullets': [{'bullet_id': 1, 'intent': '解释质料与形式的相对性：任何事物既是低一级事物的形式，又是高一级事物的质料。', 'guidance': '用‘泥巴→砖头→房屋→街道→城市’的链条举例，说明这种层层递进、互为因果的动态关系。', 'transition_hint': '引导听众想象，如果这个链条向上和向下无限延伸，会是什么样子？从而引出两个逻辑端点。'}, {'bullet_id': 2, 'intent': '描绘亚里士多德的世界模型：底端是没有任何规定的‘纯质料’，顶端是不作为任何事物质料的‘纯形式’（不动的推动者/神），中间是无数层级的实体。', 'guidance': '强调这是一个目的论的宇宙图景：万物都内在地趋向于更高、更完善的形式。‘纯形式’作为终极目的和第一动力，吸引着万物向上运动。', 'transition_hint': '总结这个模型如何综合了柏拉图的‘形式’（作为目的和动力）与德谟克利特等人的‘质料’思想，但以形而上学（形式）为主导。'}]}, {'stage_id': 4, 'stage_name': '收束、意义与遗留问题', 'bullets': [{'bullet_id': 1, 'intent': '总结‘四因说’与世界模型的核心哲学意义：提供了一个解释实体生成与宇宙秩序的完整、目的论的框架。', 'guidance': '点明它超越了机械论，将运动理解为‘潜能的现实化’，是事物朝向其形式（目的）的内在实现过程。', 'transition_hint': '在肯定其综合性与解释力的同时，提出一个根本性质疑：这个以‘形式’为主动力、‘质料’为被动接受者的模型，是否剥夺了物质本身的能动性？'}, {'bullet_id': 2, 'intent': '引出后续的哲学史问题：这种‘形式决定论’或‘目的论’的宇宙观，对后世（尤其是中世纪神学与近代科学）产生了深远影响，但也埋下了‘精神与物质’、‘目的与机械’之争的伏笔。', 'guidance': '简要提及，这种认为物质需要外在精神（形式、上帝）推动的观点，与德谟克利特认为原子自动的观点形成鲜明对立，成为哲学史上的一个长期争论。', 'transition_hint': '自然过渡到下一个可能的课题：近代科学革命如何挑战这种目的论世界观？或者，物质是否真的没有内在的能动性？'}]}]}, {'topic_name': '生成与运动：从‘潜能’到‘现实’', 'stages': [{'stage_id': 1, 'stage_name': '从‘变化’的困惑出发', 'bullets': [{'bullet_id': 1, 'intent': '从日常观察到的‘变化’（如种子长成树、孩子长大）入手，引出‘事物如何生成’这个根本困惑。', 'guidance': '使用具体、生动的日常例子，让听众对‘变化’有直观感受，并产生‘这到底是怎么发生的？’的疑问。', 'transition_hint': '从对变化的普遍困惑，过渡到思考：这种变化需要一个解释框架，而不仅仅是描述现象。'}, {'bullet_id': 2, 'intent': '引入亚里士多德思考这个问题的背景：他需要解释‘原因’（四因）是如何导致‘结果’（实体）的，即变化的过程本身。', 'guidance': '简要回顾‘四因说’（特别是形式因与质料因），作为理解生成过程的预备知识。强调亚里士多德不满足于静态的‘原因’分析，而要追问动态的‘过程’。', 'transition_hint': '既然形式是目的和动力，那么它如何‘驱动’质料？这需要一个描述‘正在成为’状态的概念工具。'}]}, {'stage_id': 2, 'stage_name': '核心工具：‘潜能’与‘现实’的引入', 'bullets': [{'bullet_id': 1, 'intent': '解释‘潜能’与‘现实’这对范畴的基本含义：它们是同一事物在不同时间点的两种存在状态。', 'guidance': '使用橡树种子（潜能中的橡树）与橡树（现实的橡树）、受精卵（潜能中的人）与成人（现实的人）等经典例子。强调潜能‘已经内在包含’了现实的一切因素，只是尚未实现。', 'transition_hint': '理解了这对范畴，就可以重新审视‘变化’：变化不就是从潜能状态走向现实状态吗？'}, {'bullet_id': 2, 'intent': '基于这对范畴，给出亚里士多德对‘运动’（广义的，包括生成、变化）的革命性定义：‘运动是潜能的现实化’。', 'guidance': '重点解释这个定义如何将运动理解为一种‘生长’和‘实现’的过程，而不仅仅是空间上的位移。可以对比机械的‘推动’（如推箱子）与有机的‘生长’（如植物开花）。', 'transition_hint': '这个定义一下子把运动和事物的内在目的（形式）联系起来了。运动，就是事物在实现它内在目的的路上。'}]}, {'stage_id': 3, 'stage_name': '有机论与目的论世界观的浮现', 'bullets': [{'bullet_id': 1, 'intent': '阐明‘潜能现实化’理论必然导向一种有机论的运动观：运动动力来自事物内部趋向目的（形式）的冲动。', 'guidance': '对比机械论（外力推动，如恩培多克勒的‘爱’与‘恨’）与有机论（内力驱动，如种子‘想要’长成大树）。用吸铁石吸引铁钉的类比，说明吸引需要双方有内在关联（铁的磁性），而非纯粹外力。', 'transition_hint': '如果万物都这样由内在目的驱动，那么整个世界的图景就不再是一堆零件的机械组合，而像一个巨大的、有生命的有机体。'}, {'bullet_id': 2, 'intent': '揭示这种有机论运动观背后的目的论世界观：形式作为‘目的因’，在过程开始时就在终点‘召唤’并驱动事物。', 'guidance': '强调目的（未来的现实）对当下潜能状态的‘牵引’作用。这解释了为什么运动是有方向的、不可逆的（种子不会想变回种子，只会想长成树）。', 'transition_hint': '这样一来，宇宙万物就像一个阶梯，低级的现实（如质料）作为潜能，趋向于更高级的现实（形式），最终指向一个纯粹的‘现实’——不动的推动者。'}]}, {'stage_id': 4, 'stage_name': '总结与超越：辩证思维的高峰', 'bullets': [{'bullet_id': 1, 'intent': '总结亚里士多德‘潜能与现实’学说的核心成就：以动态、辩证的方式统一了存在与非存在、形式与质料、在场与不在场。', 'guidance': '点明它超越了柏拉图静态的‘分有说’（理念是现成的，事物只是模仿）和原子论者的机械‘组合说’（运动只是原子的聚散）。亚里士多德认为变化是事物自身的‘生长’和‘实现’。', 'transition_hint': '可以说，亚里士多德用这对范畴，为理解活生生的、变化的世界找到了一套极其有力的哲学语言。'}, {'bullet_id': 2, 'intent': '收束本话题，并引出潜在的后续问题：如果万物都趋向于更高的现实，那这个序列的顶端是什么？推动整个序列的终极动力和目的又是什么？', 'guidance': '将听众的思绪从具体事物的生成，引向对整个宇宙秩序和第一因的追问。这自然过渡到亚里士多德神学或‘不动的推动者’的概念。', 'transition_hint': '于是，我们对运动与生成的探索，最终把我们引向了形而上学乃至神学的边界：那个作为‘纯粹现实’的终极目的是什么？'}]}]}]
2026-04-17 16:59:54,789 - SophiaLogger - [INFO] - [异步时间测试] get_director_plan 耗时: 139.7791 秒
2026-04-17 16:59:54,791 - SophiaLogger - [INFO] - 正在并发获取所有 Topic 的参考资料...
2026-04-17 17:00:11,287 - SophiaLogger - [INFO] - 所有参考资料准备完毕，开始Topic级别并发生成对话...
2026-04-17 17:00:11,287 - SophiaLogger - [INFO] - 🚀 开始生成课题 [从“追问事物本身”到“理念”的诞生] 的脚本...
2026-04-17 17:00:11,287 - SophiaLogger - [INFO] - 🚀 开始生成课题 [理念世界与感性世界：分有与摹仿] 的脚本...
2026-04-17 17:00:11,287 - SophiaLogger - [INFO] - 🚀 开始生成课题 [世界的层级与“善”的理念] 的脚本...
2026-04-17 17:00:11,287 - SophiaLogger - [INFO] - 🚀 开始生成课题 [知识从何而来？——先验的“回忆说”] 的脚本...
2026-04-17 17:00:11,287 - SophiaLogger - [INFO] - 🚀 开始生成课题 [从批判到综合：亚里士多德对“实体”的重新奠基] 的脚本...
2026-04-17 17:00:11,287 - SophiaLogger - [INFO] - 🚀 开始生成课题 [实体的成因：“四因说”与世界模型] 的脚本...
2026-04-17 17:00:11,287 - SophiaLogger - [INFO] - 🚀 开始生成课题 [生成与运动：从“潜能”到“现实”] 的脚本...
2026-04-17 17:02:33,569 - SophiaLogger - [INFO] - ✅ 课题 [生成与运动：从“潜能”到“现实”] 脚本生成完毕！
2026-04-17 17:02:46,420 - SophiaLogger - [INFO] - ✅ 课题 [知识从何而来？——先验的“回忆说”] 脚本生成完毕！
2026-04-17 17:03:04,502 - SophiaLogger - [INFO] - ✅ 课题 [实体的成因：“四因说”与世界模型] 脚本生成完毕！
2026-04-17 17:03:04,829 - SophiaLogger - [INFO] - ✅ 课题 [从批判到综合：亚里士多德对“实体”的重新奠基] 脚本生成完毕！
2026-04-17 17:03:09,546 - SophiaLogger - [INFO] - ✅ 课题 [世界的层级与“善”的理念] 脚本生成完毕！
2026-04-17 17:03:10,236 - SophiaLogger - [INFO] - ✅ 课题 [理念世界与感性世界：分有与摹仿] 脚本生成完毕！
2026-04-17 17:03:24,585 - SophiaLogger - [INFO] - ✅ 课题 [从“追问事物本身”到“理念”的诞生] 脚本生成完毕！
2026-04-17 17:03:24,591 - SophiaLogger - [INFO] - [异步时间测试] get_script 耗时: 209.7982 秒
2026-04-17 17:03:24,591 - SophiaLogger - [INFO] - [异步时间测试] agent_speechers_node 耗时: 209.7986 秒
2026-04-17 17:03:24,672 - SophiaLogger - [ERROR] - ❌ 发生错误：TypeError: 'coroutine' object is not subscriptable
2026-04-17 17:03:24,694 - SophiaLogger - [ERROR] - 请重新输入您的问题，或检查您的网络连接和API密钥配置。
2026-04-17 17:03:24,695 - SophiaLogger - [ERROR] - 当前进度已安全保存在 checkpoints.sqlite 中, session_id = session-lecture04，修复 Bug 后重新运行即可从断点恢复！
2026-04-17 17:03:24,712 - SophiaLogger - [INFO] - [异步时间测试] run_pipeline 耗时: 401.1387 秒
2026-04-17 17:03:24,712 - SophiaLogger - [INFO] - [异步时间测试] app 耗时: 401.1443 秒
