2026-04-18 19:01:30,752 - SophiaLogger - [INFO] - 正在连接 GPT-SoVITS 本地 API...
2026-04-18 19:01:30,752 - SophiaLogger - [INFO] - >>> 1. 开始解析并切分脚本
2026-04-18 19:01:30,753 - SophiaLogger - [INFO] - ⏳ 正在进行递归式切分，输入共有 71 条 ScriptItem...
2026-04-18 19:01:30,774 - SophiaLogger - [INFO] - ✅ 解析完成，共切分为 714 个 Chunk：
2026-04-18 19:01:30,774 - SophiaLogger - [INFO] -   - [A] 好的，搭档。那我们今天就从古希腊哲学的起点开始聊起。想象一下，两千多年前的爱琴海边，一群最早的哲学家，就像人类最初的好奇宝宝，他们仰望星空，
2026-04-18 19:01:30,776 - SophiaLogger - [INFO] -   - [A] 环视大地，心里盘旋着一个最根本的问题：我们眼前这个纷繁复杂、变化万千的世界，它的**底子**到底是什么？或者说，万物最根本、最原始的那个**
2026-04-18 19:01:30,776 - SophiaLogger - [INFO] -   - [A] 东西**是什么？
2026-04-18 19:01:30,776 - SophiaLogger - [INFO] -   - [A] 于是，答案就五花八门地来了。比如米利都的泰勒斯，他观察世界，觉得水太重要了，生命离不开它，大地似乎也漂浮在水上，所以他断言：**万物的本原
2026-04-18 19:01:30,776 - SophiaLogger - [INFO] -   - [A] 是水**。一切从水中来，又复归于水。紧接着，他的学生阿那克西曼德觉得，老师说得太具体了，水怎么能解释火呢？他提出了一个更抽象的概念，叫“无定
2026-04-18 19:01:30,776 - SophiaLogger - [INFO] -   - [A] ”。再往后，赫拉克利特站出来，他看到的世界的核心是永恒的变化，就像熊熊燃烧的火焰，所以他说：**世界的本原是火**，并且留下一句名言，“人不
2026-04-18 19:01:30,776 - SophiaLogger - [INFO] -   - [A] 能两次踏进同一条河流”。
2026-04-18 19:01:30,776 - SophiaLogger - [INFO] -   - [A] 但就在大家为水、火、气这些具体的东西争论不休时，爱利亚的巴门尼德提出了一个石破天惊的观点。他说，你们都被变化的现象欺骗了。真正的“本原”不
2026-04-18 19:01:30,776 - SophiaLogger - [INFO] -   - [A] 是任何具体物，而是那个唯一、不变、不动的
2026-04-18 19:01:30,776 - SophiaLogger - [INFO] -   - [A] **“存在”** 。变化和多样性，都只是虚幻的感觉。
2026-04-18 19:01:30,776 - SophiaLogger - [INFO] -   - [A] 你看，从具体的水火，到抽象的“存在”，哲学家们各执一词，都认为自己找到了世界的终极答案。但问题就在于，**谁也说服不了谁**。你说水是本原
2026-04-18 19:01:30,776 - SophiaLogger - [INFO] -   - [A] ，我怎么解释干燥的沙漠？你说火是本原，那水怎么来的？你说有个不变的“存在”，可我明明看到花开花落、四季更迭啊。
2026-04-18 19:01:30,776 - SophiaLogger - [INFO] -   - [A] 所以，听着这些古老的争论，我有时会忍不住想：这种对遥远、抽象“本原”的追问，就像一场看不到终点的智力赛跑。它非常深刻，激发了最初的理性光芒
2026-04-18 19:01:30,776 - SophiaLogger - [INFO] -   - [A] ，但争论来争论去，似乎陷入了一种僵局。那么，这种关于世界“底子”的玄奥思辨，对于我们理解眼前这个鲜活的世界，处理我们具体的生活，真的有直接的
2026-04-18 19:01:30,776 - SophiaLogger - [INFO] -   - [A] 帮助吗？这是不是一个值得怀疑的问题呢？
2026-04-18 19:01:30,776 - SophiaLogger - [INFO] -   - [B] 你提的这个问题非常关键，它恰恰点出了古希腊哲学发展到那个阶段所面临的一个内在困境。我们可以这样看：早期哲学家们，从泰勒斯到巴门尼德，他们的目
2026-04-18 19:01:30,776 - SophiaLogger - [INFO] -   - [B] 光始终是**向上**的，或者说**向外**的，紧紧盯着那个作为万物来源和基础的“本原”。无论是水、火，还是“存在”，它们都像是隐藏在现象世界
2026-04-18 19:01:30,776 - SophiaLogger - [INFO] -   - [B] 背后的、一个终极的、统一的答案。
2026-04-18 19:01:30,776 - SophiaLogger - [INFO] -   - [B] 但正如你所说，当关于这个终极答案的学说彼此冲突，又都无法被彻底证实或证伪时，一种深刻的怀疑就产生了。这种怀疑可能不仅仅是针对某个具体的答案
2026-04-18 19:01:30,776 - SophiaLogger - [INFO] -   - [B] ，比如“水”或者“存在”，而可能是针对**这种追问方式本身**。如果那个唯一的、确定的“本原”如此遥不可及，甚至可能根本不存在，那么，我们是
2026-04-18 19:01:30,776 - SophiaLogger - [INFO] -   - [B] 否应该换一个思路？
2026-04-18 19:01:30,776 - SophiaLogger - [INFO] -   - [B] 于是，哲学史上一个重要的转折点出现了：一些思想家开始尝试**把目光从星空拉回地面**。他们不再执着于追问那个或许只有神才能把握的、关于宇宙
2026-04-18 19:01:30,776 - SophiaLogger - [INFO] -   - [B] 的终极答案，转而开始关心更切近、更实际的问题——**人本身，以及人所生活的社会**。如果世界的“底子”我们暂时搞不清楚，那么，我们能把握的、
2026-04-18 19:01:30,776 - SophiaLogger - [INFO] -   - [B] 更应该关心的，难道不是我们如何认识世界、如何定义善恶、如何在城邦中共同生活这些更紧迫的议题吗？
2026-04-18 19:01:30,776 - SophiaLogger - [INFO] -   - [B] 而接下来登场的智者派，以及我们更为熟悉的苏格拉底，正是这种“目光向下”的哲学新方向的代表。他们的出现，标志着希腊哲学的主题，发生了一次根本
2026-04-18 19:01:30,776 - SophiaLogger - [INFO] -   - [B] 性的转移。
2026-04-18 19:01:30,776 - SophiaLogger - [INFO] -   - [A] 是的，这种“目光向下”的转向，在智者派那里表现得非常鲜明，甚至可以说有点“激进”。他们的代表人物普罗泰戈拉，有一句非常著名的话，我想大家可能
2026-04-18 19:01:30,776 - SophiaLogger - [INFO] -   - [A] 都听过，就是“人是万物的尺度”。
2026-04-18 19:01:30,776 - SophiaLogger - [INFO] -   - [A] 这句话听起来很有力量，但到底是什么意思呢？我们可以想象一个非常生活化的场景：比如，同样一杯水，我觉得它温温的，很舒服；但你刚从外面跑进来，
2026-04-18 19:01:30,776 - SophiaLogger - [INFO] -   - [A] 满头大汗，可能就觉得它太凉了。再比如，一幅画，我觉得它美极了，感动得不行；你可能就觉得平平无奇，甚至有点丑。在这里，水的“冷热”，画的“美丑
2026-04-18 19:01:30,776 - SophiaLogger - [INFO] -   - [A] ”，似乎没有一个固定不变的标准，它的“尺度”就是我们每个人自己的感觉和判断。
2026-04-18 19:01:30,776 - SophiaLogger - [INFO] -   - [A] 普罗泰戈拉把这种个人的感觉和判断，提升到了一个哲学的高度。他说，人，具体来说是每个活生生的、有感觉有判断的个人，就是衡量万物“是否存在”以
2026-04-18 19:01:30,776 - SophiaLogger - [INFO] -   - [A] 及“如何存在”的标尺。事物对我来说是什么样，它就是什么样。这实际上是把哲学关注的焦点，从那个外在的、客观的“本原”或“存在”，一下子拉回到了
2026-04-18 19:01:30,776 - SophiaLogger - [INFO] -   - [A] 作为认知主体的人身上。
2026-04-18 19:01:30,776 - SophiaLogger - [INFO] -   - [A] 这无疑是对之前爱利亚学派那个“唯一、不变的存在”理论的直接挑战。巴门尼德说，有一个绝对客观、永恒不变的“存在”是世界的真相。但普罗泰戈拉说
2026-04-18 19:01:30,776 - SophiaLogger - [INFO] -   - [A] ，不，我们每个人感知到的、判断出的世界，才是我们面对的世界。真理和标准，似乎变得因人而异了。
2026-04-18 19:01:30,777 - SophiaLogger - [INFO] -   - [A] 那么，顺着这个思路，一个很自然的问题就浮现出来了：如果每个人都是自己世界的尺度，那还有没有可能，存在一个对所有人都一样的、客观的、普遍的标
2026-04-18 19:01:30,777 - SophiaLogger - [INFO] -   - [A] 准呢？社会共识、道德法律，这些又该建立在什么基础上？
2026-04-18 19:01:30,777 - SophiaLogger - [INFO] -   - [B] 你刚才这个生活化的例子举得特别好，确实把“人是万物的尺度”这个命题的冲击力给点出来了。顺着这个思路，我们就会发现，智者派的这种观点，其实蕴含
2026-04-18 19:01:30,777 - SophiaLogger - [INFO] -   - [B] 着一种非常深刻的哲学立场，那就是**相对主义**。
2026-04-18 19:01:30,777 - SophiaLogger - [INFO] -   - [B] 简单来说，相对主义认为，没有绝对的、放之四海而皆准的真理或标准。对与错、美与丑、甚至存在与不存在，都取决于具体的个人、文化或情境。就像你说
2026-04-18 19:01:30,777 - SophiaLogger - [INFO] -   - [B] 的，一杯水是冷是热，一幅画是美是丑，标准在于感知它的那个人。普罗泰戈拉把这种个体的感觉现象，当作了判断一切事物的最终依据。
2026-04-18 19:01:30,777 - SophiaLogger - [INFO] -   - [B] 那么，一旦走到这一步，一个更彻底的推论就产生了：如果所有知识都源于个人变动不居的感觉，那我们还能宣称拥有任何**确定无疑的知识**吗？这就
2026-04-18 19:01:30,777 - SophiaLogger - [INFO] -   - [B] 是从相对主义滑向**怀疑主义**的关键一步。智者派，特别是像高尔吉亚这样的代表人物，通过一系列精巧的论辩，实际上是在质疑：我们人类究竟有没有
2026-04-18 19:01:30,777 - SophiaLogger - [INFO] -   - [B] 能力认识那个所谓的“客观本质”或“真实存在”？他们的结论往往是悲观的，认为我们被困在各自的感觉世界里，所谓的“真理”可能只是说服他人的修辞，
2026-04-18 19:01:30,777 - SophiaLogger - [INFO] -   - [B] 或者是一种约定俗成的意见。
2026-04-18 19:01:30,777 - SophiaLogger - [INFO] -   - [B] 这听起来是不是有点耳熟？就像我们现代生活中常遇到的，“公说公有理，婆说婆有理”，似乎谁也说服不了谁。智者派在两千多年前，就把这种基于个体视
2026-04-18 19:01:30,777 - SophiaLogger - [INFO] -   - [B] 角的差异性和不确定性，提升到了一个哲学原则的高度。他们用这种方式，**解构**了早期自然哲学家和巴门尼德所孜孜以求的那个普遍的、统一的“本质
2026-04-18 19:01:30,777 - SophiaLogger - [INFO] -   - [B] ”或“本原”。在他们看来，追求那个“背后的东西”是徒劳的，重要的只是“呈现”在我们每个人面前的现象。
2026-04-18 19:01:30,777 - SophiaLogger - [INFO] -   - [B] 但这样一来，一个非常现实且严峻的问题就摆在了桌面上：如果一切标准和知识都是相对的、可疑的，那么**社会共同生活如何可能**？法律、道德、正
2026-04-18 19:01:30,777 - SophiaLogger - [INFO] -   - [B] 义，这些维系城邦运行的基石，岂不是都失去了客观基础，变成了纯粹的力量博弈或修辞游戏？这恰恰是苏格拉底所不能接受的，也构成了他哲学思考的起点。
2026-04-18 19:01:30,777 - SophiaLogger - [INFO] -   - [A] 是的，你刚才提到的这个困境非常关键。当智者派把“人”作为万物的尺度，并且这个“人”指的是一个个孤立的、感觉各异的个体时，整个社会赖以维系的那
2026-04-18 19:01:30,777 - SophiaLogger - [INFO] -   - [A] 些共同价值——比如正义、勇敢、虔敬——的根基，似乎就真的被动摇了。如果“正义”对你来说是一回事，对我来说是另一回事，那我们如何能在一个城邦里
2026-04-18 19:01:30,777 - SophiaLogger - [INFO] -   - [A] 共同生活呢？
2026-04-18 19:01:30,777 - SophiaLogger - [INFO] -   - [A] 所以，当苏格拉底也喊出“认识你自己”，把目光从自然转向人的时候，他其实走上了一条和智者派**看似方向一致，但目的地却截然不同**的道路。智
2026-04-18 19:01:30,777 - SophiaLogger - [INFO] -   - [A] 者派说“人是万物的尺度”，关注的是“我”此刻的感觉和意见；而苏格拉底的“认识你自己”，关注的却是“人”作为一个**类**，其内在的、普遍的*
2026-04-18 19:01:30,777 - SophiaLogger - [INFO] -   - [A] *道德本性**。
2026-04-18 19:01:30,777 - SophiaLogger - [INFO] -   - [A] 我们可以想象一下苏格拉底在雅典街头的情景。他不会去和人辩论“这杯水是冷是热”，但他会拉住一个将军，问他：“什么是勇敢？”
2026-04-18 19:01:30,777 - SophiaLogger - [INFO] -   - [A] 拉住一个政治家，问他：“什么是正义？”
2026-04-18 19:01:30,777 - SophiaLogger - [INFO] -   - [A] 他追问的，不是“你**觉得**什么是勇敢”，而是“勇敢**本身**是什么”。他相信，尽管每个人对勇敢的具体行为可能有不同看法，但“勇敢”这
2026-04-18 19:01:30,777 - SophiaLogger - [INFO] -   - [A] 个概念背后，一定存在着某种**普遍的、可以定义的本质**。他的目标，就是通过不断的对话和诘问，像助产士一样，帮助人们“生出”关于这些美德的真
2026-04-18 19:01:30,777 - SophiaLogger - [INFO] -   - [A] 知。
2026-04-18 19:01:30,777 - SophiaLogger - [INFO] -   - [A] 所以，苏格拉底并不是简单地赞同智者派“关注人”这个转向。他敏锐地看到了智者派相对主义可能带来的虚无主义陷阱。他的回应是：好吧，我们暂时把那
2026-04-18 19:01:30,777 - SophiaLogger - [INFO] -   - [A] 个遥远的“自然本原”问题搁置，但我们要在**人自身内部**，在**道德和灵魂的领域**，重新寻找一个稳固的、普遍的基石。“认识你自己”，认识
2026-04-18 19:01:30,777 - SophiaLogger - [INFO] -   - [A] 的就是这个。
2026-04-18 19:01:30,777 - SophiaLogger - [INFO] -   - [B] 没错，你刚才这个对比点得非常到位。智者派说“人是万物的尺度”，这个“人”是复数、是分散的个体感觉，结果就是标准的分裂和相对。而苏格拉底说“认
2026-04-18 19:01:30,777 - SophiaLogger - [INFO] -   - [B] 识你自己”，这个“自己”恰恰是要超越个体偶然的意见，去探寻那个作为“人”所共有的、普遍的道德本质。
2026-04-18 19:01:30,777 - SophiaLogger - [INFO] -   - [B] 他使用的方法，就是我们常说的“精神助产术”。他不直接给出答案，而是通过一连串精巧的提问，引导对话者不断审视自己原有的观念，暴露其中的矛盾和
2026-04-18 19:01:30,777 - SophiaLogger - [INFO] -   - [B] 不一致，最终迫使他们去思考一个更清晰、更普遍的定义。比如在《拉凯斯篇》里讨论“勇敢”，他通过追问，让两位将军意识到，仅仅把勇敢定义为“坚守阵
2026-04-18 19:01:30,777 - SophiaLogger - [INFO] -   - [B] 地”是不够的，因为有时战略撤退也需要勇敢。那么，勇敢的本质到底是什么？是某种灵魂的坚韧和智慧吗？
2026-04-18 19:01:30,777 - SophiaLogger - [INFO] -   - [B] 这个过程，实际上就是在进行一种“建设性的怀疑”。他不是像智者派那样，用“一切皆相对”来解构和否定“本质”这个概念本身；而是怀疑我们**现有
2026-04-18 19:01:30,777 - SophiaLogger - [INFO] -   - [B] **的、模糊的、自相矛盾的意见，通过这种怀疑和辨析，去**逼近**那个客观存在的、关于美德的普遍定义。所以，他的怀疑是方法，目的是重建——在
2026-04-18 19:01:30,777 - SophiaLogger - [INFO] -   - [B] 道德领域里，重新确立起普遍性和客观性。这为柏拉图后来构建宏大的理念论，奠定了一块关键的思想基石。
2026-04-18 19:01:30,777 - SophiaLogger - [INFO] -   - [A] 是的，你刚才提到的“建设性的怀疑”这个说法特别好。苏格拉底就像一个耐心的工匠，他的怀疑不是要拆掉整座房子，而是要敲掉那些不牢固的、歪斜的砖块
2026-04-18 19:01:30,777 - SophiaLogger - [INFO] -   - [A] ，目的是为了找到真正坚实的地基，在上面重新建造。
2026-04-18 19:01:30,777 - SophiaLogger - [INFO] -   - [A] 说到这里，我们其实可以做一个阶段性的总结了。回顾一下，从泰勒斯他们仰望星空追问“水”、“火”这些本原，到巴门尼德思考那个抽象的“存在”，早
2026-04-18 19:01:30,777 - SophiaLogger - [INFO] -   - [A] 期哲学家们像是在进行一场关于“天上”的、宏大却有些遥远的辩论。而到了公元前五世纪，智者派和苏格拉底，虽然路径和结论截然不同，却不约而同地做了
2026-04-18 19:01:30,777 - SophiaLogger - [INFO] -   - [A] 一件在哲学史上影响深远的事情——用西塞罗那句著名的话来说，就是“把哲学从天上拉回了人间”。
2026-04-18 19:01:30,777 - SophiaLogger - [INFO] -   - [A] 他们都对那种关于终极本原的、似乎永无定论的形而上学追问，产生了深刻的怀疑。他们都认为，哲学的目光，应该从遥远的自然和抽象的存在，转向我们切
2026-04-18 19:01:30,777 - SophiaLogger - [INFO] -   - [A] 身的、活生生的“人”的世界——我们的社会、我们的伦理、我们如何生活。这是他们共同的历史功绩，共同完成了一次哲学焦点的“目光向下”的转移。
2026-04-18 19:01:30,777 - SophiaLogger - [INFO] -   - [A] 然而，就像我们刚才详细讨论的，他们的终极目标和路径，却从这里开始，走向了完全相反的方向。
2026-04-18 19:01:30,777 - SophiaLogger - [INFO] -   - [B] 没错，这正是最关键的岔路口。我们可以用一个比喻来概括：智者派扮演的是“破坏者”的角色，而苏格拉底则试图成为“建设者”。
2026-04-18 19:01:30,777 - SophiaLogger - [INFO] -   - [B] 智者派的核心动作是“解构”。他们接过早期自然哲学和形而上学的那些宏大问题，比如“世界的本质是什么？”，然后通过“人是万物的尺度”这个命题，
2026-04-18 19:01:30,777 - SophiaLogger - [INFO] -   - [B] 从根本上动摇了提问的根基。他们的潜台词是：也许根本就没有一个独立于人的、客观的“本质”或“本原”存在。所谓的“真理”，可能只是个人感觉和意见
2026-04-18 19:01:30,777 - SophiaLogger - [INFO] -   - [B] 的集合。他们质疑的是“有没有本质？”这个问题本身，通过强调现象的相对性和个体性，实际上消解了“真理”这个概念的客观基础，最终走向了相对主义和
2026-04-18 19:01:30,777 - SophiaLogger - [INFO] -   - [B] 怀疑主义。
2026-04-18 19:01:30,777 - SophiaLogger - [INFO] -   - [B] 而苏格拉底，虽然同样从怀疑出发，但他的怀疑是方法，而不是终点。他承认智者派指出的现象世界的流变与意见分歧，但他拒绝就此止步。他把目光从外部
2026-04-18 19:01:30,777 - SophiaLogger - [INFO] -   - [B] 自然收回，聚焦于人的内在道德世界，然后提出了一个建设性的新问题：“本质是什么？”
2026-04-18 19:01:30,777 - SophiaLogger - [INFO] -   - [B] 他认为，在关于正义、勇敢、虔敬这些美德的问题上，应该存在某种超越个人好恶的、普遍的定义和标准。他的“认识你自己”和“精神助产术”，就是为了
2026-04-18 19:01:30,777 - SophiaLogger - [INFO] -   - [B] 通过对话和反思，去逼近和澄清这些道德概念的普遍本质，试图在人的精神领域，为“真理”寻找一个新的、稳固的家园。
2026-04-18 19:01:30,777 - SophiaLogger - [INFO] -   - [B] 所以，这个“破坏-重建”的过程，恰恰构成了哲学思想发展的一个非常生动的辩证环节。
2026-04-18 19:01:30,777 - SophiaLogger - [INFO] -   - [A] 你说得特别清晰。这个“破坏-重建”的比喻，让我想到一个画面：早期哲学家们像是在合力建造一座关于世界本质的宏伟宫殿，用了水、火、存在这些不同的
2026-04-18 19:01:30,777 - SophiaLogger - [INFO] -   - [A] 砖石，但总也建不稳固，争论不休。这时，智者派来了，他们像一群犀利的建筑师，仔细检查后说：“等等，你们的地基可能根本不存在，你们追求的‘本质’
2026-04-18 19:01:30,777 - SophiaLogger - [INFO] -   - [A] 这个概念本身，或许就是个幻影。”
2026-04-18 19:01:30,777 - SophiaLogger - [INFO] -   - [A] 他们动手拆解，把人们的注意力从那个遥不可及的宫殿蓝图，拉回到了每个建造者自身——你的感受、你的视角，才是你世界的尺度。
2026-04-18 19:01:30,777 - SophiaLogger - [INFO] -   - [A] 而苏格拉底呢，他目睹了这场拆解，但他没有停留在废墟上叹息。他承认旧的地基可能有问题，但他相信，人不能没有地基而生活，尤其是道德生活。于是，
2026-04-18 19:01:30,777 - SophiaLogger - [INFO] -   - [A] 他换了一个地方，开始新的勘探。他说：“如果我们暂时无法为‘整个世界’找到统一的地基，那能不能先为我们‘人’自己，为我们的正义、勇敢和友爱，找
2026-04-18 19:01:30,777 - SophiaLogger - [INFO] -   - [A] 到一些坚实的地基呢？”
2026-04-18 19:01:30,778 - SophiaLogger - [INFO] -   - [A] 他把哲学的工地，从飘渺的星空，搬到了城邦的街道和每个人的心灵深处。
2026-04-18 19:01:30,778 - SophiaLogger - [INFO] -   - [A] 所以，这一轮转向，意义真的非常深远。它不仅仅是话题的转换，从自然变成了人。它更标志着哲学进入了一个自我反思和多元探索的新阶段。哲学不再只是
2026-04-18 19:01:30,778 - SophiaLogger - [INFO] -   - [A] 关于“世界是什么”的独白，也开始成为关于“我们是谁”、“我们应该如何生活”的对话。这直接为伦理学、政治哲学这些关注人类生存与实践的领域，打开
2026-04-18 19:01:30,778 - SophiaLogger - [INFO] -   - [A] 了大门。不过，故事到这里并没有结束，对吧？苏格拉底试图重建的道德本质，它真的存在吗？它又存在于何处呢？这引出了一个更宏大的问题。
2026-04-18 19:01:30,778 - SophiaLogger - [INFO] -   - [B] 你说得对，苏格拉底确实把地基的勘探工作，从外部世界转移到了人的道德领域。他坚信，像“正义”、“勇敢”这样的美德，一定有其普遍、不变的本质定义
2026-04-18 19:01:30,778 - SophiaLogger - [INFO] -   - [B] ，而不是像智者派说的那样，完全因人而异。这就是他著名的命题“美德即知识”的核心——他认为，一个人作恶，不是因为他本性邪恶，而是因为他无知，他
2026-04-18 19:01:30,778 - SophiaLogger - [INFO] -   - [B] 没能真正认识美德的本质。一旦他通过理性的对话和反思，获得了关于美德的真知识，他就必然会行善。
2026-04-18 19:01:30,778 - SophiaLogger - [INFO] -   - [B] 所以，在苏格拉底看来，道德的普遍本质是存在的，它就存在于我们通过理性可以逼近的“定义”之中。但这个答案，其实留下了一个巨大的悬念：如果这个
2026-04-18 19:01:30,778 - SophiaLogger - [INFO] -   - [B] 本质是普遍的、不变的，那它到底存在于哪里？是在每个具体的人心里吗？可是每个人的意见和感受千差万别，就像我们刚才讨论的，这恰恰是相对主义的起点
2026-04-18 19:01:30,778 - SophiaLogger - [INFO] -   - [B] 。如果它不在具体的人心里，那它又在何处？难道在某个超越于我们现实世界之上的地方吗？
2026-04-18 19:01:30,778 - SophiaLogger - [INFO] -   - [B] 你看，苏格拉底通过对“人”的审视，重新点燃了对“本质”的追问，但他把这个问题留给了他的学生柏拉图。柏拉图接过这个问题，进行了一次惊人的扩展
2026-04-18 19:01:30,778 - SophiaLogger - [INFO] -   - [B] 。他不再仅仅追问道德的普遍本质，他开始追问一切事物的普遍本质——美的本质、桌子的本质、马的本质……他认为，所有这些本质，都存在于一个超越我们
2026-04-18 19:01:30,778 - SophiaLogger - [INFO] -   - [B] 感官世界的、完美而永恒的“理念世界”里。我们现实世界的一切，都只是那个理念世界不完美的摹本。
2026-04-18 19:01:30,778 - SophiaLogger - [INFO] -   - [B] 这样一来，哲学就完成了一次螺旋式的上升：从早期自然哲学追问世界的本质，到智者派解构它，再到苏格拉底在道德领域重建它，最后到柏拉图将它重新扩
2026-04-18 19:01:30,778 - SophiaLogger - [INFO] -   - [B] 展为一个解释整个世界的宏大体系。下一次，我们可以好好聊聊，柏拉图是如何构建这个“理念世界”的，它又是如何深刻地塑造了此后两千年的西方思想。
2026-04-18 19:01:30,778 - SophiaLogger - [INFO] -   - [A] 嗯，你刚才提到，我们上一讲聊到哲学的目光从星空和“本原”转向了人和城邦。这个转向其实带来了一个非常现实、也非常有趣的问题。你想啊，在一个像雅
2026-04-18 19:01:30,778 - SophiaLogger - [INFO] -   - [A] 典那样的城邦里，实行的是民主制度。重大的公共决策要在公民大会上辩论、投票；公民之间有了纠纷，要上法庭，由陪审团来裁决。那在这样的环境里，什么
2026-04-18 19:01:30,778 - SophiaLogger - [INFO] -   - [A] 能力变得至关重要呢？
2026-04-18 19:01:30,778 - SophiaLogger - [INFO] -   - [A] 对，就是说服他人的能力。你的口才好不好，你的论证有没有逻辑，能不能抓住对方话语里的漏洞，这直接关系到你的提案能不能通过，你的官司能不能打赢
2026-04-18 19:01:30,778 - SophiaLogger - [INFO] -   - [A] ，甚至你的名誉和财产。所以，当时就出现了一批职业的“教师”，他们专门教人辩论和演讲的技巧，这些人就是后来我们所说的“智者”。你可以想象一下，
2026-04-18 19:01:30,778 - SophiaLogger - [INFO] -   - [A] 辩论术，或者说“如何把道理讲清楚、讲服人”的这门技术，在当时的雅典，就像今天学习编程或者法律一样，是一门非常实用、甚至能改变命运的显学。
2026-04-18 19:01:30,778 - SophiaLogger - [INFO] -   - [A] 那么，既然辩论术这么重要，有没有人专门去研究它背后的规律呢？有没有一套可以学习、可以训练的“方法论”呢？有的。这套方法，在古希腊，最初就被
2026-04-18 19:01:30,778 - SophiaLogger - [INFO] -   - [A] 叫做“辩证法”。这个词的原意，就是指“对话”和“论辩”的技艺。它本身就像一把刚刚被锻造出来的、非常锋利的剑，至于这把剑是用来守护真理，还是用
2026-04-18 19:01:30,778 - SophiaLogger - [INFO] -   - [A] 来解构一切，那就要看握在谁的手里了。
2026-04-18 19:01:30,778 - SophiaLogger - [INFO] -   - [B] 你说得非常对。这把“辩证法”之剑，在它诞生之初，本质上就是一种中性的工具。它的核心，就是一套在对话和辩论中，通过提问、反驳、揭示对方逻辑矛盾
2026-04-18 19:01:30,778 - SophiaLogger - [INFO] -   - [B] 来推进思考的技艺。它本身并不自带任何哲学立场，不预设“世界是一还是多”，也不承诺能带你找到终极答案。它提供的，是一种锋利的“论证方法”。
2026-04-18 19:01:30,778 - SophiaLogger - [INFO] -   - [B] 我们可以把它想象成逻辑的磨刀石。它的价值在于，能把你的论点打磨得更加清晰、严谨，也能帮你检验别人的论点是否坚固。但用这块磨刀石磨出来的刀，
2026-04-18 19:01:30,778 - SophiaLogger - [INFO] -   - [B] 最终是去雕刻真理的塑像，还是去拆毁一切既有的建筑，完全取决于使用者的意图。
2026-04-18 19:01:30,778 - SophiaLogger - [INFO] -   - [B] 那么，在哲学史上，是谁第一个系统性地、极其娴熟地使用了这块“磨刀石”，或者说这把“剑”，并且用它打了一场硬仗呢？我们得把目光转回之前提到的
2026-04-18 19:01:30,778 - SophiaLogger - [INFO] -   - [B] 爱利亚学派。不是巴门尼德本人，而是他的学生，芝诺。他接过老师“存在是一、不动不变”这个非常独断、反常识的命题，面临的挑战是：如何为这个看似荒
2026-04-18 19:01:30,778 - SophiaLogger - [INFO] -   - [B] 谬的观点辩护？他的策略，不是直接去证明“一”和“不动”，而是反过来，用这把新兴的“辩证法”之剑，去攻击所有认为“多”和“运动”是真实的人。
2026-04-18 19:01:30,778 - SophiaLogger - [INFO] -   - [A] 是的，你刚才提到芝诺的策略不是直接证明，而是攻击对手。这让我想到一个很有意思的比喻。就好像巴门尼德老师建造了一座非常特别的堡垒，宣称“存在”
2026-04-18 19:01:30,778 - SophiaLogger - [INFO] -   - [A] 是唯一、不动的。但这堡垒和我们日常看到的世界——万物运动、生生不息——完全相反。站在常识这边的人都在质疑：“你这堡垒根本就是空中楼阁嘛！”
2026-04-18 19:01:30,778 - SophiaLogger - [INFO] -   - [A] 而芝诺呢，他作为这座堡垒的守卫者，没有选择加固城墙，而是做了一件更聪明的事。他拿起辩证法这把剑，主动出击。他的思路是：如果我能证明，你们所
2026-04-18 19:01:30,778 - SophiaLogger - [INFO] -   - [A] 相信的“运动”和“多”本身在逻辑上就是荒谬的、自相矛盾的，那么，我老师的“不动”和“一”，是不是就相对显得更合理了呢？
2026-04-18 19:01:30,778 - SophiaLogger - [INFO] -   - [A] 这就像是在一场辩论中，我不直接说我的观点多么正确，而是通过揭示对方观点内在的逻辑困境，来间接地为我的立场争取空间。芝诺用的，正是这样一种“
2026-04-18 19:01:30,778 - SophiaLogger - [INFO] -   - [A] 归谬法”或者说“反证法”。他不是在建造，而是在解构——解构我们常识中的世界图景。
2026-04-18 19:01:30,778 - SophiaLogger - [INFO] -   - [B] 没错，你这个比喻很贴切。芝诺确实是一位主动出击的“解构者”。而他最著名的武器，就是那几个流传至今的悖论，比如“阿喀琉斯追不上乌龟”和“飞箭不
2026-04-18 19:01:30,778 - SophiaLogger - [INFO] -   - [B] 动”。
2026-04-18 19:01:30,778 - SophiaLogger - [INFO] -   - [B] 我们不用深入复杂的数学分析，单看这些悖论的逻辑结构，就能感受到那种冲击力。它们都从一个看似无可辩驳的前提出发——比如，要追上乌龟，英雄必须
2026-04-18 19:01:30,778 - SophiaLogger - [INFO] -   - [B] 先到达乌龟的起点，而这时乌龟又前进了一小段，如此无限分割下去——然后通过严密的、看似无懈可击的逻辑推导，最终得出一个与我们的感官经验完全相悖
2026-04-18 19:01:30,778 - SophiaLogger - [INFO] -   - [B] 的结论：运动是不可能的。
2026-04-18 19:01:30,778 - SophiaLogger - [INFO] -   - [B] 这就是归谬法的力量。芝诺的潜台词是：看，如果承认“多”和“运动”是真实的，就会推导出如此荒谬的结论。那么，合理的推论只能是，我们的感官在欺
2026-04-18 19:01:30,778 - SophiaLogger - [INFO] -   - [B] 骗我们，“多”和“运动”是假象。真正的实在，只能是那个不变的“一”。
2026-04-18 19:01:30,778 - SophiaLogger - [INFO] -   - [B] 这把逻辑的剑非常锋利，它迫使人们第一次严肃地思考：当逻辑推理与感官经验发生冲突时，我们该相信哪一个？芝诺用这把剑，成功地让对手陷入了逻辑的
2026-04-18 19:01:30,778 - SophiaLogger - [INFO] -   - [B] 困境，从而守住了巴门尼德的独断论堡垒。
2026-04-18 19:01:30,778 - SophiaLogger - [INFO] -   - [B] 但问题也随之而来：这把剑，既然能用来解构“运动”和“多”，那么，它能不能被用来解构别的什么东西呢？比如，解构“存在”本身？
2026-04-18 19:01:30,778 - SophiaLogger - [INFO] -   - [A] 是的，你这个问题问到了关键。这把剑，或者说这种逻辑论证的方法，一旦被发明出来，它就变成了一种可以流通、可以学习的“技术”。而当时雅典城邦的现
2026-04-18 19:01:30,778 - SophiaLogger - [INFO] -   - [A] 实，恰恰为这门技术的传播和职业化提供了绝佳的土壤。
2026-04-18 19:01:30,778 - SophiaLogger - [INFO] -   - [A] 想象一下，在公民大会上进行政治辩论，或者在法庭上为自己辩护，口才和逻辑能力直接关系到你的影响力和切身利益。于是，一批以此为生的人出现了，他
2026-04-18 19:01:30,778 - SophiaLogger - [INFO] -   - [A] 们就是“智者派”。他们就像第一批职业的“剑术教练”，专门教授人们如何运用逻辑和语言这把剑，去赢得辩论，说服他人。
2026-04-18 19:01:30,778 - SophiaLogger - [INFO] -   - [A] 普罗泰戈拉、高尔吉亚，就是其中最杰出的代表。他们敏锐地观察到了芝诺的论证方法，并且迅速“学会”了。他们意识到，这把剑本身没有立场，它锋利与
2026-04-18 19:01:30,778 - SophiaLogger - [INFO] -   - [A] 否，取决于你如何使用它。芝诺用它来捍卫“存在是唯一”这个独断的结论，那么，我能不能用同样的方法，去攻击这个结论本身呢？
2026-04-18 19:01:30,778 - SophiaLogger - [INFO] -   - [A] 这就像一个有趣的转折：铸造这把剑的工匠，原本是为了守护一座堡垒。但很快，最优秀的剑客们学会了剑法，他们却调转剑锋，指向了堡垒本身。智者派，
2026-04-18 19:01:30,778 - SophiaLogger - [INFO] -   - [A] 就是这群学会了剑法，并决定用它来干点不一样事情的“职业辩论家”。
2026-04-18 19:01:30,778 - SophiaLogger - [INFO] -   - [B] 没错，你刚才这个“剑客调转剑锋”的比喻非常形象。智者派，尤其是高尔吉亚，正是这样做的。他几乎是拿着芝诺磨利的同一把逻辑之剑，对准了巴门尼德“
2026-04-18 19:01:30,778 - SophiaLogger - [INFO] -   - [B] 存在论”这座堡垒最核心的三个支柱，发起了系统性的解构。
2026-04-18 19:01:30,778 - SophiaLogger - [INFO] -   - [B] 巴门尼德的核心命题是什么？简单说就是：存在者存在，思维与存在同一，并且这种同一可以被言说和思想。这构成了一个看似严密的形而上学独断体系。
2026-04-18 19:01:30,778 - SophiaLogger - [INFO] -   - [B] 而高尔吉亚的反击，恰恰是针锋相对的三个命题。第一，“无物存在”。这直接否定了“存在者存在”这个前提。第二，“即使有物存在，也无法被认识”。
2026-04-18 19:01:30,778 - SophiaLogger - [INFO] -   - [B] 这斩断了思维与存在同一的纽带。第三，“即使认识了，也无法告诉别人”。这最后一步，甚至瓦解了语言表述和传递真理的可能性。
2026-04-18 19:01:30,778 - SophiaLogger - [INFO] -   - [B] 你看，他用的同样是归谬、反证这类逻辑工具，同样是让对手的观点陷入自相矛盾。但目的截然相反：芝诺用逻辑捍卫“一”是唯一的真实；高尔吉亚则用逻
2026-04-18 19:01:30,778 - SophiaLogger - [INFO] -   - [B] 辑论证，连这个“一”的真实性都是可疑的，进而，任何关于世界本原的绝对断言，在逻辑上都可以被挑战。
2026-04-18 19:01:30,778 - SophiaLogger - [INFO] -   - [B] 这标志着，辩证法或者说诡辩术，这把工具彻底展现了它的双刃性。它不再仅仅服务于某个特定的哲学结论，而是变成了一种可以系统性质疑任何结论的“方
2026-04-18 19:01:30,778 - SophiaLogger - [INFO] -   - [B] 法”。
2026-04-18 19:01:30,778 - SophiaLogger - [INFO] -   - [A] 是的，这真是一个奇妙的哲学时刻。你看，同样的逻辑工具——我们可以把它想象成一套极其精密的“思想手术刀”——在芝诺手里，是用来切除“多”和“运
2026-04-18 19:01:30,779 - SophiaLogger - [INFO] -   - [A] 动”这些“感官肿瘤”，以捍卫“存在”这个唯一、纯粹的“本体”。但到了智者派手里，这套手术刀调转了方向，开始解剖“存在”本身，甚至解剖“认识”
2026-04-18 19:01:30,779 - SophiaLogger - [INFO] -   - [A] 和“语言”这些我们赖以思考的器官本身。
2026-04-18 19:01:30,779 - SophiaLogger - [INFO] -   - [A] 这就产生了一个非常戏剧性的对比：芝诺用诡辩术，是为了**捍卫**一个关于世界本质的**独断论**；而智者派用同样的诡辩术，却是为了**解构
2026-04-18 19:01:30,779 - SophiaLogger - [INFO] -   - [A] 一切**关于世界本质的**独断论**。他们的目的完全相反，攻击的对象也完全相反——一个瞄准“多”，一个瞄准“一”乃至“一切本原”。但挥舞的，
2026-04-18 19:01:30,779 - SophiaLogger - [INFO] -   - [A] 却是同一把逻辑的利剑。
2026-04-18 19:01:30,779 - SophiaLogger - [INFO] -   - [A] 这把剑的锋利程度，足以让任何坚固的哲学堡垒都开始松动。那么，当智者派用这套方法，把早期自然哲学家的“水”、“火”、“气”，以及爱利亚学派的
2026-04-18 19:01:30,779 - SophiaLogger - [INFO] -   - [A] “存在”，都一一放在逻辑的放大镜下审视并找出矛盾之后，他们留下了什么呢？
2026-04-18 19:01:30,779 - SophiaLogger - [INFO] -   - [B] 留下的，是一种彻底的、方法论上的怀疑主义。这不仅仅是针对某个具体结论的质疑，而是对整个哲学追问方式的根本性质疑。智者派通过他们的解构工作，实
2026-04-18 19:01:30,779 - SophiaLogger - [INFO] -   - [B] 际上是在说：任何试图用超经验的、绝对的实体——无论是“水”、“火”这样的物质本原，还是“存在”、“一”这样的抽象本原——来解释世界的说法，其
2026-04-18 19:01:30,779 - SophiaLogger - [INFO] -   - [B] 逻辑根基都是可以被同样锋利的逻辑工具所瓦解的。
2026-04-18 19:01:30,779 - SophiaLogger - [INFO] -   - [B] 这种怀疑，其核心在于，它把焦点从“世界本身是什么”，彻底转向了“人如何感知和言说世界”。普罗泰戈拉那句著名的“人是万物的尺度”，就是这个转
2026-04-18 19:01:30,779 - SophiaLogger - [INFO] -   - [B] 向最凝练的表达。尺度不在物那里，而在人这里。所谓的“真理”，不过是更强有力的意见或感知。这样一来，哲学似乎陷入了一个自我指涉的困境：如果用来
2026-04-18 19:01:30,779 - SophiaLogger - [INFO] -   - [B] 建构知识的工具，同时又是解构知识最有效的武器，那么，我们还能谈论“真理”吗？哲学探究本身，还如何可能进行下去？这构成了一个必须被回答的严峻挑
2026-04-18 19:01:30,779 - SophiaLogger - [INFO] -   - [B] 战。
2026-04-18 19:01:30,779 - SophiaLogger - [INFO] -   - [A] 你说得特别对，这确实是一个根本性的困境。我们不妨想象一下，哲学就像一群雄心勃勃的建筑师，最初他们想用最坚固的材料——无论是水、火，还是那个绝
2026-04-18 19:01:30,779 - SophiaLogger - [INFO] -   - [A] 对的“一”——来建造一座关于世界真相的宏伟宫殿。他们发明了逻辑和辩证法，就像打造了一套极其精密的测量和切割工具，用来打磨这些材料，让建筑严丝
2026-04-18 19:01:30,779 - SophiaLogger - [INFO] -   - [A] 合缝。
2026-04-18 19:01:30,779 - SophiaLogger - [INFO] -   - [A] 但智者派出现后，他们拿起了同样的工具，却做了相反的事。他们不是去建造，而是去检验。他们用这套工具去敲打、去测量那些号称“绝对坚固”的基石，
2026-04-18 19:01:30,779 - SophiaLogger - [INFO] -   - [A] 结果发现，每一块石头在严密的逻辑审视下，似乎都出现了裂痕，都能被撬动。于是他们说：看，你们想建造的永恒宫殿，其地基本身可能就是不可靠的。我们
2026-04-18 19:01:30,779 - SophiaLogger - [INFO] -   - [A] 手里的这把尺子，能量出任何材料的缺陷，却似乎量不出一个绝对稳固的基点在哪里。
2026-04-18 19:01:30,779 - SophiaLogger - [INFO] -   - [A] 这就产生了一个奇特的张力，或者说，哲学内在的一个“悖论”：一方面，人类理性有着追求绝对、普遍知识的强烈冲动，就像建筑师渴望永恒的宫殿；另一
2026-04-18 19:01:30,779 - SophiaLogger - [INFO] -   - [A] 方面，理性自己锻造出来的最锋利的批判工具——辩证法，却恰恰在不断地解构任何声称是“绝对”的东西。追求绝对的冲动，和解构绝对的工具，在同一个思
2026-04-18 19:01:30,779 - SophiaLogger - [INFO] -   - [A] 想舞台上并存、交锋。这标志着哲学进入了一个高度自觉、高度反思，同时也充满怀疑和不安的阶段。
2026-04-18 19:01:30,779 - SophiaLogger - [INFO] -   - [A] 那么，怀疑就是终点吗？哲学难道就此停留在“一切皆可被质疑”的荒原上吗？有没有这样一个人，他完全继承了智者派这把锋利无比的逻辑批判之剑，见识
2026-04-18 19:01:30,779 - SophiaLogger - [INFO] -   - [A] 了相对主义的虚无，却又不甘心就此止步？他会不会尝试，就在这片“人”的领域——这个被智者派指出的、充满意见和感知的领域——里，重新为真理和知识
2026-04-18 19:01:30,779 - SophiaLogger - [INFO] -   - [A] ，寻找一个不一样的、更坚实的基础呢？
2026-04-18 19:01:30,779 - SophiaLogger - [INFO] -   - [B] 你的比喻很形象。确实，哲学在智者派这里，似乎走到了一个逻辑上的死胡同。他们用最严格的工具——逻辑本身——证明了逻辑无法抵达任何稳固的“存在”
2026-04-18 19:01:30,779 - SophiaLogger - [INFO] -   - [B] 基石。这带来的不仅是困惑，更是一种彻底的“方法论危机”：如果连我们用来寻求真理的工具，都只能用来瓦解真理的宣称，那哲学还剩下什么？
2026-04-18 19:01:30,779 - SophiaLogger - [INFO] -   - [B] 但这里有一个关键的区别，我们需要厘清。智者派的怀疑，最终导向的是一种“结论性”的怀疑主义。他们的逻辑解构，目的是为了证明“无物存在”或“人
2026-04-18 19:01:30,779 - SophiaLogger - [INFO] -   - [B] 是万物的尺度”，从而将一切知识都拉平到主观意见的层面。怀疑，对他们来说是论证的终点。
2026-04-18 19:01:30,779 - SophiaLogger - [INFO] -   - [B] 那么，哲学要突破这个困境，可能的出路在哪里？我认为，恰恰在于对“怀疑”本身进行一次翻转。能不能不把怀疑当作追求的结论，而是把它当作一种纯粹
2026-04-18 19:01:30,779 - SophiaLogger - [INFO] -   - [B] 的“方法”？也就是说，不再用逻辑去证明“没有真理”，而是用逻辑去不断地检验和澄清我们关于“真理”的种种意见，尤其是那些关于我们自身——关于正
2026-04-18 19:01:30,779 - SophiaLogger - [INFO] -   - [B] 义、勇敢、善——的意见？如果“存在”的领域已被逻辑的利剑暂时封存，那么“人”的伦理与道德领域，是否可能成为运用这把利剑的新战场？而目标，不再
2026-04-18 19:01:30,779 - SophiaLogger - [INFO] -   - [B] 是解构，而是在对话和辩难中，尝试进行艰难的“建构”。
2026-04-18 19:01:30,779 - SophiaLogger - [INFO] -   - [B] 这，就是苏格拉底即将登场的哲学背景，也是他带来的决定性转向。
2026-04-18 19:01:30,779 - SophiaLogger - [INFO] -   - [A] 哎，你有没有过这样的经历？就是同一阵风吹过来，你冷得想加衣服，旁边的朋友却觉得刚刚好，甚至还有点热。或者，同一道菜，你觉得咸淡正好，家人却觉
2026-04-18 19:01:30,779 - SophiaLogger - [INFO] -   - [A] 得太淡了，要再加点酱油。这种“因人而异”的感觉，在我们的生活里简直太常见了，对吧？
2026-04-18 19:01:30,779 - SophiaLogger - [INFO] -   - [A] 这些日常的小分歧，我们通常不会太在意，顶多就是拌两句嘴。但如果我们顺着这个思路再往下多想一步呢？风，它本身到底是冷的，还是不冷的？那道菜，
2026-04-18 19:01:30,779 - SophiaLogger - [INFO] -   - [A] 它本身是咸的，还是淡的？如果我们的感觉可以如此不同，那么，事物本身，是不是真的有一个确定的、唯一的“真相”或者“标准”呢？
2026-04-18 19:01:30,779 - SophiaLogger - [INFO] -   - [B] 你这个问题提得非常关键。顺着这个思路，我们其实已经摸到了普罗泰戈拉哲学的核心。他给出的回答，就是那句著名的命题：“人是万物的尺度”。
2026-04-18 19:01:30,779 - SophiaLogger - [INFO] -   - [B] 我们可以先来拆解一下这个命题的字面意思。“尺度”这个词，在古希腊哲学里，我们之前在赫拉克利特那里也遇到过，它大致指的是事物的规定性、准则。
2026-04-18 19:01:30,779 - SophiaLogger - [INFO] -   - [B] 但普罗泰戈拉给它赋予了一个革命性的转向。过去，哲学家们认为存在一个客观的、唯一的尺度，比如巴门尼德那个不变的“存在”。但普罗泰戈拉说，不，这
2026-04-18 19:01:30,779 - SophiaLogger - [INFO] -   - [B] 个尺度不在外部世界，而在“人”这里。
2026-04-18 19:01:30,779 - SophiaLogger - [INFO] -   - [B] 我们可以把“尺度”想象成一把标尺。以前，大家认为这把标尺是客观的、统一的，用来衡量长度、重量这些物理属性。但普罗泰戈拉把这把标尺交到了每个
2026-04-18 19:01:30,779 - SophiaLogger - [INFO] -   - [B] 人手里，并且用它来衡量更根本的问题：一个事物到底“存在”还是“不存在”？它“是什么”？风是冷的吗？菜是咸的吗？答案不再由事物“本身”决定，而
2026-04-18 19:01:30,779 - SophiaLogger - [INFO] -   - [B] 取决于它“向你呈现的样子”。你觉得冷，风对你就是冷的；他觉得不冷，风对他就是不冷的。
2026-04-18 19:01:30,779 - SophiaLogger - [INFO] -   - [B] 所以，这个命题最颠覆的地方就在于，它把判断事物、认识世界的最终标准，从那个假设的、客观的外部世界，彻底转移到了每一个活生生的、具体的人自身
2026-04-18 19:01:30,779 - SophiaLogger - [INFO] -   - [B] 。这是一个根本性的视角转换。
2026-04-18 19:01:30,779 - SophiaLogger - [INFO] -   - [A] 是的，你刚才这个“视角转换”的比喻特别好。这让我想到，普罗泰戈拉提出这个命题，其实就像是在哲学舞台上，突然把聚光灯从舞台中央那个被供奉起来的
2026-04-18 19:01:30,779 - SophiaLogger - [INFO] -   - [A] 、唯一的“客观存在”身上，猛地打向了台下每一个观众。以前，爱利亚学派的巴门尼德告诉我们，世界的真相是那个唯一的、不变的、客观的“存在”，它就
2026-04-18 19:01:30,779 - SophiaLogger - [INFO] -   - [A] 在那里，不管你看不看，认不认。这有点像我们小时候坚信，世界上有一个唯一的、标准的正确答案，它就印在老师手里的标准答案上。
2026-04-18 19:01:30,779 - SophiaLogger - [INFO] -   - [A] 但普罗泰戈拉站出来说，等等，我们是不是太迷信那个“标准答案”了？他质疑的，恰恰是“存在一个唯一客观标准”这个前提本身。他觉得，巴门尼德他们
2026-04-18 19:01:30,779 - SophiaLogger - [INFO] -   - [A] 追求的，是舞台背后那个永恒不变的“本质”，并且独断地宣布那就是真理。但普罗泰戈拉把目光收了回来，他说，我们每个人感受到的、认识到的世界，就是
2026-04-18 19:01:30,779 - SophiaLogger - [INFO] -   - [A] 对我们而言真实的世界。这样一来，爱利亚学派那个高高在上、不容置疑的“客观存在”，一下子就变得摇摇欲坠了。因为，如果“存在与否”的尺度都在于个
2026-04-18 19:01:30,779 - SophiaLogger - [INFO] -   - [A] 人，那还谈什么唯一、客观的本质呢？这简直是正面宣战了。
2026-04-18 19:01:30,779 - SophiaLogger - [INFO] -   - [B] 没错，你点出了这场“宣战”的核心战术。普罗泰戈拉用的武器，其实就是对“尺度”这个概念进行了彻底的改造和增殖。在赫拉克利特、巴门尼德那里，“尺
2026-04-18 19:01:30,779 - SophiaLogger - [INFO] -   - [B] 度”或者说“逻各斯”，指的是事物自身固有的、客观的规定性，是唯一的、公共的标尺。世界万物都按照这个唯一的尺度运行和存在。
2026-04-18 19:01:30,779 - SophiaLogger - [INFO] -   - [B] 但普罗泰戈拉做了一个根本性的翻转：他把这把尺子从外部世界，交到了每一个具体的人手里。更重要的是，他复制了无数把。尺度不再是客观的“逻各斯”
2026-04-18 19:01:30,779 - SophiaLogger - [INFO] -   - [B] 或“存在”，而变成了每个人主观的感觉和认识。风本身是冷的吗？这个问题失去了意义。有意义的是，风对于感觉冷的人是冷的，对于感觉不冷的人就是不冷
2026-04-18 19:01:30,779 - SophiaLogger - [INFO] -   - [B] 的。这样一来，“尺度”就从“一”变成了“多”。有多少个人，就有多少把尺子，也就有多少种关于事物“存在与否”、“是什么”的“真相”。
2026-04-18 19:01:30,779 - SophiaLogger - [INFO] -   - [B] 这个操作的结果是毁灭性的。爱利亚学派那个坚硬、唯一、作为世界基石的“存在”，被普罗泰戈拉用无数把个人尺子，从各个角度同时敲击，瞬间就粉碎了
2026-04-18 19:01:30,779 - SophiaLogger - [INFO] -   - [B] ，崩塌成了无数个人眼中的、流动的现象集合。世界不再有一个统一的、背后的本质，它只是无数主观视角的叠加。这可以说是哲学史上第一次用“主观性”和
2026-04-18 19:01:30,779 - SophiaLogger - [INFO] -   - [B] “多元性”，对“客观本质论”发起的成功解构。
2026-04-18 19:01:30,779 - SophiaLogger - [INFO] -   - [A] 是的，你刚才的描述让我想起一个非常贴切的比喻，就是我们中国古代那个“金盾银盾”的寓言。想象一下，有一面盾牌，一面是金色的，另一面是银色的。两
2026-04-18 19:01:30,779 - SophiaLogger - [INFO] -   - [A] 个人站在盾的两边，一个坚持说“盾是金的”，另一个坚持说“盾是银的”，他们吵得不可开交。而普罗泰戈拉，就像是那个卖盾的人，他站在旁边，心里明白
2026-04-18 19:01:30,779 - SophiaLogger - [INFO] -   - [A] ：你们都对，也都不对。因为盾是什么颜色，完全取决于你站在哪一边来看它。
2026-04-18 19:01:30,780 - SophiaLogger - [INFO] -   - [A] 这个寓言正好说明了普罗泰戈拉相对主义的核心。我们不能再像以前那样，去追问“盾牌本身到底是什么颜色的？”——这个“本身”已经失去了意义。我们
2026-04-18 19:01:30,780 - SophiaLogger - [INFO] -   - [A] 只能说，“盾牌对我，站在这一边的人来说，是金色的”；“对你，站在那一边的人来说，是银色的”。事物的“真相”，被彻底相对化了，绑定在了每一个观
2026-04-18 19:01:30,780 - SophiaLogger - [INFO] -   - [A] 察者身上。
2026-04-18 19:01:30,780 - SophiaLogger - [INFO] -   - [A] 那么，顺着这个逻辑推演下去，一个非常有趣、甚至有些惊人的结论就出现了。既然每个人的视角都是有效的，每个人的“尺度”都是衡量万物的标准，那么
2026-04-18 19:01:30,780 - SophiaLogger - [INFO] -   - [A] ，站在金边的人说“盾是金的”，这是真的；站在银边的人说“盾是银的”，这也是真的。推而广之，刮风时你觉得冷，这个感觉是真的；我觉得不冷，这个感
2026-04-18 19:01:30,780 - SophiaLogger - [INFO] -   - [A] 觉也是真的。这样一来，岂不是每个人的认识、每个人的感觉，都成了“真理”？普罗泰戈拉的相对主义，似乎必然导向一个“一切皆真”的世界。这听起来，
2026-04-18 19:01:30,780 - SophiaLogger - [INFO] -   - [A] 是不是有点太“自由”、太“平等”了？
2026-04-18 19:01:30,780 - SophiaLogger - [INFO] -   - [B] 你这个“一切皆真”的推论，确实点到了普罗泰戈拉思想最彻底、也最高明的地方。我们不妨再往前想一步：当泰勒斯说本原是水，赫拉克利特说是火，巴门尼
2026-04-18 19:01:30,780 - SophiaLogger - [INFO] -   - [B] 德说是那个唯一的“存在”时，他们都在努力寻找一个客观的、唯一的答案。他们争论的焦点是“本原是什么”。
2026-04-18 19:01:30,780 - SophiaLogger - [INFO] -   - [B] 而普罗泰戈拉，就像那个卖盾人，他跳出了这个具体的争论。他冷眼旁观，然后提出了一个根本性的质疑：你们争论“本原是什么”这个问题本身，它的前提
2026-04-18 19:01:30,780 - SophiaLogger - [INFO] -   - [B] ——即存在一个唯一的、客观的、等着我们去发现的“本原”——真的成立吗？
2026-04-18 19:01:30,780 - SophiaLogger - [INFO] -   - [B] 他的“人是万物的尺度”，实际上解构的不是“水”、“火”或“存在”这些具体的答案，而是“寻找唯一客观答案”这个哲学活动本身。他告诉我们，不存
2026-04-18 19:01:30,780 - SophiaLogger - [INFO] -   - [B] 在一个独立于所有观察者之外的“盾牌本身的颜色”，只存在无数个“对我呈现的颜色”。因此，哲学从追问“世界是什么”，转向了描述“世界如何向我显现
2026-04-18 19:01:30,780 - SophiaLogger - [INFO] -   - [B] ”。这是一种思维范式的根本转换。
2026-04-18 19:01:30,780 - SophiaLogger - [INFO] -   - [B] 所以，他的高明之处在于这种彻底的解构性。他不再参与建造“本原”大厦的工程，而是质疑了这座大厦的地基是否牢靠。那么，接下来的问题就非常关键了
2026-04-18 19:01:30,780 - SophiaLogger - [INFO] -   - [B] ：如果我们接受这样一个“一切皆真”的世界，它带来的究竟是思想的空前解放——每个人都能拥有自己确凿的真理；还是认识论上的混乱开端——既然一切都
2026-04-18 19:01:30,780 - SophiaLogger - [INFO] -   - [B] 真，那么“真”这个词本身是否也就失去了意义？
2026-04-18 19:01:30,780 - SophiaLogger - [INFO] -   - [A] 你说得太好了，这种解构确实非常彻底。顺着这个“一切皆真”的思路，普罗泰戈拉还有另一个非常著名的命题，他说：“一切理论都有其相反的说法”。这听
2026-04-18 19:01:30,780 - SophiaLogger - [INFO] -   - [A] 起来像是“人是尺度”和“一切皆真”的一个自然延伸，对吧？既然每个人的尺度都有效，那么对于任何观点，当然都能找到相反的观点，而且它们可能同样有
2026-04-18 19:01:30,780 - SophiaLogger - [INFO] -   - [A] 道理。
2026-04-18 19:01:30,780 - SophiaLogger - [INFO] -   - [A] 但有趣的是，这个命题本身，却像一把双刃剑，甚至可能反过来刺伤相对主义自己。我想到一个流传很广的故事，据说普罗泰戈拉曾收了一个学生叫欧提勒士
2026-04-18 19:01:30,780 - SophiaLogger - [INFO] -   - [A] ，约定先付一半学费，另一半等学生学成打赢第一场官司后再付。结果这个学生学成后一直不去打官司，普罗泰戈拉等不及了，就把他告上法庭。你猜普罗泰戈
2026-04-18 19:01:30,780 - SophiaLogger - [INFO] -   - [A] 拉是怎么论证的？
2026-04-18 19:01:30,780 - SophiaLogger - [INFO] -   - [A] 他说：如果法官判我赢，那么根据判决，欧提勒士必须付我钱；如果法官判他赢，那就意味着他打赢了第一场官司，那么根据合同，他也该付我钱。所以无论
2026-04-18 19:01:30,780 - SophiaLogger - [INFO] -   - [A] 如何，他都该付钱。听起来无懈可击，对吧？但欧提勒士用老师教给他的方法反驳道：如果法官判我赢，那么根据判决，我不必付钱；如果法官判老师赢，那就
2026-04-18 19:01:30,780 - SophiaLogger - [INFO] -   - [A] 意味着我还没打赢第一场官司，那么根据合同，我也不必付钱。所以无论如何，我都不必付钱。
2026-04-18 19:01:30,780 - SophiaLogger - [INFO] -   - [A] 你看，这就是“一切理论都有其相反说法”的一个绝妙演示，也是它吊诡的地方。当普罗泰戈拉说“一切理论都有其相反说法”时，这个理论本身也是“一切
2026-04-18 19:01:30,780 - SophiaLogger - [INFO] -   - [A] 理论”之一。那么，它是不是也应该有一个相反的说法呢？那个相反的说法就是——“并非一切理论都有其相反的说法”。如果我们承认这个相反的说法也可能
2026-04-18 19:01:30,780 - SophiaLogger - [INFO] -   - [A] 成立，那岂不是动摇了“一切理论都有其相反说法”这个基石本身？
2026-04-18 19:01:30,780 - SophiaLogger - [INFO] -   - [A] 这引导我们去思考一个更根本的问题：如果“一切皆真”这个理论本身，也可能被一个“并非一切皆真”的理论所否定，那么相对主义这种强大的解构武器，
2026-04-18 19:01:30,780 - SophiaLogger - [INFO] -   - [A] 在解构了别人的客观真理之后，是不是最终也会解构它自己呢？
2026-04-18 19:01:30,780 - SophiaLogger - [INFO] -   - [B] 是的，这个“学费官司”的故事确实生动地揭示了相对主义在逻辑上可能陷入的困境。它就像一把锋利的双刃剑，在解构外部独断论的同时，也可能伤及自身。
2026-04-18 19:01:30,780 - SophiaLogger - [INFO] -   - [B] 普罗泰戈拉通过“人是万物的尺度”和“一切理论都有其相反说法”，完成了一次哲学上的重要“祛魅”。他正面攻击了爱利亚学派那种追求唯一、客观、不变
2026-04-18 19:01:30,780 - SophiaLogger - [INFO] -   - [B] 本质的形而上学独断论，把哲学的焦点从那个抽象的“存在”或“背后之物”，拉回到了具体、鲜活、多样的人的感觉和认识本身。这是哲学目光的一次根本性
2026-04-18 19:01:30,780 - SophiaLogger - [INFO] -   - [B] 转向，从客体自然转向了主体的人，意义非常重大。
2026-04-18 19:01:30,780 - SophiaLogger - [INFO] -   - [B] 但正如我们讨论的，这种彻底的相对主义也带来了一个逻辑上的困境。当“尺度”变得完全主观和多元，当“一切皆真”时，我们实际上也消解了“真”与“
2026-04-18 19:01:30,780 - SophiaLogger - [INFO] -   - [B] 假”之间的界限。从“一切皆真”滑向“一切皆假”，往往只有一步之遥。如果每个人的认识都是真的，那么彼此矛盾的认识如何共存？如果“一切理论都有其
2026-04-18 19:01:30,780 - SophiaLogger - [INFO] -   - [B] 相反说法”本身也可以被相反的说法所质疑，那么知识的基础又在哪里？
2026-04-18 19:01:30,780 - SophiaLogger - [INFO] -   - [B] 所以，普罗泰戈拉留下了一个巨大的思想悬案。他成功地用相对主义炸毁了旧有的客观真理大厦，但留下的是一片由无数个人尺度构成的、似乎没有稳固地基
2026-04-18 19:01:30,780 - SophiaLogger - [INFO] -   - [B] 的废墟。那么，哲学接下来会往哪里走呢？是像高尔吉亚那样，沿着这条解构之路走向更彻底的怀疑论，断言“无物存在”、“即使存在也无法认识”、“即使
2026-04-18 19:01:30,780 - SophiaLogger - [INFO] -   - [B] 认识也无法言说”？还是像苏格拉底那样，尝试在人的主体性内部，比如在道德和理性中，去寻找和重建一种新的、普遍性的基础？这将是我们要面对的下一组
2026-04-18 19:01:30,780 - SophiaLogger - [INFO] -   - [B] 关键抉择。
2026-04-18 19:01:30,780 - SophiaLogger - [INFO] -   - [A] 刚才我们聊到普罗泰戈拉那句著名的“人是万物的尺度”，这真是一个极具解放性的宣言。它就像给每个人发了一把属于自己的尺子，去丈量世界。我特别喜欢
2026-04-18 19:01:30,780 - SophiaLogger - [INFO] -   - [A] 他那个关于风的例子：同样一阵风吹来，你觉得冷，我觉得不冷。按照他的说法，我们俩都没错——风对你而言就是冷的，对我而言就是不冷的。每个人的感受
2026-04-18 19:01:30,780 - SophiaLogger - [INFO] -   - [A] 、每个人的视角，都成了真实的尺度。
2026-04-18 19:01:30,780 - SophiaLogger - [INFO] -   - [A] 这其实是一种巨大的思想解放，对吧？它承认了每个人经验的独特性，打破了那种“只有一个绝对真理”的独断。就好像我们看一幅抽象画，你觉得它表达了
2026-04-18 19:01:30,780 - SophiaLogger - [INFO] -   - [A] 忧伤，我觉得它充满了希望，我们不必争论谁对谁错，因为画作对我们的“呈现”本就不同。
2026-04-18 19:01:30,780 - SophiaLogger - [INFO] -   - [A] 但这种彻底的相对主义，也悄悄埋下了一个很深的隐患。如果每个人的“真”都同样有效，甚至当这些“真”彼此矛盾时——比如我认为这幅画是蓝色的，你
2026-04-18 19:01:30,780 - SophiaLogger - [INFO] -   - [A] 坚持它是绿色的——那我们所说的“真”，到底还有什么意义呢？当所有矛盾的观点都可以同时为“真”时，“真”这个词是不是就失去了它最核心的区分功能
2026-04-18 19:01:30,780 - SophiaLogger - [INFO] -   - [A] ？这会不会最终走向一种……怎么说呢，认知上的混乱？
2026-04-18 19:01:30,780 - SophiaLogger - [INFO] -   - [B] 你说到了关键。这恰恰是“一切皆真”这个逻辑推到底，必然会撞上的那堵墙。我们可以用一个更经典的寓言来具象化这个困境——就是那个“金盾银盾”的故
2026-04-18 19:01:30,780 - SophiaLogger - [INFO] -   - [B] 事。
2026-04-18 19:01:30,780 - SophiaLogger - [INFO] -   - [B] 想象一下，一面盾牌，一面镀金，一面镀银。两个人站在盾的两侧激烈争论，一个说“盾是金的！”，另一个说“盾是银的！”。在普罗泰戈拉式的视角下，
2026-04-18 19:01:30,780 - SophiaLogger - [INFO] -   - [B] 双方都对，因为盾“呈现”给他们的样子确实如此。但问题来了：如果我们严肃地接受“双方都真”，那么关于这面盾“到底是什么颜色”这个问题，我们就失
2026-04-18 19:01:30,780 - SophiaLogger - [INFO] -   - [B] 去了任何做出客观判断的可能。“真”这个标准，在这里失效了。
2026-04-18 19:01:30,780 - SophiaLogger - [INFO] -   - [B] 把这个寓言放大到哲学史本身，情况就更清晰了。在普罗泰戈拉的时代，哲学家们正在为世界的本原争论不休：泰勒斯说是“水”，赫拉克利特说是“火”，
2026-04-18 19:01:30,780 - SophiaLogger - [INFO] -   - [B] 巴门尼德说是唯一不动的“存在”。如果按照“一切皆真”的相对主义，那么水、火、存在……所有这些彼此矛盾、互不相容的理论竟然可以同时为真。这显然
2026-04-18 19:01:30,780 - SophiaLogger - [INFO] -   - [B] 在逻辑上是荒谬的，它直接消解了“真”与“假”之间的界限。
2026-04-18 19:01:30,780 - SophiaLogger - [INFO] -   - [B] 所以，普罗泰戈拉的命题在解放个体的同时，也亲手挖空了“真理”概念的基石。当“真”可以兼容一切矛盾时，它本身就变得毫无意义了。那么，顺着这条
2026-04-18 19:01:30,780 - SophiaLogger - [INFO] -   - [B] 逻辑道路再往下走，如果“一切皆真”在逻辑上破产了，它的极端反面会是什么？哲学史上，确实有人把这条怀疑之路，推到了令人震惊的尽头。
2026-04-18 19:01:30,780 - SophiaLogger - [INFO] -   - [A] 是的，这就像一场思想的自由落体。当“一切皆真”这面相对主义的墙被逻辑撞碎后，我们似乎就掉进了一个没有地面的深渊。而把这种坠落感推到极致的，就
2026-04-18 19:01:30,780 - SophiaLogger - [INFO] -   - [A] 是高尔吉亚。
2026-04-18 19:01:30,780 - SophiaLogger - [INFO] -   - [A] 他接过普罗泰戈拉的方法，却得出了一个完全相反的结论：如果“一切皆真”在逻辑上站不住脚，那么，或许“一切皆假”才是更彻底的答案。他提出了三个
2026-04-18 19:01:30,780 - SophiaLogger - [INFO] -   - [A] 石破天惊的命题，第一个就直接瞄准了巴门尼德哲学大厦的地基：“无物存在”。
2026-04-18 19:01:30,780 - SophiaLogger - [INFO] -   - [A] 这里需要特别理解，高尔吉亚并不是在说我们眼前的世界是幻觉——那不是哲学论证，那是神秘体验。他是在玩一场纯粹的逻辑游戏，用的恰恰是爱利亚学派
2026-04-18 19:01:30,781 - SophiaLogger - [INFO] -   - [A] 自己最擅长的反证法。他假设“有物存在”，然后穷尽所有可能性：要么是“非存在者存在”，要么是“存在者存在”，要么两者都存在。接着，他像拆解一个
2026-04-18 19:01:30,781 - SophiaLogger - [INFO] -   - [A] 精密的逻辑玩具一样，逐一论证这些情况在逻辑上都无法自洽。比如，“非存在者”如果存在，那它就不是“非存在”了，这本身就是一个矛盾。
2026-04-18 19:01:30,781 - SophiaLogger - [INFO] -   - [A] 所以，他的“无物存在”，更像是对“存在”这个概念本身的爆破。巴门尼德不是说有一个唯一、不动的“存在”吗？高尔吉亚试图证明，连这个最根本的“
2026-04-18 19:01:30,781 - SophiaLogger - [INFO] -   - [A] 存在”概念，在逻辑的审视下都是千疮百孔的。这就像一位建筑师，不去争论房子盖得好不好看，而是直接质疑建造这所房子的地基——那块被认为最坚实的岩
2026-04-18 19:01:30,781 - SophiaLogger - [INFO] -   - [A] 石——本身是不是一块可靠的基石。
2026-04-18 19:01:30,781 - SophiaLogger - [INFO] -   - [A] 那么，即使我们退一万步，姑且承认“有东西存在”吧。接下来的问题就更加棘手了：我们人类，有能力认识这个“存在”吗？
2026-04-18 19:01:30,781 - SophiaLogger - [INFO] -   - [B] 你刚才这个“退一万步”的假设，恰恰引出了高尔吉亚更致命的一击。他的第二个命题就是：“即使有物存在，也无法认识。”
2026-04-18 19:01:30,781 - SophiaLogger - [INFO] -   - [B] 这其实把我们上一期讨论的“人是万物的尺度”推到了逻辑的终点。普罗泰戈拉说，风对于感觉冷的人是冷的，对于感觉不冷的人就是不冷的。这听起来很包
2026-04-18 19:01:30,781 - SophiaLogger - [INFO] -   - [B] 容，承认了每个人感觉的“真实性”。但高尔吉亚追问：如果每个人的感觉都是认识世界的唯一通道，而这些感觉又彼此矛盾、因人而异，那我们凭什么说，我
2026-04-18 19:01:30,781 - SophiaLogger - [INFO] -   - [B] 们的感觉反映了那个“物本身”？
2026-04-18 19:01:30,781 - SophiaLogger - [INFO] -   - [B] 我们的认识，永远是我们感官接收到的信号，经过我们大脑处理后的产物。它是一层厚厚的滤镜。我们永远在认识“对我们呈现的样子”，而不是“它本来的
2026-04-18 19:01:30,781 - SophiaLogger - [INFO] -   - [B] 样子”。就像我们永远无法直接品尝到“甜”本身，我们只能尝到糖在我们味蕾上引发的甜味感觉。这个感觉，和那个引发感觉的物理对象，是两回事。
2026-04-18 19:01:30,781 - SophiaLogger - [INFO] -   - [B] 所以，高尔吉亚的论证是：如果认识必须通过感觉，而感觉是相对的、主观的，那么，我们与那个假设存在的“物本身”之间，就永远隔着一道无法跨越的鸿
2026-04-18 19:01:30,781 - SophiaLogger - [INFO] -   - [B] 沟。我们被困在自己的认识牢笼里。我们构建的所有知识、所有理论，无论看起来多么严密，其根基都建立在这些不可靠的感觉材料之上。因此，我们宣称的“
2026-04-18 19:01:30,781 - SophiaLogger - [INFO] -   - [B] 认识”，可能只是我们头脑内部的一场自说自话的游戏，永远无法触及所谓的“真相”。
2026-04-18 19:01:30,781 - SophiaLogger - [INFO] -   - [B] 这几乎是对人类认识能力的终极否定。但高尔吉亚的“思想酸液”还没有停止腐蚀。让我们再做一个更绝望的假设：就算有个天才，以某种我们无法理解的方
2026-04-18 19:01:30,781 - SophiaLogger - [INFO] -   - [B] 式，侥幸“认识”了那个东西。他接下来要面对的，是第三个，也是最后一个障碍。
2026-04-18 19:01:30,781 - SophiaLogger - [INFO] -   - [A] 你描述的这个“认识牢笼”的比喻，真的非常形象。我们每个人都困在自己的感官和思维模式里，向外张望。但更让人绝望的是，即使有人——我们假设是那个
2026-04-18 19:01:30,781 - SophiaLogger - [INFO] -   - [A] 天才的哲学家——奇迹般地越过了这道鸿沟，触碰到了“物本身”。他激动万分，想要转身告诉我们他的发现。这时，他会撞上高尔吉亚的第三个，也是最后一
2026-04-18 19:01:30,781 - SophiaLogger - [INFO] -   - [A] 个命题：“即使认识了，也无法告诉别人。”
2026-04-18 19:01:30,781 - SophiaLogger - [INFO] -   - [A] 这其实是在拷问我们最依赖的沟通工具：语言。我们总以为，语言是思想的载体，是传递真相的桥梁。但高尔吉亚提醒我们，语言可能只是一套任意的符号系
2026-04-18 19:01:30,781 - SophiaLogger - [INFO] -   - [A] 统。比如，当我看到夕阳，内心涌起一种复杂而震撼的感受，我脱口而出：“这夕阳真美。”
2026-04-18 19:01:30,781 - SophiaLogger - [INFO] -   - [A] 我说的“美”这个字，是一个声音符号，它和我内心那种丰富的、私人的体验，是两回事。我听到这个声音，你听到的也是这个声音，但我们各自脑海里被这
2026-04-18 19:01:30,781 - SophiaLogger - [INFO] -   - [A] 个声音唤起的联想、记忆和感受，可能天差地别。
2026-04-18 19:01:30,781 - SophiaLogger - [INFO] -   - [A] 语言就像一套公共的、标准化的乐谱，而每个人内心的思想，却是独一无二、无法完全复制的交响乐。乐谱只能记录下大致的旋律和节奏，却无法捕捉每一次
2026-04-18 19:01:30,781 - SophiaLogger - [INFO] -   - [A] 呼吸的微妙、弦乐的震颤、乃至演奏者那一刻的心境。当我们试图用语言去“翻译”我们私人的认识时，大量的信息在编码和解码的过程中就丢失了，扭曲了。
2026-04-18 19:01:30,781 - SophiaLogger - [INFO] -   - [A] 这就是我们常说的“言不尽意”。
2026-04-18 19:01:30,781 - SophiaLogger - [INFO] -   - [A] 所以，那个天才哲学家，就算他认识了，当他开口试图描述时，他发出的声音、写下的文字，就已经不是他认识的那个东西了。他传递给我们的，只是经过语
2026-04-18 19:01:30,781 - SophiaLogger - [INFO] -   - [A] 言这层“失真滤镜”处理后的二手信息。我们接收到的，再经过我们自己“认识牢笼”的解读，就变成了三手、四手的信息。一层层传递下来，最初的“认识”
2026-04-18 19:01:30,781 - SophiaLogger - [INFO] -   - [A] 早已面目全非。
2026-04-18 19:01:30,781 - SophiaLogger - [INFO] -   - [A] 这样一来，高尔吉亚的三个命题，就构成了一个完美的、令人窒息的逻辑闭环。从“无物存在”，到“无法认识”，再到“无法言说”。他像一位冷酷的医生
2026-04-18 19:01:30,781 - SophiaLogger - [INFO] -   - [A] ，用这三剂猛药，依次宣告了“本体论”、“认识论”和“语言学”的“死亡”。那么，经过这样一番彻底的解构，他最终想得出的结论，究竟是什么呢？
2026-04-18 19:01:30,781 - SophiaLogger - [INFO] -   - [B] 你总结得非常到位。这个逻辑闭环一旦完成，结论其实已经呼之欲出了。我们可以清晰地看到一条思想的滑行轨迹：起点是普罗泰戈拉的“人是万物的尺度”，
2026-04-18 19:01:30,781 - SophiaLogger - [INFO] -   - [B] 它承认了每个人感知和判断的有效性，从而得出了“一切皆真”的相对主义局面。但高尔吉亚所做的，就是沿着这条相对主义的逻辑轨道，毫不留情地把它推到
2026-04-18 19:01:30,781 - SophiaLogger - [INFO] -   - [B] 了终点站。
2026-04-18 19:01:30,781 - SophiaLogger - [INFO] -   - [B] 如果每个人的“真”都是有效的，那么，当两个人的“真”彼此矛盾时——比如，一个人说“风是冷的”，另一个人说“风是不冷的”——按照“一切皆真”
2026-04-18 19:01:30,781 - SophiaLogger - [INFO] -   - [B] 的原则，这两个矛盾的判断必须同时成立。这在逻辑上意味着什么？意味着“真”这个标准本身，已经失去了区分对错、辨别是非的功能。当“真”可以包容一
2026-04-18 19:01:30,781 - SophiaLogger - [INFO] -   - [B] 切，甚至包容其反面时，“真”这个概念实际上就被掏空了，被消解了。
2026-04-18 19:01:30,781 - SophiaLogger - [INFO] -   - [B] 高尔吉亚正是抓住了这个逻辑死结。他用那三个命题，系统地论证了：我们所以为的“存在”基础是可疑的，我们认识它的途径是断裂的，我们表述它的工具
2026-04-18 19:01:30,781 - SophiaLogger - [INFO] -   - [B] 是失真的。那么，顺理成章地，所有建立在这个可疑基础之上的、通过断裂途径获得的、并用失真工具表述出来的所谓“知识”或“真理”，其可靠性就都从根
2026-04-18 19:01:30,781 - SophiaLogger - [INFO] -   - [B] 本上被动摇了。于是，从“一切皆真”这个看似包容的前提，通过严密的逻辑推演，不是走向了和谐，而是走向了它的极端反面——**“一切皆假”**。
2026-04-18 19:01:30,781 - SophiaLogger - [INFO] -   - [B] 这不是一个情绪化的、简单的否定。这是一个通过暴露相对主义内在矛盾，并将其彻底激进化所达到的必然结果。它标志着智者派怀疑论走到了最激进、最彻
2026-04-18 19:01:30,781 - SophiaLogger - [INFO] -   - [B] 底的形式。那么，一个自然而然的疑问就产生了：构造出这样一套听起来令人绝望的、摧毁一切的论证，高尔吉亚的目的究竟是什么？难道哲学走到这里，就只
2026-04-18 19:01:30,781 - SophiaLogger - [INFO] -   - [B] 是为了完成一场纯粹的、虚无主义的破坏吗？
2026-04-18 19:01:30,781 - SophiaLogger - [INFO] -   - [A] 你这个问题问得太关键了。我觉得，与其说高尔吉亚的目的是纯粹的破坏，不如说，他是在执行一场极其彻底的思想“大扫除”，或者说，一次哲学上的“格式
2026-04-18 19:01:30,781 - SophiaLogger - [INFO] -   - [A] 化”。
2026-04-18 19:01:30,781 - SophiaLogger - [INFO] -   - [A] 我们可以想象一下，在他之前的哲学家们，无论是泰勒斯说“水是万物的本原”，还是赫拉克利特说“火是万物的本原”，再到巴门尼德斩钉截铁地断言“存
2026-04-18 19:01:30,781 - SophiaLogger - [INFO] -   - [A] 在者存在，非存在者不存在”——这些论断，不管听起来多么有道理，本质上都是一种“独断”。他们直接给出了一个关于世界本质的答案，却没有先去严格地
2026-04-18 19:01:30,781 - SophiaLogger - [INFO] -   - [A] 审查：我们凭什么能提出这个问题？我们认识世界的工具可靠吗？我们表述世界的语言准确吗？
2026-04-18 19:01:30,781 - SophiaLogger - [INFO] -   - [A] 高尔吉亚的这三个命题，就像一瓶浓度极高的“思想酸”。他不去争论你的答案对不对，而是直接把承载答案的整个容器——也就是我们关于“存在”、“认
2026-04-18 19:01:30,781 - SophiaLogger - [INFO] -   - [A] 识”和“语言”的那些未经反思的预设——给溶解掉了。无论是“水”、“火”还是“存在”，这些被早期哲学家当作坚实基石的独断概念，在这瓶“酸”面前
2026-04-18 19:01:30,781 - SophiaLogger - [INFO] -   - [A] ，都显得摇摇欲坠。
2026-04-18 19:01:30,781 - SophiaLogger - [INFO] -   - [A] 所以，他的极端怀疑论，最大的意义可能在于“破”的功用。他把哲学工地上所有看起来已经建成、但地基却未经检验的建筑，全部推平了。他迫使后来的思
2026-04-18 19:01:30,781 - SophiaLogger - [INFO] -   - [A] 考者意识到：在谈论“世界是什么”之前，我们必须先回过头来，审视一下“谈论”本身是否可能。当所有旧路都被堵死，哲学就被逼到了一个绝境，但也因此
2026-04-18 19:01:30,781 - SophiaLogger - [INFO] -   - [A] 获得了一个机会——它必须去寻找一个全新的、更坚实、更不可怀疑的起点。那么，当外在的世界和真理都被怀疑的酸雨冲刷干净之后，哲学还能在哪里找到这
2026-04-18 19:01:30,781 - SophiaLogger - [INFO] -   - [A] 样一个起点呢？这恐怕就催生了哲学史上一次决定性的转向。
2026-04-18 19:01:30,781 - SophiaLogger - [INFO] -   - [B] 你说得对，这确实是一次彻底的“格式化”。从普罗泰戈拉到高尔吉亚，这条怀疑论的逻辑链条其实非常清晰，几乎是内在发展的必然结果。
2026-04-18 19:01:30,781 - SophiaLogger - [INFO] -   - [B] 我们简单回顾一下：普罗泰戈拉说“人是万物的尺度”，这首先解构了巴门尼德那种唯一的、客观的“尺度”或“存在”。每个人的感受和认识都成了“真”
2026-04-18 19:01:30,781 - SophiaLogger - [INFO] -   - [B] 的尺度，世界因此分裂成无数主观的碎片，进入了“一切皆真”的相对主义状态。
2026-04-18 19:01:30,781 - SophiaLogger - [INFO] -   - [B] 但问题在于，如果所有彼此矛盾的观点都同时为“真”——比如有人说盾是金的，有人说是银的，并且两者都“真”——那么“真”这个词本身就失去了区分
2026-04-18 19:01:30,781 - SophiaLogger - [INFO] -   - [B] 对错的功能，它的标准被消解了。从逻辑上说，“一切皆真”实际上取消了“真”的意义。
2026-04-18 19:01:30,781 - SophiaLogger - [INFO] -   - [B] 高尔吉亚正是抓住了这个逻辑上的死结，并把它推向了极端。他的推理非常犀利：如果每个人的“真”都不同，且无法调和，那么从整体上看，我们就没有任
2026-04-18 19:01:30,781 - SophiaLogger - [INFO] -   - [B] 何可靠的“真”。于是，相对主义的“一切皆真”，在逻辑的彻底化之下，就翻转成了“一切皆假”。他接着用三个命题，系统性地爆破掉了早期哲学的三大支
2026-04-18 19:01:30,781 - SophiaLogger - [INFO] -   - [B] 柱：客观的“存在”、可靠的“认识”以及有效的“语言”。
2026-04-18 19:01:30,781 - SophiaLogger - [INFO] -   - [B] 所以，这不仅仅是一个智者的诡辩游戏。它标志着以寻找“客观本原”为核心的早期哲学范式——从自然哲学到爱利亚学派——被彻底颠覆和解构了。哲学第
2026-04-18 19:01:30,781 - SophiaLogger - [INFO] -   - [B] 一次面临全面的合法性危机。
2026-04-18 19:01:30,781 - SophiaLogger - [INFO] -   - [B] 然而，人终究不能生活在“一切皆假”的虚无中。如果外在的客观世界和真理都被这场怀疑论的酸雨冲刷干净了，哲学还能在哪里安家？它必须寻找一个新的
2026-04-18 19:01:30,781 - SophiaLogger - [INFO] -   - [B] 、不可动摇的基点。
2026-04-18 19:01:30,781 - SophiaLogger - [INFO] -   - [A] 是的，这就像一场思想的“清零”之后，留下了一片空旷的、甚至有些荒芜的场地。智者派，尤其是走到尽头的高尔吉亚，他们就像一群技艺高超的“拆迁队”
2026-04-18 19:01:30,781 - SophiaLogger - [INFO] -   - [A] ，把过去哲学家们辛辛苦苦建造起来的各种大厦——无论是用水、用火、还是用“存在”建造的——都论证为地基不稳，然后给拆掉了。拆完之后呢？他们某种
2026-04-18 19:01:30,781 - SophiaLogger - [INFO] -   - [A] 意义上就站在那片废墟上，告诉我们：看，什么都没有，什么也都不可知、不可说。
2026-04-18 19:01:30,781 - SophiaLogger - [INFO] -   - [A] 但人是一种很奇特的生物，我们无法长久地停留在纯粹的否定和虚无里。哲学作为一种求知的渴望，尤其如此。如果向外寻找客观真理的路径被暂时堵死了，
2026-04-18 19:01:30,781 - SophiaLogger - [INFO] -   - [A] 甚至被证明是走不通的，那么一个很自然的转向就是：向内看。
2026-04-18 19:01:30,781 - SophiaLogger - [INFO] -   - [A] 这让我想到一个比喻。就好像一群探险家，原本满怀信心要去绘制一幅外部世界的地图，结果发现所有的罗盘都失灵了，所有的地标都在变动，地图根本画不
2026-04-18 19:01:30,781 - SophiaLogger - [INFO] -   - [A] 成。在极度的困惑和挫败之后，其中一个人可能突然会想：既然外部世界如此难以把握，那我们至少可以回过头来，先搞清楚我们自己是怎样使用罗盘的、我们
2026-04-18 19:01:30,781 - SophiaLogger - [INFO] -   - [A] 是依据什么来判断方向的、我们内心对于“方向”和“正确道路”究竟有着怎样的理解和渴望。
2026-04-18 19:01:30,781 - SophiaLogger - [INFO] -   - [A] 苏格拉底的出现，就有点像这位“向内看”的探险家。智者派用怀疑作为终点，宣告了“无路可走”；而苏格拉底，在我看来，是把怀疑变成了一种方法，一
2026-04-18 19:01:30,781 - SophiaLogger - [INFO] -   - [A] 种工具。他的目标不再是去断言“世界是什么”这个可能无解的问题，而是转向去追问：“作为一个‘人’，我们应该怎样生活？”“什么是善？”“什么是正
2026-04-18 19:01:30,781 - SophiaLogger - [INFO] -   - [A] 义？”——这些关于道德和灵魂的问题，其答案似乎并不存在于飘忽不定的外部现象里，而可能深植于我们每个人的理性之中。这，或许就是哲学在废墟上找到
2026-04-18 19:01:30,781 - SophiaLogger - [INFO] -   - [A] 的第一个，也是最重要的新起点。
2026-04-18 19:01:30,781 - SophiaLogger - [INFO] -   - [A] 刚才我们聊到，智者派就像一群技艺高超的“拆迁队”，他们用“人是万物的尺度”这把锋利的工具，把早期哲学家们辛辛苦苦搭建起来的那些关于自然本原、
2026-04-18 19:01:30,781 - SophiaLogger - [INFO] -   - [A] 关于“存在”的理论大厦，几乎都给拆解了。这确实是一次思想的解放，让我们从对遥远星空的仰望，回到了对自身感受的关注。
2026-04-18 19:01:30,781 - SophiaLogger - [INFO] -   - [A] 但拆完之后呢？我们面对的是一片思想的废墟。如果每个人都是万物的尺度，那么冷热、美丑、对错，所有这些标准都变得飘忽不定，完全依赖于个人的瞬间
2026-04-18 19:01:30,781 - SophiaLogger - [INFO] -   - [A] 感受。这就像我们共同生活的大厦，地基被彻底挖空了，我们脚下踩着的，不再是坚固的岩石，而是流动的沙丘。没有客观的真理，没有共同的标准，一切坚固
2026-04-18 19:01:30,781 - SophiaLogger - [INFO] -   - [A] 的东西都烟消云散了。哲学似乎陷入了一种危险的相对主义，甚至滑向了虚无主义的边缘——如果一切都只是主观的意见，那还有什么是值得认真对待的呢？
2026-04-18 19:01:30,781 - SophiaLogger - [INFO] -   - [A] 所以，我特别想和你探讨的是，在这样一片由智者派留下的思想废墟之上，在一切标准都变得主观和相对之后，我们人类的生活，还能找到一块稳固的基石吗
2026-04-18 19:01:30,781 - SophiaLogger - [INFO] -   - [A] ？哲学探索的道路，难道就在这里终结了吗？
2026-04-18 19:01:30,781 - SophiaLogger - [INFO] -   - [B] 你描述的这个困境非常准确。智者派确实完成了一次彻底的“解构”，把哲学从对自然本质的追问，拉回到了人自身。但正如你所说，他们停在了这里，停在了
2026-04-18 19:01:30,781 - SophiaLogger - [INFO] -   - [B] 因人而异的感觉和意见层面。这就好比，他们成功地把我们的注意力从“天上”的星辰，拉回到了“人间”，但只让我们看到了地面上每个人脚下不同的、变幻
2026-04-18 19:01:30,781 - SophiaLogger - [INFO] -   - [B] 的影子。
2026-04-18 19:01:30,781 - SophiaLogger - [INFO] -   - [B] 苏格拉底同样完成了这个“目光的转向”，他也认为，像泰勒斯那样追问世界的本质，可能是人力所不能及的。真正的智慧在于“认识你自己”。但是，关键
2026-04-18 19:01:30,781 - SophiaLogger - [INFO] -   - [B] 的分歧就在这里：苏格拉底要认识的“自己”，绝不是智者派所说的那个作为“感觉尺度”的、孤立的个体。
2026-04-18 19:01:30,781 - SophiaLogger - [INFO] -   - [B] 在他看来，智者派关注的冷、热、美、丑这些感觉，恰恰是最不可靠、最变动不居的东西，是哲学需要穿透的“意见”层面。苏格拉底要探寻的，是藏在这些
2026-04-18 19:01:30,781 - SophiaLogger - [INFO] -   - [B] 纷繁感觉和具体行为背后，那个使“人”之所以为“人”的更稳定的东西。简单说，智者派看到的是“感觉的人”，而苏格拉底要寻找的是“本质的人”。
2026-04-18 19:01:30,781 - SophiaLogger - [INFO] -   - [B] 那么，这个更深的、更稳定的东西到底是什么？如果它不是外在的自然规律，也不是内在的私人感觉，它还能是什么？这恐怕就是苏格拉底留给我们的核心谜
2026-04-18 19:01:30,781 - SophiaLogger - [INFO] -   - [B] 题了。
2026-04-18 19:01:30,781 - SophiaLogger - [INFO] -   - [A] 你说得太对了，这确实是一个核心谜题。而且我觉得，苏格拉底那句著名的“认识你自己”，恰恰就是解开这个谜题的钥匙。不过，我们可能得先澄清一个常见
2026-04-18 19:01:30,781 - SophiaLogger - [INFO] -   - [A] 的误解。
2026-04-18 19:01:30,781 - SophiaLogger - [INFO] -   - [A] 很多人听到“认识你自己”，会立刻想到自我反省、心理分析，甚至有点像现代人去探索自己的情绪、童年经历。但苏格拉底的意思，远不止于此。他所说的
2026-04-18 19:01:30,782 - SophiaLogger - [INFO] -   - [A] “自己”，不是张三或李四那个独特的、充满偶然性的个体，而是人作为一个“类”，作为一个“道德存在者”，那个最根本的、普遍的规定性。
2026-04-18 19:01:30,782 - SophiaLogger - [INFO] -   - [A] 让我试着举个例子。比如，我们问“什么是勇敢？”
2026-04-18 19:01:30,782 - SophiaLogger - [INFO] -   - [A] 苏格拉底关心的，绝不是张三觉得勇敢是冲锋陷阵，李四觉得勇敢是忍辱负重。他追问的是：抛开所有具体的、个别的勇敢行为，那个让所有这些行为都能被
2026-04-18 19:01:30,782 - SophiaLogger - [INFO] -   - [A] 称为“勇敢”的、共同的、不变的东西是什么？是那个勇敢“本身”。
2026-04-18 19:01:30,782 - SophiaLogger - [INFO] -   - [A] 换句话说，他不是在收集关于勇敢的“意见”或“感觉”，那些就像你说的影子，会随着角度和光线变化。他是在寻找关于勇敢的“定义”，那个稳定不变的
2026-04-18 19:01:30,782 - SophiaLogger - [INFO] -   - [A] 本质。他把这种追问，从“勇敢”扩展到“正义”、“节制”、“善”……所有这些我们称之为“美德”的东西。所以，“认识你自己”，在苏格拉底那里，首
2026-04-18 19:01:30,782 - SophiaLogger - [INFO] -   - [A] 先就是去认识这些构成人之为人的、根本的道德本质。
2026-04-18 19:01:30,782 - SophiaLogger - [INFO] -   - [B] 你这个区分非常关键。确实，苏格拉底要寻找的不是心理学意义上的“自我”，而是伦理学意义上的“人之为人的普遍规定性”。那么，接下来的问题就是：他
2026-04-18 19:01:30,782 - SophiaLogger - [INFO] -   - [B] 具体用什么方法来寻找这个“定义”或“本质”呢？
2026-04-18 19:01:30,782 - SophiaLogger - [INFO] -   - [B] 这就是苏格拉底方法，或者说“辩证法”的精髓所在。它不是独白，而是对话。苏格拉底通常会从一个看似常识性的定义开始，比如有人会说“勇敢就是不怕
2026-04-18 19:01:30,782 - SophiaLogger - [INFO] -   - [B] 死”。然后，他会通过一系列精心设计的提问和反例，揭示这个定义的矛盾和不充分之处。比如，强盗也不怕死，但他们的行为能算勇敢吗？显然不能。那么，
2026-04-18 19:01:30,782 - SophiaLogger - [INFO] -   - [B] “不怕死”这个条件就不充分，我们需要更精确的定义。
2026-04-18 19:01:30,782 - SophiaLogger - [INFO] -   - [B] 这个过程就像思想的“接生术”，通过不断剔除那些不一致、不牢靠的意见，逼迫对话者去修正、深化自己的思考，一步步逼近那个更普遍、更精确的本质。
2026-04-18 19:01:30,782 - SophiaLogger - [INFO] -   - [B] 它的目标不是要驳倒对方，而是要共同协作，在理性的对话中，让那个客观的“定义”自己显现出来。
2026-04-18 19:01:30,782 - SophiaLogger - [INFO] -   - [B] 所以，我认为苏格拉底方法的革命性就在这里。在智者派把自然世界的“本质”解构掉之后，苏格拉底承认我们无法认识那个“天上的”本质。但他转而在“
2026-04-18 19:01:30,782 - SophiaLogger - [INFO] -   - [B] 人间”，在人的道德世界内部，开辟了一条新的道路：通过理性的对话和诘问，我们依然可以探寻并逼近关于正义、勇敢、善这些概念的客观根据。他试图在一
2026-04-18 19:01:30,782 - SophiaLogger - [INFO] -   - [B] 片感觉和意见的废墟上，用逻辑和理性，重新为道德生活打下地基。
2026-04-18 19:01:30,782 - SophiaLogger - [INFO] -   - [A] 你刚才提到“用逻辑和理性为道德生活打下地基”，这让我想到苏格拉底一个非常核心、也常常被误解的命题，就是“美德即知识”。这听起来有点反直觉，对
2026-04-18 19:01:30,782 - SophiaLogger - [INFO] -   - [A] 吧？因为我们通常觉得，一个人知道什么是好的，和他实际去做好的事，是两回事。我们身边不也有那种道理都懂，但就是做不到的人吗？
2026-04-18 19:01:30,782 - SophiaLogger - [INFO] -   - [A] 但苏格拉底的意思可能比这要深刻得多。他所说的“知识”，不是我们泛泛知道的一些道德格言，而是指对美德“本身”那个精确、普遍、理性的定义的真知
2026-04-18 19:01:30,782 - SophiaLogger - [INFO] -   - [A] 。比如，不是大概知道“正义就是欠债还钱”，而是真正理解了“正义”作为宇宙中一种客观的、理性的原则，它的本质到底是什么。
2026-04-18 19:01:30,782 - SophiaLogger - [INFO] -   - [A] 他的逻辑链条是这样的：如果一个人通过那种辩证的对话，真正在理性上把握了“正义”是什么——我是说那种毫无矛盾、逻辑自洽的、关于正义的完美定义
2026-04-18 19:01:30,782 - SophiaLogger - [INFO] -   - [A] ——那么，他的理性认知就会像一道绝对命令，驱使他必然按照正义的方式去行动。因为在他的认知框架里，“不正义”已经成了一个逻辑上荒谬、理性上无法
2026-04-18 19:01:30,782 - SophiaLogger - [INFO] -   - [A] 接受的选项。所以，在他看来，一个人如果明知故犯地去作恶，这在逻辑上是不可能的。他之所以作恶，根本上是因为他的“知”有缺陷，他处于一种“无知”
2026-04-18 19:01:30,782 - SophiaLogger - [INFO] -   - [A] 的状态——他以为自己知道什么是正义，但其实他并不知道那个真正的、完美的定义。
2026-04-18 19:01:30,782 - SophiaLogger - [INFO] -   - [A] 这样一来，苏格拉底就把道德问题，从一个关于“意志力强弱”或“情感偏好”的主观问题，彻底转化成了一个“认知水平高低”的理性问题。道德的好坏，
2026-04-18 19:01:30,782 - SophiaLogger - [INFO] -   - [A] 不再仅仅是习俗的约定或个人感觉的偏好，它变成了一种可以像数学真理一样，通过理性探讨去逼近和认识的客观知识。这就在智者派留下的那片“怎么都行”
2026-04-18 19:01:30,782 - SophiaLogger - [INFO] -   - [A] 的主观感觉废墟上，为道德的客观性，重新提供了一种可能。
2026-04-18 19:01:30,782 - SophiaLogger - [INFO] -   - [B] 你说得非常对。苏格拉底这个“美德即知识”的命题，确实是他整个道德重建工程的核心基石。他通过这个命题，完成了一次关键的转换：把道德从“应该如何
2026-04-18 19:01:30,782 - SophiaLogger - [INFO] -   - [B] 行动”的实践问题，转化成了“什么是善本身”的认识论问题。
2026-04-18 19:01:30,782 - SophiaLogger - [INFO] -   - [B] 这让我想到，我们可以把苏格拉底的这项工作，和更早的希腊自然哲学家做一个有趣的对比。泰勒斯说万物的本质是“水”，赫拉克利特说是“火”，毕达哥
2026-04-18 19:01:30,782 - SophiaLogger - [INFO] -   - [B] 拉斯说是“数”。他们都在做同一件事：在纷繁变化、流动不居的自然现象背后，寻找一个普遍、稳定、可以作为一切解释根据的“本质”或“本原”。
2026-04-18 19:01:30,782 - SophiaLogger - [INFO] -   - [B] 苏格拉底其实在做结构上完全相同的工作，只是他把探寻的领域，从**外部的自然界**，转向了**内部的人心与道德世界**。早期哲学家问：现象背
2026-04-18 19:01:30,782 - SophiaLogger - [INFO] -   - [B] 后的自然本质是什么？苏格拉底问：具体的勇敢行为背后，“勇敢”本身的本质定义是什么？他们都在寻找那个“一”，来解释“多”。
2026-04-18 19:01:30,782 - SophiaLogger - [INFO] -   - [B] 所以，哲学的研究对象发生了一次根本性的“向内转”。以前是仰望星空，探寻宇宙的秩序；现在是审视内心，探寻道德的秩序。苏格拉底在智者派把一切外
2026-04-18 19:01:30,782 - SophiaLogger - [INFO] -   - [B] 部标准都相对化、虚无化之后，试图在人的理性内部，为道德生活重新找到一块看似稳固的基石——那就是关于“善”的客观知识。他认为，只要我们能通过理
2026-04-18 19:01:30,782 - SophiaLogger - [INFO] -   - [B] 性对话，真正认识它，我们就能依此而生活。
2026-04-18 19:01:30,782 - SophiaLogger - [INFO] -   - [A] 是的，你这个“向内转”的比喻特别贴切。这让我觉得，苏格拉底完成的，其实是一个哲学史上非常经典的“否定之否定”的过程。
2026-04-18 19:01:30,782 - SophiaLogger - [INFO] -   - [A] 我们可以这样来看：早期的自然哲学家和爱利亚学派，他们是在**肯定**本质的存在。他们相信，在流变的万物背后，一定有一个不变的“水”、“火”
2026-04-18 19:01:30,782 - SophiaLogger - [INFO] -   - [A] 、“存在”作为根基。这是第一个“肯定”。
2026-04-18 19:01:30,782 - SophiaLogger - [INFO] -   - [A] 然后，智者派登场了。他们用“人是万物的尺度”这把锋利的解构之刀，把那个所谓的客观本质给**否定**掉了。他们说，没有什么独立于人的、不变的
2026-04-18 19:01:30,782 - SophiaLogger - [INFO] -   - [A] “背后之物”，一切都是因人而异的感觉和意见。哲学的地基仿佛被彻底挖空了。
2026-04-18 19:01:30,782 - SophiaLogger - [INFO] -   - [A] 而苏格拉底，他承认了智者派“转向人”这个起点，但他拒绝停留在那种“一切皆流”的相对主义废墟上。他在一个新的领域——人的道德世界内部——重新
2026-04-18 19:01:30,782 - SophiaLogger - [INFO] -   - [A] 开始了**肯定**的工作。他追问“勇敢本身”、“正义本身”，就是要重新找到那些让道德成为道德的、普遍而稳定的“本质”或“定义”。
2026-04-18 19:01:30,782 - SophiaLogger - [INFO] -   - [A] 所以，这个路径就是：肯定 -> 否定 ->
2026-04-18 19:01:30,782 - SophiaLogger - [INFO] -   - [A] 再肯定。哲学经历了一次深刻的转折，但它没有终结，而是在一片新的土地上，以新的方式重新开始了它的奠基工程。
2026-04-18 19:01:30,782 - SophiaLogger - [INFO] -   - [A] 不过，说到这里，一个很自然的问题就浮现出来了。苏格拉底为我们指明了方法——不断追问定义；也确立了目标——找到道德的本质。但他自己，似乎终其
2026-04-18 19:01:30,782 - SophiaLogger - [INFO] -   - [A] 一生都在追问“什么是善？”，却从未给出过一个终极的、令所有人满意的答案。那么，这个“善”的定义，到底存不存在？如果存在，它仅仅存在于我们不断
2026-04-18 19:01:30,782 - SophiaLogger - [INFO] -   - [A] 对话、不断逼近的理性思考之中吗？还是说，它需要一个更坚实、更超越的“住所”？
2026-04-18 19:01:30,782 - SophiaLogger - [INFO] -   - [B] 你这个问题问到了关键。确实，苏格拉底通过对话，把“善”、“正义”这些道德概念从飘忽不定的意见领域，提升到了需要理性去探寻的“知识”领域。这相
2026-04-18 19:01:30,782 - SophiaLogger - [INFO] -   - [B] 当于为道德找到了一块看似稳固的基石——它不是个人的感觉，而是可以讨论、可以逼近的客观对象。
2026-04-18 19:01:30,782 - SophiaLogger - [INFO] -   - [B] 但正如你所说，这块基石的位置有点模糊。它存在于何处？苏格拉底的对话似乎暗示，它存在于我们通过理性不断澄清的“思想”之中。但这就带来一个困境
2026-04-18 19:01:30,782 - SophiaLogger - [INFO] -   - [B] ：如果它只存在于人的理性思考里，那么当人们思考出错、或者停止思考时，这个“善本身”会不会也随之动摇甚至消失？它够不够“客观”，够不够“独立”
2026-04-18 19:01:30,782 - SophiaLogger - [INFO] -   - [B] ？
2026-04-18 19:01:30,782 - SophiaLogger - [INFO] -   - [B] 换句话说，苏格拉底重建了道德本质的**必要性**和**可能性**，但他似乎没有最终解决这个本质的**存在方式**问题。他只是把问题从“自然
2026-04-18 19:01:30,782 - SophiaLogger - [INFO] -   - [B] 世界有没有本质”，转换成了“道德世界有没有一个独立、稳固的本质”。这个未竟之问，就留给了他的学生柏拉图。
2026-04-18 19:01:30,782 - SophiaLogger - [INFO] -   - [B] 柏拉图接过这个问题，并给出了一个极其宏大、也极具野心的回答。他不再满足于仅仅在道德对话中寻找定义。他会说：如果“善本身”是真实的，那么它就
2026-04-18 19:01:30,782 - SophiaLogger - [INFO] -   - [B] 不能仅仅依附于我们的思想。它必须有一个更超越、更永恒的居所——一个独立于现象世界和人类心灵的“理念世界”。而我们所追寻的一切道德本质，乃至万
2026-04-18 19:01:30,782 - SophiaLogger - [INFO] -   - [B] 事万物的本质，都作为“理念”安居于那个世界之中。
2026-04-18 19:01:30,782 - SophiaLogger - [INFO] -   - [B] 这样一来，柏拉图实际上是把苏格拉底在道德领域点燃的这簇“本质之火”，扩展成了照亮整个宇宙的“理念之光”。他不仅要在道德领域重建本质，更要在
2026-04-18 19:01:30,782 - SophiaLogger - [INFO] -   - [B] 苏格拉底工作的基础上，为整个实在世界，重新建立一个更宏大、更精致的形而上学体系。这可以说是哲学史上一次决定性的飞跃。
2026-04-18 19:01:30,782 - SophiaLogger - [INFO] -   - [A] 嗨，大家好，欢迎回到我们的哲学对谈。今天我们要聊一个听起来很熟悉，但细想又有点挠头的话题：美德。比如，我们从小就被教导要诚实、要勇敢。诚实是
2026-04-18 19:01:30,782 - SophiaLogger - [INFO] -   - [A] 美德，这好像是个常识。但如果我们仔细想想，生活里好像总有例外，对吧？比如，对朋友诚实，这当然是美德。可如果是在战争年代，面对敌人，你还能把情
2026-04-18 19:01:30,782 - SophiaLogger - [INFO] -   - [A] 报和盘托出吗？那这种“不诚实”，似乎又成了一种忠诚和勇敢。你看，仅仅一个“诚实”，在不同的情境里，它的道德色彩好像就完全不一样了。这其实是我
2026-04-18 19:01:30,782 - SophiaLogger - [INFO] -   - [A] 们每个人在日常生活中都可能遇到的困惑：我们怎么去判断一个具体的行为，到底是不是美德呢？是看结果，看动机，还是看它符不符合某条固定的规则？好像
2026-04-18 19:01:30,782 - SophiaLogger - [INFO] -   - [A] 没有一个简单明了的答案。
2026-04-18 19:01:30,782 - SophiaLogger - [INFO] -   - [B] 你说得特别对，这种困惑恰恰是我们思考美德的起点。我们很容易列举出一些具体的美德行为，比如诚实、勇敢、慷慨。但苏格拉底敏锐地发现，仅仅列举是不
2026-04-18 19:01:30,783 - SophiaLogger - [INFO] -   - [B] 够的。这就好比，如果有人问你“什么是图形？”，你回答说“三角形是图形，圆形也是图形”，你其实并没有回答“图形本身”是什么。你只是举了几个例子
2026-04-18 19:01:30,783 - SophiaLogger - [INFO] -   - [B] 。
2026-04-18 19:01:30,783 - SophiaLogger - [INFO] -   - [B] 苏格拉底在对话中追问的，正是这个“本身”。他不满足于对方说“男人的美德是治国，女人的美德是理家”，或者“美德是正义、勇敢”。他会立刻指出：
2026-04-18 19:01:30,783 - SophiaLogger - [INFO] -   - [B] 你给了我“一窝美德”，但我要问的是那个让所有这些具体表现之所以能被称作“美德”的、那个共同的东西。那个东西，就是普遍定义。
2026-04-18 19:01:30,783 - SophiaLogger - [INFO] -   - [B] 他为什么要执着于这个看似抽象的定义呢？这背后有一个非常现实的哲学对抗。当时智者派流行一种观点，认为道德就像感觉一样，是因人而异、因时而异的
2026-04-18 19:01:30,783 - SophiaLogger - [INFO] -   - [B] ，没有客观标准。苏格拉底追问普遍定义，正是要对抗这种相对主义。他想为道德找到一个像几何定理一样稳固、客观的根基，一个不随情境和个人感觉而改变
2026-04-18 19:01:30,783 - SophiaLogger - [INFO] -   - [B] 的“美德本身”。只有找到了这个根基，我们才能有依据地去判断，某个具体行为到底是不是美德。
2026-04-18 19:01:30,783 - SophiaLogger - [INFO] -   - [A] 是的，你刚才点出了苏格拉底追问普遍定义的那个深层动机——对抗相对主义，为道德寻找客观根基。那么，顺着这个思路，苏格拉底最终找到的那个“美德本
2026-04-18 19:01:30,783 - SophiaLogger - [INFO] -   - [A] 身”，那个普遍定义，到底是什么呢？在对话的终点，他给出了一个非常凝练、也相当有冲击力的命题：“美德即知识”。
2026-04-18 19:01:30,783 - SophiaLogger - [INFO] -   - [A] 但这里的关键是，我们必须理解他说的“知识”是什么意思。它绝不是我们通常理解的某种生活技能，或者记住一些道德格言。苏格拉底所说的“知识”，特
2026-04-18 19:01:30,783 - SophiaLogger - [INFO] -   - [A] 指对“善”这个概念本身的理性认知。你可以把它想象成，不是知道“对朋友要诚实”这条具体规则，而是真正理解了“善”这个最根本的概念，它的本质是什
2026-04-18 19:01:30,783 - SophiaLogger - [INFO] -   - [A] 么。这有点像掌握了一门学科最核心的公理或第一原理，所有具体的定理都从这个原理推导出来。
2026-04-18 19:01:30,783 - SophiaLogger - [INFO] -   - [A] 所以，“美德即知识”更完整的表述是：美德，就是关于“善”的概念的知识。为什么一定要做这样的等同呢？苏格拉底的逻辑很清晰：因为只有当你真正在
2026-04-18 19:01:30,783 - SophiaLogger - [INFO] -   - [A] 理性上认识了“善”本身，你的行为才能获得一个稳固的、正确的出发点。一个行为之所以是善的、是美德，不是因为它碰巧符合某种习俗或带来了好结果，而
2026-04-18 19:01:30,783 - SophiaLogger - [INFO] -   - [A] 是因为它源于你对“善”的正确认知。这样一来，他就把道德从一种可能流于表面的行为模仿，提升到了一个需要运用理性去认识和追求的层次。
2026-04-18 19:01:30,783 - SophiaLogger - [INFO] -   - [B] 你刚才这个“公理”的类比很贴切。苏格拉底正是要把“善”本身确立为道德领域的那个“第一原理”。这就引出了他思想中一个至关重要的区分，也是理解“
2026-04-18 19:01:30,783 - SophiaLogger - [INFO] -   - [B] 美德即知识”的关键：那就是“善本身”与“具体善行”的区别。
2026-04-18 19:01:30,783 - SophiaLogger - [INFO] -   - [B] 具体善行是我们在经验世界里观察到的行为，比如帮助他人、信守承诺。但苏格拉底敏锐地指出，这些行为的道德属性往往是相对的、有条件的。一个最经典
2026-04-18 19:01:30,783 - SophiaLogger - [INFO] -   - [B] 的例子就是“欺骗”：欺骗朋友通常被认为是恶，但在战争中欺骗敌人，却可能被赞誉为智慧和善行。你看，同一个行为，在不同情境下，道德评价可以完全相
2026-04-18 19:01:30,783 - SophiaLogger - [INFO] -   - [B] 反。如果道德仅仅建立在这些摇摆不定的具体行为之上，那它就没有稳固的根基，就会像智者派说的那样，“人是万物的尺度”，最终陷入公说公有理、婆说婆
2026-04-18 19:01:30,783 - SophiaLogger - [INFO] -   - [B] 有理的相对主义。
2026-04-18 19:01:30,783 - SophiaLogger - [INFO] -   - [B] 而“善本身”，或者说“善”这个概念，在苏格拉底看来，是超越所有这些具体情境的。它不因时间、地点、对象的变化而改变其“善”的性质。它是所有具
2026-04-18 19:01:30,783 - SophiaLogger - [INFO] -   - [B] 体善行之所以“善”的那个共同根据和本质。我们判断“欺骗敌人是善”，潜意识里正是运用了关于“善”的某个更普遍的标准——比如，保护城邦、实现正义
2026-04-18 19:01:30,783 - SophiaLogger - [INFO] -   - [B] 。这个标准，就指向了那个更根本的“善本身”。
2026-04-18 19:01:30,783 - SophiaLogger - [INFO] -   - [B] 所以，苏格拉底的革命性就在这里：他把道德探讨的对象，从变动不居的、经验性的具体行为，提升到了一个普遍的、绝对的理性认知对象——“善”的概念
2026-04-18 19:01:30,783 - SophiaLogger - [INFO] -   - [B] 。追求美德，不再是模仿具体行为，而是要去认识和把握那个不变的“善本身”。这样一来，他就把“善”和“真”联系起来了：道德上的“善”，如同数学上
2026-04-18 19:01:30,783 - SophiaLogger - [INFO] -   - [B] 的“真”一样，是一个可以通过理性去探究和认识的客观对象。这为道德建立了一个理性主义的、近乎科学的基础。
2026-04-18 19:01:30,783 - SophiaLogger - [INFO] -   - [A] 你说得太好了，把“善本身”和“具体善行”这个关键区分讲得非常清楚。这让我想到，一旦我们接受了“美德即知识”——美德就是对“善本身”这个普遍概
2026-04-18 19:01:30,783 - SophiaLogger - [INFO] -   - [A] 念的真知——那么，苏格拉底就会推导出一个非常著名，但也听起来特别反直觉的结论。
2026-04-18 19:01:30,783 - SophiaLogger - [INFO] -   - [A] 那就是：**无人有意作恶**。或者说，所有的恶行，归根结底都是源于一种无知——对“善”的无知。
2026-04-18 19:01:30,783 - SophiaLogger - [INFO] -   - [A] 你看，按照他的逻辑，如果一个人真正、彻底地认识了“善”是什么，就像我们真正理解了“三角形内角和等于180度”这个几何真理一样，那么他的灵魂
2026-04-18 19:01:30,783 - SophiaLogger - [INFO] -   - [A] 就必然会被这个真理所照亮和引导。既然“善”是灵魂真正渴望的、能带来真正幸福的东西，那么一个拥有关于“善”的真知的人，怎么可能故意去选择对自己
2026-04-18 19:01:30,783 - SophiaLogger - [INFO] -   - [A] 灵魂有害的“恶”呢？这就像一个人明知火焰会灼伤自己，还非要把手伸进去一样，在苏格拉底看来，这在理性上是说不通的。
2026-04-18 19:01:30,783 - SophiaLogger - [INFO] -   - [A] 所以，他才会说，那些作恶的人，并不是“明知故犯”。他们只是“以为”自己在做对自己有利的事，但实际上，他们是被一种更深层次的“无知”蒙蔽了—
2026-04-18 19:01:30,783 - SophiaLogger - [INFO] -   - [A] —他们错误地把财富、权力、感官享乐当成了“善”，而没认识到真正的“善”是灵魂的卓越与和谐。他们缺的，不是作恶的“意愿”，而是辨别真善的“知识
2026-04-18 19:01:30,783 - SophiaLogger - [INFO] -   - [A] ”。
2026-04-18 19:01:30,783 - SophiaLogger - [INFO] -   - [A] 这个推论，是不是一下子挑战了我们很多日常经验？我们明明觉得，生活中充满了“我知道不该这么做，但我还是做了”的情况。苏格拉底的这个说法，听起
2026-04-18 19:01:30,783 - SophiaLogger - [INFO] -   - [A] 来是不是有点太理想、太严格了？
2026-04-18 19:01:30,783 - SophiaLogger - [INFO] -   - [B] 你提的这个问题非常关键，也是苏格拉底理论最受挑战、也最深刻的地方。确实，从日常经验看，“明知故犯”似乎大量存在。但苏格拉底在这里，对“知”提
2026-04-18 19:01:30,783 - SophiaLogger - [INFO] -   - [B] 出了一个极其严格、甚至可以说是苛刻的定义。
2026-04-18 19:01:30,783 - SophiaLogger - [INFO] -   - [B] 在他看来，我们通常所说的“知道不该做”，很可能只是一种表面的、浮泛的“知道道理”，或者是一种未经彻底反思的“意见”。这还不是他所说的“真知
2026-04-18 19:01:30,783 - SophiaLogger - [INFO] -   - [B] ”。真正的知识，是对“善”这个普遍概念的一种**内化于灵魂的理性认知**。它不是记住一条格言，而是一种深刻的、洞悉了事物本质的理解，这种理解
2026-04-18 19:01:30,783 - SophiaLogger - [INFO] -   - [B] 会彻底重塑你的认知框架和欲望结构。
2026-04-18 19:01:30,783 - SophiaLogger - [INFO] -   - [B] 举个例子：一个人可能“知道”吸烟有害健康，但这并不妨碍他继续吸烟。在苏格拉底看来，这恰恰证明他并没有“真知”。他的“知”停留在信息层面，并
2026-04-18 19:01:30,783 - SophiaLogger - [INFO] -   - [B] 没有内化为一种对自身“善”的清晰、坚定、支配行动的认知。如果他真的、在灵魂层面洞悉了“健康作为善”与“自身整体幸福”的必然联系，那么吸烟这个
2026-04-18 19:01:30,783 - SophiaLogger - [INFO] -   - [B] 选项，在理性上就根本不会成立。
2026-04-18 19:01:30,783 - SophiaLogger - [INFO] -   - [B] 所以，在苏格拉底这里，“知”与“行”的分离是假象。真正的“知”，必然蕴含着“行”的动力。道德上的软弱、意志的动摇，其根源都被他归结为认知的
2026-04-18 19:01:30,783 - SophiaLogger - [INFO] -   - [B] 缺陷——你没有真正“看”清楚。这样一来，**所有的道德问题，在根本上都转化成了认知问题**。作恶，就等于犯错；道德教育，就等于知识传授。这为
2026-04-18 19:01:30,783 - SophiaLogger - [INFO] -   - [B] 道德建立了一个非常坚实的理性主义根基：追求善，就是追求真理。
2026-04-18 19:01:30,783 - SophiaLogger - [INFO] -   - [A] 你刚才这个关于“真知”和“表面知道”的区分，让我一下子明白了苏格拉底为什么如此看重“方法”。因为如果美德是关于“善”的真知，那下一个问题自然
2026-04-18 19:01:30,783 - SophiaLogger - [INFO] -   - [A] 就是：我们如何才能获得这种真知呢？总不能凭空顿悟吧。
2026-04-18 19:01:30,783 - SophiaLogger - [INFO] -   - [A] 苏格拉底给出的答案，就是他那套著名的“辩证对话”，或者叫“问答法”。这可不是普通的聊天，而是一种精心设计的思维助产术。我觉得它特别像一个*
2026-04-18 19:01:30,783 - SophiaLogger - [INFO] -   - [A] *思想的清道夫**。我们很多人对事物都有一些模糊的、未经检验的看法，就像房间里堆满了杂乱的物品。苏格拉底的方法，就是通过一连串机智的提问，引
2026-04-18 19:01:30,783 - SophiaLogger - [INFO] -   - [A] 导对方自己把这些“物品”一件件拿出来审视，暴露出其中的矛盾和不合理之处，从而把错误的认识一点点清理出去，为接受真正的知识腾出空间。
2026-04-18 19:01:30,783 - SophiaLogger - [INFO] -   - [A] 柏拉图在《美诺篇》里就记录了一个绝佳的例子。苏格拉底问美诺：“什么是美德？”美诺一开始的回答非常具体，他说男人的美德是治理国家，女人的美德
2026-04-18 19:01:30,783 - SophiaLogger - [INFO] -   - [A] 是管理家务。你看，这就像我们列举“勇敢”、“诚实”这些具体行为一样。但苏格拉底马上追问：我问的是那个让所有美德所以成为美德的“共同的东西”，
2026-04-18 19:01:30,783 - SophiaLogger - [INFO] -   - [A] 是美德“本身”。这就像我问“什么是图形？”，你不能只给我看一个三角形就说“这就是图形”。通过这样不断追问、揭示矛盾，苏格拉底引导美诺逐渐摆脱
2026-04-18 19:01:30,783 - SophiaLogger - [INFO] -   - [A] 那些具体、偶然的例子，逼迫他去思考那个普遍的、本质的定义。最终，他们走向了“美德即知识”这个结论。
2026-04-18 19:01:30,783 - SophiaLogger - [INFO] -   - [A] 有意思的是，苏格拉底的很多对话，最后并没有给出一个板上钉钉的终极答案。这恰恰提示我们，**辩证法的核心价值可能不在于那个最终的结论，而在于
2026-04-18 19:01:30,783 - SophiaLogger - [INFO] -   - [A] 那个不断质疑、不断清理、不断逼近真理的过程本身**。它最重要的意义，就是帮助我们清除那些自以为是的错误意见，让我们保持思想的开放和谦卑，一步
2026-04-18 19:01:30,783 - SophiaLogger - [INFO] -   - [A] 一步走向更清晰的认识。这本身，或许就是一种理性的美德了。
2026-04-18 19:01:30,783 - SophiaLogger - [INFO] -   - [B] 你说得对，辩证法的核心确实在于这个动态的、批判性的过程。苏格拉底通过对话，本质上是在建立一个**公共的理性检验程序**。他的目标不是灌输一个
2026-04-18 19:01:30,783 - SophiaLogger - [INFO] -   - [B] 教条，而是引导对话者——以及所有潜在的听众——共同参与一场思维的实验。
2026-04-18 19:01:30,783 - SophiaLogger - [INFO] -   - [B] 我们可以这样看：智者派说“人是万物的尺度”，把道德判断锚定在个人变幻的感觉和意见上，这导致了相对主义。而苏格拉底的辩证对话，恰恰是要对抗这
2026-04-18 19:01:30,783 - SophiaLogger - [INFO] -   - [B] 一点。他把“尺度”从私人的感觉，转移到了**公共的、可被逻辑检验的理性领域**。当美诺提出一个关于美德的定义时，苏格拉底不是用自己的感觉去反
2026-04-18 19:01:30,783 - SophiaLogger - [INFO] -   - [B] 驳，而是用逻辑去检验这个定义是否普遍、是否自洽。通过揭露矛盾，他迫使对方承认这个定义不成立，必须继续寻找更稳固的根基。
2026-04-18 19:01:30,784 - SophiaLogger - [INFO] -   - [B] 所以，辩证对话与“美德即知识”的目标是紧密咬合的。它的目的，就是为“善”或“美德”这样的道德概念，找到一个**不依赖于个人好恶、能被所有理
2026-04-18 19:01:30,784 - SophiaLogger - [INFO] -   - [B] 性主体共同认知和同意的客观定义**。这个定义就是“知识”的对象。苏格拉底相信，只要我们足够理性、足够耐心地运用这种方法，我们最终能够逼近那个
2026-04-18 19:01:30,784 - SophiaLogger - [INFO] -   - [B] 关于“善本身”的普遍真理，从而为道德生活奠定一个坚实的、非相对的基础。
2026-04-18 19:01:30,784 - SophiaLogger - [INFO] -   - [B] 从这个角度看，苏格拉底的工作具有开创性的奠基意义。他不仅提出了“美德即知识”这个命题，更重要的是，他提供了一套方法论，告诉我们如何通过理性
2026-04-18 19:01:30,784 - SophiaLogger - [INFO] -   - [B] 的协作去探寻这个知识。这实际上是为整个道德哲学，乃至为柏拉图即将构建的庞大的理念论体系，铺下了一块关键的方法论基石。柏拉图后来做的系统化工作
2026-04-18 19:01:30,784 - SophiaLogger - [INFO] -   - [B] ，比如构建“善的理念”，其探寻路径正是苏格拉底用辩证法开辟出来的这条理性主义道路。
2026-04-18 19:01:30,784 - SophiaLogger - [INFO] -   - [A] 是的，你刚才这个“公共的理性检验程序”的比喻，我觉得特别精准。它把苏格拉底整个工作的逻辑闭环给串起来了。我们不妨再快速回顾一下这条清晰的“理
2026-04-18 19:01:30,784 - SophiaLogger - [INFO] -   - [A] 性主义道德重建之路”。
2026-04-18 19:01:30,784 - SophiaLogger - [INFO] -   - [A] 苏格拉底面对的是智者派留下的道德相对主义废墟。他的第一步，就是拒绝停留在“具体的美德行为”上，而是执着地追问“美德本身是什么”——也就是寻
2026-04-18 19:01:30,784 - SophiaLogger - [INFO] -   - [A] 找那个**普遍定义**。第二步，他给出了一个革命性的答案：**美德即知识**，具体来说，是关于“善”这个普遍概念的知识。这意味着，道德不再是
2026-04-18 19:01:30,784 - SophiaLogger - [INFO] -   - [A] 因人而异的感受或习俗，而是一个可以被理性认知的客观对象。第三步，从这个命题推导出一个非常严格、甚至听起来有些反常识的推论：**无人有意作恶*
2026-04-18 19:01:30,784 - SophiaLogger - [INFO] -   - [A] *。因为如果美德是对善的真知，那么作恶就只能源于无知——对什么是真正的善的无知。最后，他通过**辩证对话**这套方法论，来实践和逼近这个知识
2026-04-18 19:01:30,784 - SophiaLogger - [INFO] -   - [A] ，在对话中不断清除错误的意见，引导理性共同走向那个关于善的普遍定义。
2026-04-18 19:01:30,784 - SophiaLogger - [INFO] -   - [A] 所以，他整个工程的核心目标非常明确：就是要用“知识”和“理性”，去对抗“感觉”和“相对主义”，为人类的道德生活寻找一个**客观、稳固、普遍
2026-04-18 19:01:30,784 - SophiaLogger - [INFO] -   - [A] 的根基**。他把“善”和“真”紧紧地绑在了一起。
2026-04-18 19:01:30,784 - SophiaLogger - [INFO] -   - [A] 而这一切，都源于那句著名的神谕：“认识你自己”。苏格拉底把哲学探究的目光，从早期自然哲学家关注的“宇宙的本原”那里，坚定地转向了“人自身的
2026-04-18 19:01:30,784 - SophiaLogger - [INFO] -   - [A] 道德本质”。所以西塞罗后来说，是苏格拉底把哲学从天上拉回了人间。这无疑是一个划时代的转折，他真正开创了西方意义上的道德哲学。
2026-04-18 19:01:30,784 - SophiaLogger - [INFO] -   - [B] 没错，你总结得非常到位。苏格拉底确实为道德哲学打下了一个坚实的理性主义地基。但如果我们站在这块地基上再往前看，会发现他留下的理论框架，其实也
2026-04-18 19:01:30,784 - SophiaLogger - [INFO] -   - [B] 引出了几个非常根本、甚至有些棘手的问题。
2026-04-18 19:01:30,784 - SophiaLogger - [INFO] -   - [B] 首先，是关于那个核心概念——“善”本身。苏格拉底反复强调，我们要认识的是“善”这个普遍概念，而不是具体的善行。但问题来了：这个“善”到底是
2026-04-18 19:01:30,784 - SophiaLogger - [INFO] -   - [B] 什么？它究竟存在于哪里？它是一种纯粹存在于我们理性中的逻辑概念，还是某种独立于我们心灵和现实世界的客观实体？苏格拉底指出了方向，但并没有给出
2026-04-18 19:01:30,784 - SophiaLogger - [INFO] -   - [B] 一个系统化的本体论说明。
2026-04-18 19:01:30,784 - SophiaLogger - [INFO] -   - [B] 其次，是关于“知”与“行”的关系。“美德即知识”和“无人有意作恶”的命题，在逻辑上非常严密，但它似乎把复杂的道德心理过程过于简化了。在我们
2026-04-18 19:01:30,784 - SophiaLogger - [INFO] -   - [B] 的日常经验里，情感、欲望、意志这些非理性的因素，在驱动行动时扮演着极其重要的角色。一个人“知道”应该诚实，但可能因为恐惧或利益而选择撒谎。苏
2026-04-18 19:01:30,784 - SophiaLogger - [INFO] -   - [B] 格拉底的理论似乎暗示，只要有了纯粹的理性认知，行动就必然跟随。这是否过于理想化？纯粹的理性认知，真的足以成为驱动道德行为的充分条件吗？情感在
2026-04-18 19:01:30,784 - SophiaLogger - [INFO] -   - [B] 道德中，难道完全没有积极的位置吗？
2026-04-18 19:01:30,784 - SophiaLogger - [INFO] -   - [B] 这两个问题，一个关乎“善”的本体论地位，一个关乎道德的动力机制，恰恰是苏格拉底理论需要进一步深化的地方。而历史也告诉我们，接过这些问题的，
2026-04-18 19:01:30,784 - SophiaLogger - [INFO] -   - [B] 正是他的学生——柏拉图。尤其是那个“善”的理念，将成为柏拉图哲学体系里至高无上的核心，一个照耀并统摄一切真实与价值的太阳。从苏格拉底的追问，
2026-04-18 19:01:30,784 - SophiaLogger - [INFO] -   - [B] 到柏拉图的系统构建，这个过渡显得非常自然。
2026-04-18 19:01:30,784 - SophiaLogger - [INFO] -   - [A] 刚才我们聊到，在公元前5世纪的雅典，随着民主政治的兴起，辩论术成了一门显学。那些自称“智者”的专业人士，开始教人们如何在法庭上、在公民大会上
2026-04-18 19:01:30,784 - SophiaLogger - [INFO] -   - [A] ，用语言技巧去说服别人、赢得辩论。这听起来很像我们今天一些顶尖的律师或者辩论选手在做的事情，对吧？他们的目标非常明确：赢。
2026-04-18 19:01:30,784 - SophiaLogger - [INFO] -   - [A] 我读到过一个很有意思的例子，据说智者派的代表人物普罗泰戈拉，他教学生打官司时，会让学生先就一个案子的正方进行辩护，然后再就同一个案子的反方
2026-04-18 19:01:30,784 - SophiaLogger - [INFO] -   - [A] 进行辩护。他训练的不是学生对“正义本身”的追求，而是一种“怎么说都有理”的、纯粹为了取胜的论辩能力。这就像一把非常锋利的刀，智者派用它来解构
2026-04-18 19:01:30,784 - SophiaLogger - [INFO] -   - [A] 一切看似坚固的观念——你说这是正义？我可以用同样有力的论证说那不是正义。最后的结果往往是，没有什么东西是绝对正确的，一切都取决于你怎么说，怎
2026-04-18 19:01:30,784 - SophiaLogger - [INFO] -   - [A] 么看。
2026-04-18 19:01:30,784 - SophiaLogger - [INFO] -   - [A] 所以，这种被他们运用的“辩证法”，在当时更像是一种“为赢而辩”的竞技工具，它有一种强烈的相对主义和怀疑主义的味道，把很多传统观念都摇动了。
2026-04-18 19:01:30,784 - SophiaLogger - [INFO] -   - [A] 但这就带来了一个很根本的问题：如果我们只是用辩证法来驳倒对方，赢得掌声和诉讼，那么，关于“什么是美德”、“什么是正义”这些对我们生活至关重要
2026-04-18 19:01:30,784 - SophiaLogger - [INFO] -   - [A] 的问题，我们真的能通过这种方式找到那个坚实的、普遍的答案吗？还是说，我们只会陷入“公说公有理，婆说婆有理”的无休止争论里呢？
2026-04-18 19:01:30,784 - SophiaLogger - [INFO] -   - [B] 你说得非常到位。智者派确实是把辩证法这把刀磨得锋利无比，但他们的刀锋指向的是“赢”，是“说服”，而不是“真”。这导致了一个严重的后果：在解构
2026-04-18 19:01:30,784 - SophiaLogger - [INFO] -   - [B] 了一切看似绝对的观念之后，他们自己也陷入了“怎么都行”的相对主义泥潭。如果正义、美德这些词的意义完全取决于辩论的场合和技巧，那它们就失去了稳
2026-04-18 19:01:30,784 - SophiaLogger - [INFO] -   - [B] 定的内核，我们也就失去了进行道德判断的共同基础。
2026-04-18 19:01:30,784 - SophiaLogger - [INFO] -   - [B] 这恰恰就是苏格拉底面临的巨大挑战。他身处智者派解构之后的废墟之上，却怀抱着一个看似不可能的目标：他要重建关于美德、正义这些问题的普遍知识。
2026-04-18 19:01:30,784 - SophiaLogger - [INFO] -   - [B] 请注意，是“普遍”知识，不是因人而异的意见。他的对手，是那种“没有绝对答案”的相对主义氛围；而他的目标，是找到那个超越具体情境的、关于事物“
2026-04-18 19:01:30,784 - SophiaLogger - [INFO] -   - [B] 本身”的普遍定义。
2026-04-18 19:01:30,784 - SophiaLogger - [INFO] -   - [B] 这就形成了一个巨大的张力。智者派的辩证法是为了“驳倒”，是为了显示矛盾和无解；而苏格拉底却想用对话来“建构”，来逼近那个唯一的真理。那么问
2026-04-18 19:01:30,784 - SophiaLogger - [INFO] -   - [B] 题来了：在相对主义的废墟上，如何可能用对话——这种看起来充满主观性和偶然性的方式——去重建客观的、普遍的本质呢？苏格拉底的回答是，必须对辩证
2026-04-18 19:01:30,784 - SophiaLogger - [INFO] -   - [B] 法本身进行一次根本的改造。
2026-04-18 19:01:30,784 - SophiaLogger - [INFO] -   - [A] 是的，这个改造的核心，就是把对话从一场“对抗赛”，变成了一次“合作探寻”。苏格拉底不再试图用自己的观点去压倒对方，而是像一个真诚的旅伴，通过
2026-04-18 19:01:30,784 - SophiaLogger - [INFO] -   - [A] 提问，引导对方一起审视他们自己原本深信不疑的想法。
2026-04-18 19:01:30,784 - SophiaLogger - [INFO] -   - [A] 一个特别经典的例子，就是柏拉图《美诺篇》里，苏格拉底和美诺关于“美德”的对话。苏格拉底一上来就问了一个听起来很简单的问题：“美诺啊，请你告
2026-04-18 19:01:30,784 - SophiaLogger - [INFO] -   - [A] 诉我，美德是什么？”美诺不假思索地回答：“这还不简单？男人的美德是精于国务，女人的美德是勤于家务。”你看，他立刻给出了两个非常具体、符合当时
2026-04-18 19:01:30,784 - SophiaLogger - [INFO] -   - [A] 社会经验的例子。
2026-04-18 19:01:30,784 - SophiaLogger - [INFO] -   - [A] 但苏格拉底没有直接反驳他，而是温和地追问：“我问的是‘美德本身’，是那个让所有美德之所以成为美德的共同性质。你好像给我指着一群美德，告诉我
2026-04-18 19:01:30,784 - SophiaLogger - [INFO] -   - [A] 这是男人美德，那是女人美德，但那个统摄它们的‘美德’到底是什么呢？”这就像我问你“水果是什么？”，你立刻给我一个苹果、一个梨子，这很好，但你
2026-04-18 19:01:30,784 - SophiaLogger - [INFO] -   - [A] 还没有告诉我，那个让苹果和梨子都成为“水果”的、最根本的东西是什么。
2026-04-18 19:01:30,784 - SophiaLogger - [INFO] -   - [A] 美诺被这么一问，开始调整，他说：“哦，那美德就是统治人的能力。”苏格拉底又接着问：“那么，儿童和奴隶呢？他们通常不能统治人，难道他们就完全
2026-04-18 19:01:30,784 - SophiaLogger - [INFO] -   - [A] 没有美德了吗？”美诺只好再次修正自己的观点。
2026-04-18 19:01:30,784 - SophiaLogger - [INFO] -   - [A] 这个过程非常生动地展示了苏格拉底式对话的典型路径：他从对方认可的具体经验出发，通过一连串环环相扣的提问，不是灌输自己的答案，而是不断揭露对
2026-04-18 19:01:30,784 - SophiaLogger - [INFO] -   - [A] 方观点中隐含的矛盾或不一致，迫使对话者自己意识到：“等等，我之前的想法好像站不住脚，我需要想得更深、更普遍一些。”他不是在给予答案，而是在帮
2026-04-18 19:01:30,784 - SophiaLogger - [INFO] -   - [A] 助对方清理思想的道路。
2026-04-18 19:01:30,784 - SophiaLogger - [INFO] -   - [B] 你说得非常对，这个过程的核心，就是苏格拉底对自己角色的定位。他把自己比作一个“精神的助产士”。这个比喻非常精妙。真理，或者说那个关于事物的普
2026-04-18 19:01:30,784 - SophiaLogger - [INFO] -   - [B] 遍定义，就像是一个胎儿，它本来就潜在于对话者的灵魂之中。苏格拉底的工作，不是凭空创造一个真理塞给对方，而是通过提问和引导，帮助对方自己把这个
2026-04-18 19:01:30,784 - SophiaLogger - [INFO] -   - [B] 真理“生”出来，或者说“回忆”起来。
2026-04-18 19:01:30,784 - SophiaLogger - [INFO] -   - [B] 这其实就联系到我们之前提到过的那个“知识悖论”：人既不能学习他已知的东西，也没法学习他完全不知道的东西。那学习如何可能呢？苏格拉底和柏拉图
2026-04-18 19:01:30,784 - SophiaLogger - [INFO] -   - [B] 用“回忆说”给出了解答：我们灵魂中本来就潜藏着关于“善”、“美”、“正义”这些普遍理念的知识，只是在出生时遗忘了。学习，或者说苏格拉底的对话
2026-04-18 19:01:30,784 - SophiaLogger - [INFO] -   - [B] ，就是一个刺激回忆的过程。他通过追问具体事例，让你意识到自己回答的矛盾，正是在帮你扫除遮蔽，唤醒那份沉睡的、介于“已知”与“未知”之间的潜在
2026-04-18 19:01:30,785 - SophiaLogger - [INFO] -   - [B] 知识。
2026-04-18 19:01:30,785 - SophiaLogger - [INFO] -   - [B] 所以你看，这种方法的目标，并不总是要当场得到一个完美无缺、可以写进教科书的最终定义。事实上，很多对话，比如《游叙弗伦篇》讨论“虔敬”，最后
2026-04-18 19:01:30,785 - SophiaLogger - [INFO] -   - [B] 也没有给出明确答案。它的核心价值在于那个“接近”的过程——通过不断揭露矛盾、修正定义，我们一步步地、动态地逼近那个事物的本质。这个不断审视、
2026-04-18 19:01:30,785 - SophiaLogger - [INFO] -   - [B] 不断追问的“活动”本身，就是哲学思考的体现，也是通往“美德即知识”这条道路的必经之途。
2026-04-18 19:01:30,785 - SophiaLogger - [INFO] -   - [A] 是的，你刚才提到的《游叙弗伦篇》这个例子特别关键。我们听众朋友可能还记得，在那篇对话里，苏格拉底和游叙弗伦讨论“什么是虔敬”，他们尝试了好几
2026-04-18 19:01:30,785 - SophiaLogger - [INFO] -   - [A] 种定义，比如“做神喜欢的事”，或者“公正地对待神”，但每一个定义都在追问下显露出逻辑漏洞，最后对话在一种困惑中结束，并没有一个标准答案。
2026-04-18 19:01:30,785 - SophiaLogger - [INFO] -   - [A] 但这恰恰是苏格拉底辩证法的精髓所在。我们可以打个比方：这就像两个人一起在黑暗的房间里摸索一个宝箱。他们可能最终没有一下子摸到那个锁，但在摸
2026-04-18 19:01:30,785 - SophiaLogger - [INFO] -   - [A] 索的过程中，他们排除了很多地方——这里不是，那里也不是。更重要的是，他们通过对话，共同描绘出了这个房间的轮廓，知道了哪些是墙壁，哪些是障碍。
2026-04-18 19:01:30,785 - SophiaLogger - [INFO] -   - [A] 每一次错误的定义被排除，都意味着我们对“虔敬”或“善”的理解，被清理掉了一层迷雾，离那个核心更近了一步。这个过程本身，就是照亮黑暗、廓清认识
2026-04-18 19:01:30,785 - SophiaLogger - [INFO] -   - [A] 的过程。
2026-04-18 19:01:30,785 - SophiaLogger - [INFO] -   - [A] 所以，苏格拉底看重的，不是那个静态的、作为终点的“知识”标签，而是这个动态的、作为道路的“求知”活动。这也就自然联系到了他那个著名的终极目
2026-04-18 19:01:30,785 - SophiaLogger - [INFO] -   - [A] 标——“美德即知识”。如果美德是关于“善”的真知识，那么这种知识显然不是背诵一条教条就能获得的。它必须通过这种亲身的、不断自我批判和深化的辩
2026-04-18 19:01:30,785 - SophiaLogger - [INFO] -   - [A] 证过程才能内化。换句话说，追求美德的过程，就是实践辩证法的过程。
2026-04-18 19:01:30,785 - SophiaLogger - [INFO] -   - [B] 你说得非常对。这个“摸索”的比喻很形象，它点出了苏格拉底辩证法的建构性内核——它不是单纯的破坏，而是在排除错误中逼近本质。这也正好能解释，为
2026-04-18 19:01:30,785 - SophiaLogger - [INFO] -   - [B] 什么“美德即知识”这个看似静态的结论，必须依赖这种动态的追问过程。
2026-04-18 19:01:30,785 - SophiaLogger - [INFO] -   - [B] 我们可以想一个具体的例子。比如“欺骗”这个行为。在具体情境里，它的道德属性是相对的：欺骗敌人可能是战术智慧，欺骗朋友则是卑劣的。如果我们只
2026-04-18 19:01:30,785 - SophiaLogger - [INFO] -   - [B] 停留在具体行为的层面，就像智者派那样，很容易就会得出“道德是相对的，没有绝对的对错”这样的结论。但苏格拉底要追问的是：抛开这些具体情境，有没
2026-04-18 19:01:30,785 - SophiaLogger - [INFO] -   - [B] 有一个关于“善”或“正义”本身的普遍标准，能让我们从根本上判断，一个行为在何种意义上可以被称作“善”？
2026-04-18 19:01:30,785 - SophiaLogger - [INFO] -   - [B] 他的辩证法，正是为了探寻这个标准而设计的工具。通过不断追问“什么是善”，迫使对话者从列举“善的行为”，转向思考“善本身”的定义。这个过程，
2026-04-18 19:01:30,785 - SophiaLogger - [INFO] -   - [B] 就像从一堆具体的三角形、长方形中，抽象出“图形”的普遍概念一样。只有剥离了具体情境的偶然性，我们才有可能触及那个具有绝对性和普遍性的“善的理
2026-04-18 19:01:30,785 - SophiaLogger - [INFO] -   - [B] 念”。因此，辩证法不是为辩论而辩论，它是一种精神上的“净化”和“提纯”过程，目的是从经验的杂多中，蒸馏出关于本质的普遍知识。
2026-04-18 19:01:30,785 - SophiaLogger - [INFO] -   - [B] 所以，总结来说，苏格拉底的“精神接生术”，正是他为对抗智者派的相对主义、重建关于美德和善的普遍本质，而锻造出的具体方法论工具。
2026-04-18 19:01:30,785 - SophiaLogger - [INFO] -   - [A] 是的，你这个“提纯”和“蒸馏”的比喻，我觉得特别精准。苏格拉底确实是把智者派用来搅浑水的辩论术，改造成了一套精密的“思想提纯装置”。他通过对
2026-04-18 19:01:30,785 - SophiaLogger - [INFO] -   - [A] 话，一层层剥离掉那些具体的、偶然的、充满矛盾的意见，最后试图让那个普遍的本质结晶出来。
2026-04-18 19:01:30,785 - SophiaLogger - [INFO] -   - [A] 这让我想到亚里士多德后来对老师的评价。他说，有两件伟大的事要归功于苏格拉底：一个是“归纳推理”，另一个就是“寻求普遍定义”。这不正是对他辩
2026-04-18 19:01:30,785 - SophiaLogger - [INFO] -   - [A] 证法成果最凝练的概括吗？他的对话，总是在从具体的例子出发，通过归谬和引导，让对话者自己意识到，我们需要的不是一堆例子，而是那个能统摄所有例子
2026-04-18 19:01:30,785 - SophiaLogger - [INFO] -   - [A] 的“普遍定义”。这个“普遍定义”，后来在柏拉图那里，就获得了它独立而崇高的名字——“理念”。可以说，苏格拉底用他的对话，为柏拉图恢弘的理念大
2026-04-18 19:01:30,785 - SophiaLogger - [INFO] -   - [A] 厦，亲手烧制好了第一块，也是最关键的一块砖：那就是探寻普遍本质的**方法**。
2026-04-18 19:01:30,785 - SophiaLogger - [INFO] -   - [A] 不过，说到这里，我心里也升起一个很实际的疑问。这种高度依赖对话合作和对方“灵魂回忆”的方法，真的能确保我们获得那个客观的真理吗？如果我的对
2026-04-18 19:01:30,785 - SophiaLogger - [INFO] -   - [A] 话伙伴，他要么就是不愿意诚实地跟我一起思考，要么他的逻辑能力实在有限，根本无法跟上这种层层递进的诘问，那这套精妙的“精神接生术”，会不会就完
2026-04-18 19:01:30,785 - SophiaLogger - [INFO] -   - [A] 全失效了呢？这似乎给这种看似完美的求真方法，留下了一个现实的软肋。
2026-04-18 19:01:30,785 - SophiaLogger - [INFO] -   - [B] 你说得对，这确实触及了苏格拉底方法的一个根本性张力。一方面，他的辩证法预设了真理潜在于每个人的灵魂中，可以通过理性的对话被“回忆”出来；但另
2026-04-18 19:01:30,785 - SophiaLogger - [INFO] -   - [B] 一方面，这个过程又极度依赖对话双方共同的理性意愿和能力。如果一方拒绝真诚合作，或者缺乏必要的逻辑训练，这个“助产”过程就可能中断。
2026-04-18 19:01:30,785 - SophiaLogger - [INFO] -   - [B] 这或许也解释了，为什么苏格拉底的许多对话，比如我们之前提到的《游叙弗伦篇》，常常以“无结论”告终。这未必是方法的失败，反而可能凸显了它的诚
2026-04-18 19:01:30,785 - SophiaLogger - [INFO] -   - [B] 实：它不强行给出一个独断的答案，而是清晰地展示了，在缺乏共同理性基础的情况下，我们离那个“普遍定义”还有多远。真理的探寻，在这里变成了一项需
2026-04-18 19:01:30,785 - SophiaLogger - [INFO] -   - [B] 要共同承担的、严肃的理性事业。
2026-04-18 19:01:30,785 - SophiaLogger - [INFO] -   - [B] 而这也恰恰引出了柏拉图将要面对和解决的课题。你的搭档刚才提到了，苏格拉底找到了“普遍定义”这块关键的砖，但他似乎没有为这块砖找到一个稳固的
2026-04-18 19:01:30,785 - SophiaLogger - [INFO] -   - [B] 、客观的“安放之地”。如果“善本身”、“美本身”这些定义，仅仅是我们通过对话“回忆”起来的心灵内容，那它们会不会还是太主观、太依赖于偶然的对
2026-04-18 19:01:30,785 - SophiaLogger - [INFO] -   - [B] 话情境了呢？
2026-04-18 19:01:30,785 - SophiaLogger - [INFO] -   - [B] 柏拉图显然意识到了这个问题。所以，他的工作，就是把老师苏格拉底在对话中苦苦追寻的那些“普遍定义”，从一个**认识论和方法论**的成果，彻底
2026-04-18 19:01:30,785 - SophiaLogger - [INFO] -   - [B] 地**本体论化**。也就是说，在柏拉图那里，“善的理念”、“美的理念”不再仅仅是存在于我们心灵中的概念，或者对话达成的共识，而是变成了独立于
2026-04-18 19:01:30,785 - SophiaLogger - [INFO] -   - [B] 我们心灵和感官世界之外的、客观实在的“理念世界”中的实体。苏格拉底的辩证法，也从一种人与人之间的对话艺术，在柏拉图那里，发展成了一种灵魂认识
2026-04-18 19:01:30,785 - SophiaLogger - [INFO] -   - [B] 这个更高、更真实的“理念世界”的宏大方法。这，就是我们下一阶段要探讨的，柏拉图的“理念论”了。
2026-04-18 19:01:30,785 - SophiaLogger - [INFO] -   - [A] 嗯，你刚才提到苏格拉底那句著名的“认识你自己”，确实，这标志着一个巨大的哲学转向。在他之前，哲学家们仰望星空，追问世界的本原是什么，是水、是
2026-04-18 19:01:30,785 - SophiaLogger - [INFO] -   - [A] 火、是数。但苏格拉底把目光收了回来，投向了人自身。这有点像什么呢？就像一群探险家一直在争论远方那座山的岩石成分，而苏格拉底却说，我们先别急着
2026-04-18 19:01:30,785 - SophiaLogger - [INFO] -   - [A] 争论山，我们得先搞清楚我们是谁，我们为什么要去探险，我们用的工具和地图是否可靠。
2026-04-18 19:01:30,785 - SophiaLogger - [INFO] -   - [A] 不过，我觉得这里有一个非常精妙的对比。和他同时代的智者普罗泰戈拉也说“人是万物的尺度”，听起来好像也是在关注人。但这两者其实有本质的不同。
2026-04-18 19:01:30,785 - SophiaLogger - [INFO] -   - [A] “人是万物的尺度”更像是在说，每个人都有自己的尺子，你的感觉就是你的真理，我的感觉就是我的真理，结果就是没有一把公共的尺子，走向了相对主义。
2026-04-18 19:01:30,785 - SophiaLogger - [INFO] -   - [A] 而苏格拉底的“认识你自己”，恰恰是要在每个人千差万别的具体行为背后，去寻找那把公共的、关于“美德”、“正义”、“善”的尺子。他不是要解构真理
2026-04-18 19:01:30,785 - SophiaLogger - [INFO] -   - [A] ，而是要重建一种关于人的、道德的普遍本质。
2026-04-18 19:01:30,785 - SophiaLogger - [INFO] -   - [A] 但更关键的是，苏格拉底的目标似乎不止于此。他探寻人的道德本质，好像并不仅仅是为了给人间的行为立规矩。他有一个更深远的指向。他认为，通过认识
2026-04-18 19:01:30,785 - SophiaLogger - [INFO] -   - [A] 人自己，尤其是认识我们灵魂中那种追求善、追求秩序的特性，我们最终能够认识那个安排了这一切的“神”。所以，“认识你自己”其实是一把钥匙，一把试
2026-04-18 19:01:30,785 - SophiaLogger - [INFO] -   - [A] 图打开理解神与世界关系之门的钥匙。那么，接下来的问题就很自然了：在苏格拉底看来，神与世界、与我们人，究竟是一种怎样的关系呢？神是如何“安排”
2026-04-18 19:01:30,785 - SophiaLogger - [INFO] -   - [A] 这个世界的？
2026-04-18 19:01:30,785 - SophiaLogger - [INFO] -   - [B] 你说得非常对。苏格拉底确实认为，认识自己是通往认识神的道路。那么，神是如何安排世界的呢？这里就涉及到苏格拉底对前人思想的一个关键性批判和推进
2026-04-18 19:01:30,785 - SophiaLogger - [INFO] -   - [B] 。
2026-04-18 19:01:30,785 - SophiaLogger - [INFO] -   - [B] 他特别欣赏一位叫阿那克萨戈拉的哲学家。阿那克萨戈拉提出了一个了不起的概念，叫“努斯”，可以理解为“心灵”或“理性”。他认为，是“努斯”最初
2026-04-18 19:01:30,785 - SophiaLogger - [INFO] -   - [B] 推动了混沌，让世界开始运动和分离。苏格拉底非常欣赏这个想法，因为这第一次为世界的运动找到了一个理性的、非物质的“动力因”。
2026-04-18 19:01:30,785 - SophiaLogger - [INFO] -   - [B] 但苏格拉底觉得这远远不够。打个比方，阿那克萨戈拉就像是在说：看，是神推动了世界这台巨大的机器，让它转起来了。但苏格拉底要追问的是：神为什么
2026-04-18 19:01:30,785 - SophiaLogger - [INFO] -   - [B] 要这样推动？他设计这台机器的目的是什么？他让世界这样运转，是为了实现一个什么样的“善”的蓝图？
2026-04-18 19:01:30,785 - SophiaLogger - [INFO] -   - [B] 也就是说，阿那克萨戈拉只看到了“动力因”——是什么让世界动起来；而苏格拉底要追问的是“目的因”——世界为了什么而动。他认为，神不仅启动了世
2026-04-18 19:01:30,785 - SophiaLogger - [INFO] -   - [B] 界，更是按照智慧和善的目的来精心安排世界万物，包括我们的身体和灵魂。这就把我们引向了一个全新的视角：世界不是盲目运动的，而是有智慧、有目的的
2026-04-18 19:01:30,785 - SophiaLogger - [INFO] -   - [B] 安排。这就是“目的论”的引入。
2026-04-18 19:01:30,785 - SophiaLogger - [INFO] -   - [A] 是的，这个“目的论”的视角，一旦打开，看世界的眼光就完全不同了。它不再是冷冰冰的、偶然的物理运动，而像是一件精心设计的、充满意义的作品。
2026-04-18 19:01:30,785 - SophiaLogger - [INFO] -   - [A] 我们可以从身边最熟悉的事物来感受。比如，我们的眼睛。它的结构如此精巧，有透明的角膜、可以调节焦距的晶状体、感光的视网膜……这一切，难道仅仅
2026-04-18 19:01:30,785 - SophiaLogger - [INFO] -   - [A] 是原子偶然碰撞的结果吗？在苏格拉底看来，这显然是神为了让我们“看”这个目的而设计的。同样，我们拥有理性灵魂，能够思考、辨别善恶、追求知识，这
2026-04-18 19:01:30,785 - SophiaLogger - [INFO] -   - [A] 也不是偶然的。他认为，这正是神赋予我们的最高贵的部分，其目的就是为了让我们去“认识善”，去理解神安排世界的智慧和善意。
2026-04-18 19:01:30,786 - SophiaLogger - [INFO] -   - [A] 所以，在苏格拉底这里，世界万物，从日月星辰的运行，到一草一木的生长，再到我们人的身体构造和灵魂能力，都不是盲目的。它们背后都有一个指向“善
2026-04-18 19:01:30,786 - SophiaLogger - [INFO] -   - [A] ”的、智慧的目的。神就像一个最伟大的工匠和设计师，他的“善”不仅是道德概念，更是整个宇宙秩序的内在法则。
2026-04-18 19:01:30,786 - SophiaLogger - [INFO] -   - [B] 你刚才举的例子非常贴切。眼睛是为了看，理性是为了认识善。这恰恰点明了苏格拉底目的论最关键的一步：它为道德找到了一个终极的、客观的根基。
2026-04-18 19:01:30,786 - SophiaLogger - [INFO] -   - [B] 我们之前讨论过，苏格拉底的核心命题是“美德即知识”。但这里有一个根本问题：如果“善”或“美德”仅仅是人类社会的习俗或约定，那么“知识”又从
2026-04-18 19:01:30,786 - SophiaLogger - [INFO] -   - [B] 何谈起？知识总得是关于某个客观对象的知识。苏格拉底的目的论，就提供了这个对象。在他看来，“善”的本质，并不是我们主观臆造的，而是神在设计和安
2026-04-18 19:01:30,786 - SophiaLogger - [INFO] -   - [B] 排世界时所依据的那个最高目的和智慧原则。因此，“认识美德的本质”，本质上就是在认识神安排世界的目的。你的理性灵魂去认识善，这本身就是实现神赋
2026-04-18 19:01:30,786 - SophiaLogger - [INFO] -   - [B] 予你的那个“认识目的”的功能。
2026-04-18 19:01:30,786 - SophiaLogger - [INFO] -   - [B] 这样一来，道德实践——也就是行善——就有了全新的意义。它不再仅仅是遵守社会规范，或者追求个人幸福，而是在实现你作为被造物的“天命”，在履行
2026-04-18 19:01:30,786 - SophiaLogger - [INFO] -   - [B] 神在设计你时预设好的功能。道德因此获得了一种神圣的必然性。苏格拉底通过目的论，成功地将道德哲学从相对主义的泥潭中拉了出来，为它奠定了一个神学
2026-04-18 19:01:30,786 - SophiaLogger - [INFO] -   - [B] 的、同时也是近乎“科学”的坚实基础。
2026-04-18 19:01:30,786 - SophiaLogger - [INFO] -   - [B] 所以，苏格拉底的哲学到这里，就完成了一次关键的连接：他从探讨人的道德本质出发，最终通过目的论，将人的道德通向了神和世界的整体秩序。道德不再
2026-04-18 19:01:30,786 - SophiaLogger - [INFO] -   - [B] 是孤立的领域，而是嵌入在一个有目的、有意义的宇宙图景之中。但这仅仅是开始，一个更宏大的问题随之而来：这种目的论思想，对于我们理解世界本身——
2026-04-18 19:01:30,786 - SophiaLogger - [INFO] -   - [B] 它的结构、它的本质——到底意味着什么？它是否为我们提供了一种全新的、理解万物“本原”的方式？
2026-04-18 19:01:30,786 - SophiaLogger - [INFO] -   - [A] 你刚才把道德和宇宙秩序连接起来的这个视角，让我想到一个很有意思的比喻。如果把古希腊哲学家们探寻世界“本原”的过程，想象成一群人在研究一台极其
2026-04-18 19:01:30,786 - SophiaLogger - [INFO] -   - [A] 复杂的机器。
2026-04-18 19:01:30,786 - SophiaLogger - [INFO] -   - [A] 最早的自然哲学家，比如泰勒斯说“水是万物的本原”，他们就像是在拆解这台机器，试图找出它最基本的“零件”是什么——这就是“质料因”。后来，爱
2026-04-18 19:01:30,786 - SophiaLogger - [INFO] -   - [A] 利亚学派的巴门尼德说“存在是一”，他关注的不是零件，而是这台机器之所以能被称为“机器”的那个最根本的“形式”或“结构”——这是“形式因”。再
2026-04-18 19:01:30,786 - SophiaLogger - [INFO] -   - [A] 后来，阿那克萨戈拉提出了“努斯”，说有一个“心灵”在推动和安排这一切——这就像是找到了让机器运转起来的“动力源”，也就是“动力因”。
2026-04-18 19:01:30,786 - SophiaLogger - [INFO] -   - [A] 那么，苏格拉底做了什么呢？他指着这台精密的机器，问了一个看似简单、却无比深刻的问题：“这台机器，它到底是‘为了什么’而被设计出来的？它要达
2026-04-18 19:01:30,786 - SophiaLogger - [INFO] -   - [A] 成什么目的？”
2026-04-18 19:01:30,786 - SophiaLogger - [INFO] -   - [A] 这就是他引入的“目的因”。
2026-04-18 19:01:30,786 - SophiaLogger - [INFO] -   - [A] 在苏格拉底看来，阿那克萨戈拉只说了“努斯”推动了世界，却没有追问它“为何”如此推动。就像只发现了一个强大的引擎，却没问这引擎要驱动机器去完
2026-04-18 19:01:30,786 - SophiaLogger - [INFO] -   - [A] 成什么任务。苏格拉底认为，神安排万物，不是盲目的推动，而是带着“善”的目的，为了让万物各得其所，各尽其能。眼睛的结构是为了“看”，理性的灵魂
2026-04-18 19:01:30,786 - SophiaLogger - [INFO] -   - [A] 是为了“认识善”，整个世界的秩序，也是为了实现某种最高的“善”的目的。
2026-04-18 19:01:30,786 - SophiaLogger - [INFO] -   - [A] 这样一来，苏格拉底实际上是为理解世界，补上了最后、也是最关键的一块拼图。质料、形式、动力、目的——这后来被亚里士多德系统总结为“四因”的框
2026-04-18 19:01:30,786 - SophiaLogger - [INFO] -   - [A] 架，在苏格拉底这里已经呼之欲出了。他告诉我们，要真正理解一个事物，尤其是像“人”或者“世界”这样复杂的事物，你不能只看它由什么构成，也不能只
2026-04-18 19:01:30,786 - SophiaLogger - [INFO] -   - [A] 看它的抽象结构，甚至不能只看它如何动起来，你必须追问它的“目的”和“意义”是什么。他为解释世界，提供了一个前所未有的、更完整的模型。
2026-04-18 19:01:30,786 - SophiaLogger - [INFO] -   - [B] 你这个“四因”的比喻非常精到，它清晰地勾勒出了苏格拉底工作的哲学史坐标。我们之前一直在强调他的“破”与“立”，现在可以看得更具体了。
2026-04-18 19:01:30,786 - SophiaLogger - [INFO] -   - [B] 他“破”的，正是早期自然哲学家那种独断地探寻“质料因”或“形式因”的路径。苏格拉底从根本上质疑了人是否有能力认识自然的本原，认为那是神才能
2026-04-18 19:01:30,786 - SophiaLogger - [INFO] -   - [B] 把握的领域。这实际上是对之前哲学探索方式的一次深刻解构。
2026-04-18 19:01:30,786 - SophiaLogger - [INFO] -   - [B] 但他并没有止步于解构。他“立”的，恰恰是你提到的“目的因”，并且是以“善”为核心的道德目的论。这不仅仅是补全了一个解释维度，更是为哲学的重
2026-04-18 19:01:30,786 - SophiaLogger - [INFO] -   - [B] 建指明了全新的方向。从此，理解世界的核心，从追问“它是什么”或“它怎么动”，转向了追问“它为了什么善的目的而存在”。这个“善”的目的，既是道
2026-04-18 19:01:30,786 - SophiaLogger - [INFO] -   - [B] 德世界的基石，也为重新理解整个宇宙秩序提供了钥匙。
2026-04-18 19:01:30,786 - SophiaLogger - [INFO] -   - [B] 所以，苏格拉底的双重性就在这里：他既终结了旧的自然哲学探寻方式，又在道德和目的论的层面，为一种新的、更宏大的形而上学体系——一种将道德、神
2026-04-18 19:01:30,786 - SophiaLogger - [INFO] -   - [B] 意和宇宙目的统一起来的体系——准备了最关键的基石。那么，一个自然而然的问题就出现了：谁将在这块基石上，建立起系统化的新大厦呢？苏格拉底的思想
2026-04-18 19:01:30,786 - SophiaLogger - [INFO] -   - [B] 将如何被继承和发展？
2026-04-18 19:01:30,786 - SophiaLogger - [INFO] -   - [A] 是的，你刚才的总结让我想到，苏格拉底引入“目的因”这件事，其实远远超出了道德哲学的范畴。它就像在哲学的地图上，架起了一座关键的桥梁。
2026-04-18 19:01:30,786 - SophiaLogger - [INFO] -   - [A] 这座桥的一端，是他所开创的道德哲学，探讨“善”、“美德”这些关于人的问题。而桥的另一端，则通往了神学和形而上学，也就是关于神、关于世界整体
2026-04-18 19:01:30,786 - SophiaLogger - [INFO] -   - [A] 秩序和终极原因的思考。苏格拉底通过追问“为了什么善的目的”，实际上是把“善”这个原本属于道德领域的范畴，提升为了解释世界整体的最高原则。世界
2026-04-18 19:01:30,786 - SophiaLogger - [INFO] -   - [A] 为什么是这样安排的？因为神是智慧的、善的，所以一切都是为了一个善的目的。
2026-04-18 19:01:30,786 - SophiaLogger - [INFO] -   - [A] 这直接为他的学生柏拉图铺平了道路。柏拉图后来提出的那个作为最高实在的“善的理念”，它既是所有理念世界的太阳和源泉，也是万物追求的最高目的和
2026-04-18 19:01:30,786 - SophiaLogger - [INFO] -   - [A] 最终动力。这个思想的核心种子，可以说就埋藏在苏格拉底这里。
2026-04-18 19:01:30,786 - SophiaLogger - [INFO] -   - [A] 所以，苏格拉底的工作，就像一位伟大的建筑师，他清理了旧的地基，指出了新的、更稳固的建造方向——也就是以“善”和“目的”为核心来理解一切。但
2026-04-18 19:01:30,786 - SophiaLogger - [INFO] -   - [A] 他自己更多地是停留在指出这个方向和寻求定义上。真正拿起图纸，开始在这块基石上建造那座宏伟的形而上学大厦的，是他的学生柏拉图。
2026-04-18 19:01:30,786 - SophiaLogger - [INFO] -   - [B] 你说得非常对。苏格拉底确实是一位伟大的奠基者和引路人。他指出了“目的”和“善”作为理解世界的关键，但他本人并没有将这个原则彻底地系统化，并推
2026-04-18 19:01:30,786 - SophiaLogger - [INFO] -   - [B] 广到整个世界。
2026-04-18 19:01:30,786 - SophiaLogger - [INFO] -   - [B] 这里的关键一步，是由柏拉图完成的。我们可以清晰地看到他们师徒之间的思想发展脉络。苏格拉底的核心工作是“寻求定义”，他追问“什么是勇敢本身”
2026-04-18 19:01:30,786 - SophiaLogger - [INFO] -   - [B] 、“什么是善本身”。这个“本身”，在他那里，主要还是一个存在于我们思想中的、关于道德范畴的抽象定义。它是一种逻辑上的普遍性，但苏格拉底并没有
2026-04-18 19:01:30,786 - SophiaLogger - [INFO] -   - [B] 明确说这个“善本身”是一个可以脱离我们思想而独立存在的客观实体。
2026-04-18 19:01:30,786 - SophiaLogger - [INFO] -   - [B] 柏拉图则迈出了决定性的一步。他把老师所追问的这个“本身”，彻底地客观化和实体化了。在柏拉图那里，“善的理念”不再仅仅是思想中的一个概念，它
2026-04-18 19:01:30,786 - SophiaLogger - [INFO] -   - [B] 变成了一个客观存在的、最高的精神性实体。它独立于我们的心灵，也独立于具体的善行而存在。更重要的是，柏拉图将这种追问“本质”或“理念”的方式，
2026-04-18 19:01:30,786 - SophiaLogger - [INFO] -   - [B] 从苏格拉底专注的道德领域，推广到了万事万物。桌子有“桌子的理念”，美有“美的理念”，整个世界背后都存在一个由这些客观“理念”构成的真实世界。
2026-04-18 19:01:30,786 - SophiaLogger - [INFO] -   - [B] 这样一来，苏格拉底那个用来解释道德秩序的“目的因”——即神为了善的目的安排一切——就被柏拉图系统化、形而上学化了。在理念论的体系里，“善的
2026-04-18 19:01:30,786 - SophiaLogger - [INFO] -   - [B] 理念”成为了所有理念世界的太阳，是万物存在的最终根据和追求的最高目的。苏格拉底播下的目的论种子，在柏拉图这里长成了一棵覆盖整个存在领域的形而
2026-04-18 19:01:30,786 - SophiaLogger - [INFO] -   - [B] 上学大树。
2026-04-18 19:01:30,786 - SophiaLogger - [INFO] - [同步时间测试] parse_recursive 耗时: 0.0343 秒
2026-04-18 19:01:30,786 - SophiaLogger - [INFO] - >>> 2. 开始逐句生成音频与时间轴
2026-04-18 19:01:30,786 - SophiaLogger - [INFO] - 正在生成 [A]: 好的，搭档。那我们今天就从古希腊哲学的起点开始聊起。想象一下，两千多年前的爱琴海边，一群最早的哲学家，就像人类最初的好奇宝宝，他们仰望星空，
2026-04-18 19:01:34,127 - SophiaLogger - [INFO] - 正在生成 [A]: 环视大地，心里盘旋着一个最根本的问题：我们眼前这个纷繁复杂、变化万千的世界，它的**底子**到底是什么？或者说，万物最根本、最原始的那个**
2026-04-18 19:01:36,700 - SophiaLogger - [INFO] - 正在生成 [A]: 东西**是什么？
2026-04-18 19:01:37,376 - SophiaLogger - [INFO] - 正在生成 [A]: 于是，答案就五花八门地来了。比如米利都的泰勒斯，他观察世界，觉得水太重要了，生命离不开它，大地似乎也漂浮在水上，所以他断言：**万物的本原
2026-04-18 19:01:40,296 - SophiaLogger - [INFO] - 正在生成 [A]: 是水**。一切从水中来，又复归于水。紧接着，他的学生阿那克西曼德觉得，老师说得太具体了，水怎么能解释火呢？他提出了一个更抽象的概念，叫“无定
2026-04-18 19:01:43,326 - SophiaLogger - [INFO] - 正在生成 [A]: ”。再往后，赫拉克利特站出来，他看到的世界的核心是永恒的变化，就像熊熊燃烧的火焰，所以他说：**世界的本原是火**，并且留下一句名言，“人不
2026-04-18 19:01:46,083 - SophiaLogger - [INFO] - 正在生成 [A]: 能两次踏进同一条河流”。
2026-04-18 19:01:46,884 - SophiaLogger - [INFO] - 正在生成 [A]: 但就在大家为水、火、气这些具体的东西争论不休时，爱利亚的巴门尼德提出了一个石破天惊的观点。他说，你们都被变化的现象欺骗了。真正的“本原”不
2026-04-18 19:01:49,837 - SophiaLogger - [INFO] - 正在生成 [A]: 是任何具体物，而是那个唯一、不变、不动的
2026-04-18 19:01:51,039 - SophiaLogger - [INFO] - 正在生成 [A]: **“存在”** 。变化和多样性，都只是虚幻的感觉。
2026-04-18 19:01:52,243 - SophiaLogger - [INFO] - 正在生成 [A]: 你看，从具体的水火，到抽象的“存在”，哲学家们各执一词，都认为自己找到了世界的终极答案。但问题就在于，**谁也说服不了谁**。你说水是本原
2026-04-18 19:01:55,270 - SophiaLogger - [INFO] - 正在生成 [A]: ，我怎么解释干燥的沙漠？你说火是本原，那水怎么来的？你说有个不变的“存在”，可我明明看到花开花落、四季更迭啊。
2026-04-18 19:01:57,491 - SophiaLogger - [INFO] - 正在生成 [A]: 所以，听着这些古老的争论，我有时会忍不住想：这种对遥远、抽象“本原”的追问，就像一场看不到终点的智力赛跑。它非常深刻，激发了最初的理性光芒
2026-04-18 19:02:00,320 - SophiaLogger - [INFO] - 正在生成 [A]: ，但争论来争论去，似乎陷入了一种僵局。那么，这种关于世界“底子”的玄奥思辨，对于我们理解眼前这个鲜活的世界，处理我们具体的生活，真的有直接的
2026-04-18 19:02:02,825 - SophiaLogger - [INFO] - 正在生成 [A]: 帮助吗？这是不是一个值得怀疑的问题呢？
2026-04-18 19:02:03,908 - SophiaLogger - [INFO] - 正在生成 [B]: 你提的这个问题非常关键，它恰恰点出了古希腊哲学发展到那个阶段所面临的一个内在困境。我们可以这样看：早期哲学家们，从泰勒斯到巴门尼德，他们的目
2026-04-18 19:02:07,160 - SophiaLogger - [INFO] - 正在生成 [B]: 光始终是**向上**的，或者说**向外**的，紧紧盯着那个作为万物来源和基础的“本原”。无论是水、火，还是“存在”，它们都像是隐藏在现象世界
2026-04-18 19:02:09,994 - SophiaLogger - [INFO] - 正在生成 [B]: 背后的、一个终极的、统一的答案。
2026-04-18 19:02:11,125 - SophiaLogger - [INFO] - 正在生成 [B]: 但正如你所说，当关于这个终极答案的学说彼此冲突，又都无法被彻底证实或证伪时，一种深刻的怀疑就产生了。这种怀疑可能不仅仅是针对某个具体的答案
2026-04-18 19:02:14,052 - SophiaLogger - [INFO] - 正在生成 [B]: ，比如“水”或者“存在”，而可能是针对**这种追问方式本身**。如果那个唯一的、确定的“本原”如此遥不可及，甚至可能根本不存在，那么，我们是
2026-04-18 19:02:16,756 - SophiaLogger - [INFO] - 正在生成 [B]: 否应该换一个思路？
2026-04-18 19:02:17,607 - SophiaLogger - [INFO] - 正在生成 [B]: 于是，哲学史上一个重要的转折点出现了：一些思想家开始尝试**把目光从星空拉回地面**。他们不再执着于追问那个或许只有神才能把握的、关于宇宙
2026-04-18 19:02:20,455 - SophiaLogger - [INFO] - 正在生成 [B]: 的终极答案，转而开始关心更切近、更实际的问题——**人本身，以及人所生活的社会**。如果世界的“底子”我们暂时搞不清楚，那么，我们能把握的、
2026-04-18 19:02:23,186 - SophiaLogger - [INFO] - 正在生成 [B]: 更应该关心的，难道不是我们如何认识世界、如何定义善恶、如何在城邦中共同生活这些更紧迫的议题吗？
2026-04-18 19:02:25,095 - SophiaLogger - [INFO] - 正在生成 [B]: 而接下来登场的智者派，以及我们更为熟悉的苏格拉底，正是这种“目光向下”的哲学新方向的代表。他们的出现，标志着希腊哲学的主题，发生了一次根本
2026-04-18 19:02:27,813 - SophiaLogger - [INFO] - 正在生成 [B]: 性的转移。
2026-04-18 19:02:28,473 - SophiaLogger - [INFO] - 正在生成 [A]: 是的，这种“目光向下”的转向，在智者派那里表现得非常鲜明，甚至可以说有点“激进”。他们的代表人物普罗泰戈拉，有一句非常著名的话，我想大家可能
2026-04-18 19:02:31,428 - SophiaLogger - [INFO] - 正在生成 [A]: 都听过，就是“人是万物的尺度”。
2026-04-18 19:02:32,385 - SophiaLogger - [INFO] - 正在生成 [A]: 这句话听起来很有力量，但到底是什么意思呢？我们可以想象一个非常生活化的场景：比如，同样一杯水，我觉得它温温的，很舒服；但你刚从外面跑进来，
2026-04-18 19:02:35,066 - SophiaLogger - [INFO] - 正在生成 [A]: 满头大汗，可能就觉得它太凉了。再比如，一幅画，我觉得它美极了，感动得不行；你可能就觉得平平无奇，甚至有点丑。在这里，水的“冷热”，画的“美丑
2026-04-18 19:02:38,351 - SophiaLogger - [INFO] - 正在生成 [A]: ”，似乎没有一个固定不变的标准，它的“尺度”就是我们每个人自己的感觉和判断。
2026-04-18 19:02:39,870 - SophiaLogger - [INFO] - 正在生成 [A]: 普罗泰戈拉把这种个人的感觉和判断，提升到了一个哲学的高度。他说，人，具体来说是每个活生生的、有感觉有判断的个人，就是衡量万物“是否存在”以
2026-04-18 19:02:42,947 - SophiaLogger - [INFO] - 正在生成 [A]: 及“如何存在”的标尺。事物对我来说是什么样，它就是什么样。这实际上是把哲学关注的焦点，从那个外在的、客观的“本原”或“存在”，一下子拉回到了
2026-04-18 19:02:45,521 - SophiaLogger - [INFO] - 正在生成 [A]: 作为认知主体的人身上。
2026-04-18 19:02:46,336 - SophiaLogger - [INFO] - 正在生成 [A]: 这无疑是对之前爱利亚学派那个“唯一、不变的存在”理论的直接挑战。巴门尼德说，有一个绝对客观、永恒不变的“存在”是世界的真相。但普罗泰戈拉说
2026-04-18 19:02:49,108 - SophiaLogger - [INFO] - 正在生成 [A]: ，不，我们每个人感知到的、判断出的世界，才是我们面对的世界。真理和标准，似乎变得因人而异了。
2026-04-18 19:02:51,023 - SophiaLogger - [INFO] - 正在生成 [A]: 那么，顺着这个思路，一个很自然的问题就浮现出来了：如果每个人都是自己世界的尺度，那还有没有可能，存在一个对所有人都一样的、客观的、普遍的标
2026-04-18 19:02:53,710 - SophiaLogger - [INFO] - 正在生成 [A]: 准呢？社会共识、道德法律，这些又该建立在什么基础上？
2026-04-18 19:02:55,106 - SophiaLogger - [INFO] - 正在生成 [B]: 你刚才这个生活化的例子举得特别好，确实把“人是万物的尺度”这个命题的冲击力给点出来了。顺着这个思路，我们就会发现，智者派的这种观点，其实蕴含
2026-04-18 19:02:57,853 - SophiaLogger - [INFO] - 正在生成 [B]: 着一种非常深刻的哲学立场，那就是**相对主义**。
2026-04-18 19:02:59,008 - SophiaLogger - [INFO] - 正在生成 [B]: 简单来说，相对主义认为，没有绝对的、放之四海而皆准的真理或标准。对与错、美与丑、甚至存在与不存在，都取决于具体的个人、文化或情境。就像你说
2026-04-18 19:03:02,191 - SophiaLogger - [INFO] - 正在生成 [B]: 的，一杯水是冷是热，一幅画是美是丑，标准在于感知它的那个人。普罗泰戈拉把这种个体的感觉现象，当作了判断一切事物的最终依据。
2026-04-18 19:03:04,727 - SophiaLogger - [INFO] - 正在生成 [B]: 那么，一旦走到这一步，一个更彻底的推论就产生了：如果所有知识都源于个人变动不居的感觉，那我们还能宣称拥有任何**确定无疑的知识**吗？这就
2026-04-18 19:03:07,520 - SophiaLogger - [INFO] - 正在生成 [B]: 是从相对主义滑向**怀疑主义**的关键一步。智者派，特别是像高尔吉亚这样的代表人物，通过一系列精巧的论辩，实际上是在质疑：我们人类究竟有没有
2026-04-18 19:03:10,182 - SophiaLogger - [INFO] - 正在生成 [B]: 能力认识那个所谓的“客观本质”或“真实存在”？他们的结论往往是悲观的，认为我们被困在各自的感觉世界里，所谓的“真理”可能只是说服他人的修辞，
2026-04-18 19:03:12,720 - SophiaLogger - [INFO] - 正在生成 [B]: 或者是一种约定俗成的意见。
2026-04-18 19:03:13,538 - SophiaLogger - [INFO] - 正在生成 [B]: 这听起来是不是有点耳熟？就像我们现代生活中常遇到的，“公说公有理，婆说婆有理”，似乎谁也说服不了谁。智者派在两千多年前，就把这种基于个体视
2026-04-18 19:03:16,199 - SophiaLogger - [INFO] - 正在生成 [B]: 角的差异性和不确定性，提升到了一个哲学原则的高度。他们用这种方式，**解构**了早期自然哲学家和巴门尼德所孜孜以求的那个普遍的、统一的“本质
2026-04-18 19:03:19,800 - SophiaLogger - [INFO] - 正在生成 [B]: ”或“本原”。在他们看来，追求那个“背后的东西”是徒劳的，重要的只是“呈现”在我们每个人面前的现象。
2026-04-18 19:03:22,448 - SophiaLogger - [INFO] - 正在生成 [B]: 但这样一来，一个非常现实且严峻的问题就摆在了桌面上：如果一切标准和知识都是相对的、可疑的，那么**社会共同生活如何可能**？法律、道德、正
2026-04-18 19:03:26,501 - SophiaLogger - [INFO] - 正在生成 [B]: 义，这些维系城邦运行的基石，岂不是都失去了客观基础，变成了纯粹的力量博弈或修辞游戏？这恰恰是苏格拉底所不能接受的，也构成了他哲学思考的起点。
2026-04-18 19:03:30,704 - SophiaLogger - [INFO] - 正在生成 [A]: 是的，你刚才提到的这个困境非常关键。当智者派把“人”作为万物的尺度，并且这个“人”指的是一个个孤立的、感觉各异的个体时，整个社会赖以维系的那
2026-04-18 19:03:35,223 - SophiaLogger - [INFO] - 正在生成 [A]: 些共同价值——比如正义、勇敢、虔敬——的根基，似乎就真的被动摇了。如果“正义”对你来说是一回事，对我来说是另一回事，那我们如何能在一个城邦里
2026-04-18 19:03:38,672 - SophiaLogger - [INFO] - 正在生成 [A]: 共同生活呢？
2026-04-18 19:03:39,456 - SophiaLogger - [INFO] - 正在生成 [A]: 所以，当苏格拉底也喊出“认识你自己”，把目光从自然转向人的时候，他其实走上了一条和智者派**看似方向一致，但目的地却截然不同**的道路。智
2026-04-18 19:03:43,001 - SophiaLogger - [INFO] - 正在生成 [A]: 者派说“人是万物的尺度”，关注的是“我”此刻的感觉和意见；而苏格拉底的“认识你自己”，关注的却是“人”作为一个**类**，其内在的、普遍的*
2026-04-18 19:03:46,072 - SophiaLogger - [INFO] - 正在生成 [A]: *道德本性**。
2026-04-18 19:03:46,782 - SophiaLogger - [INFO] - 正在生成 [A]: 我们可以想象一下苏格拉底在雅典街头的情景。他不会去和人辩论“这杯水是冷是热”，但他会拉住一个将军，问他：“什么是勇敢？”
2026-04-18 19:03:50,134 - SophiaLogger - [INFO] - 正在生成 [A]: 拉住一个政治家，问他：“什么是正义？”
2026-04-18 19:03:51,872 - SophiaLogger - [INFO] - 正在生成 [A]: 他追问的，不是“你**觉得**什么是勇敢”，而是“勇敢**本身**是什么”。他相信，尽管每个人对勇敢的具体行为可能有不同看法，但“勇敢”这
2026-04-18 19:03:55,232 - SophiaLogger - [INFO] - 正在生成 [A]: 个概念背后，一定存在着某种**普遍的、可以定义的本质**。他的目标，就是通过不断的对话和诘问，像助产士一样，帮助人们“生出”关于这些美德的真
2026-04-18 19:03:58,812 - SophiaLogger - [INFO] - 正在生成 [A]: 知。
2026-04-18 19:03:59,543 - SophiaLogger - [INFO] - 正在生成 [A]: 所以，苏格拉底并不是简单地赞同智者派“关注人”这个转向。他敏锐地看到了智者派相对主义可能带来的虚无主义陷阱。他的回应是：好吧，我们暂时把那
2026-04-18 19:04:03,631 - SophiaLogger - [INFO] - 正在生成 [A]: 个遥远的“自然本原”问题搁置，但我们要在**人自身内部**，在**道德和灵魂的领域**，重新寻找一个稳固的、普遍的基石。“认识你自己”，认识
2026-04-18 19:04:06,940 - SophiaLogger - [INFO] - 正在生成 [A]: 的就是这个。
2026-04-18 19:04:07,869 - SophiaLogger - [INFO] - 正在生成 [B]: 没错，你刚才这个对比点得非常到位。智者派说“人是万物的尺度”，这个“人”是复数、是分散的个体感觉，结果就是标准的分裂和相对。而苏格拉底说“认
2026-04-18 19:04:11,919 - SophiaLogger - [INFO] - 正在生成 [B]: 识你自己”，这个“自己”恰恰是要超越个体偶然的意见，去探寻那个作为“人”所共有的、普遍的道德本质。
2026-04-18 19:04:14,472 - SophiaLogger - [INFO] - 正在生成 [B]: 他使用的方法，就是我们常说的“精神助产术”。他不直接给出答案，而是通过一连串精巧的提问，引导对话者不断审视自己原有的观念，暴露其中的矛盾和
2026-04-18 19:04:18,097 - SophiaLogger - [INFO] - 正在生成 [B]: 不一致，最终迫使他们去思考一个更清晰、更普遍的定义。比如在《拉凯斯篇》里讨论“勇敢”，他通过追问，让两位将军意识到，仅仅把勇敢定义为“坚守阵
2026-04-18 19:04:22,013 - SophiaLogger - [INFO] - 正在生成 [B]: 地”是不够的，因为有时战略撤退也需要勇敢。那么，勇敢的本质到底是什么？是某种灵魂的坚韧和智慧吗？
2026-04-18 19:04:24,652 - SophiaLogger - [INFO] - 正在生成 [B]: 这个过程，实际上就是在进行一种“建设性的怀疑”。他不是像智者派那样，用“一切皆相对”来解构和否定“本质”这个概念本身；而是怀疑我们**现有
2026-04-18 19:04:27,854 - SophiaLogger - [INFO] - 正在生成 [B]: **的、模糊的、自相矛盾的意见，通过这种怀疑和辨析，去**逼近**那个客观存在的、关于美德的普遍定义。所以，他的怀疑是方法，目的是重建——在
2026-04-18 19:04:31,732 - SophiaLogger - [INFO] - 正在生成 [B]: 道德领域里，重新确立起普遍性和客观性。这为柏拉图后来构建宏大的理念论，奠定了一块关键的思想基石。
2026-04-18 19:04:34,288 - SophiaLogger - [INFO] - 正在生成 [A]: 是的，你刚才提到的“建设性的怀疑”这个说法特别好。苏格拉底就像一个耐心的工匠，他的怀疑不是要拆掉整座房子，而是要敲掉那些不牢固的、歪斜的砖块
2026-04-18 19:04:38,238 - SophiaLogger - [INFO] - 正在生成 [A]: ，目的是为了找到真正坚实的地基，在上面重新建造。
2026-04-18 19:04:39,726 - SophiaLogger - [INFO] - 正在生成 [A]: 说到这里，我们其实可以做一个阶段性的总结了。回顾一下，从泰勒斯他们仰望星空追问“水”、“火”这些本原，到巴门尼德思考那个抽象的“存在”，早
2026-04-18 19:04:43,295 - SophiaLogger - [INFO] - 正在生成 [A]: 期哲学家们像是在进行一场关于“天上”的、宏大却有些遥远的辩论。而到了公元前五世纪，智者派和苏格拉底，虽然路径和结论截然不同，却不约而同地做了
2026-04-18 19:04:47,069 - SophiaLogger - [INFO] - 正在生成 [A]: 一件在哲学史上影响深远的事情——用西塞罗那句著名的话来说，就是“把哲学从天上拉回了人间”。
2026-04-18 19:04:49,413 - SophiaLogger - [INFO] - 正在生成 [A]: 他们都对那种关于终极本原的、似乎永无定论的形而上学追问，产生了深刻的怀疑。他们都认为，哲学的目光，应该从遥远的自然和抽象的存在，转向我们切
2026-04-18 19:04:52,950 - SophiaLogger - [INFO] - 正在生成 [A]: 身的、活生生的“人”的世界——我们的社会、我们的伦理、我们如何生活。这是他们共同的历史功绩，共同完成了一次哲学焦点的“目光向下”的转移。
2026-04-18 19:04:56,227 - SophiaLogger - [INFO] - 正在生成 [A]: 然而，就像我们刚才详细讨论的，他们的终极目标和路径，却从这里开始，走向了完全相反的方向。
2026-04-18 19:04:58,941 - SophiaLogger - [INFO] - 正在生成 [B]: 没错，这正是最关键的岔路口。我们可以用一个比喻来概括：智者派扮演的是“破坏者”的角色，而苏格拉底则试图成为“建设者”。
