2026-04-18 19:54:48,988 - SophiaLogger - [INFO] - 智能视频制作助手启动！
2026-04-18 19:54:48,990 - SophiaLogger - [INFO] - [同步时间测试] create_video_pipeline 耗时: 0.0022 秒
2026-04-18 19:54:48,990 - SophiaLogger - [INFO] - session-lecture06 线程已启动，正在处理参考文本：C:\Code\sophia\hello_agent\sophia-app\resources\documents\static\lecture06.txt
2026-04-18 19:54:48,990 - SophiaLogger - [INFO] - 本次项目启动状态与配置如下：
{'messages': [], 'step': 'init', 'video_state_config': {'max_attempts': 3, 'enable_ai_reflection': False, 'enable_human_in_the_loop': False, 'image_mode': 'static', 'enable_tmp_rag': True, 'enable_podcast_specialization': True}, 'core_topic': '', 'ref_chapter_local_path': 'C:\\Code\\sophia\\hello_agent\\sophia-app\\resources\\documents\\static\\lecture06.txt'}

2026-04-18 19:54:49,016 - SophiaLogger - [INFO] - 开始执行全新的持久化工作流，Thread ID: session-lecture06
2026-04-18 19:54:49,017 - SophiaLogger - [INFO] - 开始执行持久化工作流，Thread ID: session-lecture06
2026-04-18 19:54:49,017 - SophiaLogger - [INFO] - ============================================================
2026-04-18 19:54:49,020 - SophiaLogger - [INFO] - 进入初始化节点...
2026-04-18 19:54:49,023 - SophiaLogger - [INFO] - 正在生成哲学粗课题拆解方案...
2026-04-18 19:56:04,585 - SophiaLogger - [INFO] - ```json
[
  {
    "topic_id": 1,
    "topic_name": "从理性到信仰：哲学基调的转变",
    "core_concept": "中世纪基督教哲学的核心关注点从希腊哲学的理性思辨（自然、形而上学）转向了基于信仰的生存哲学（人的救赎）。这种转变根植于基督教早期在罗马帝国受迫害的绝望生存处境，使得对彼岸世界的坚定信仰成为首要的、超越理性的精神支柱。",
    "zero_to_hero_logic": "这是零基础导入。我们从最直观的对比开始：希腊哲学热爱理性，而中世纪哲学的核心是信仰。本章开篇即点明这一根本转向，并解释了其历史原因（基督徒的苦难处境），让听众理解为何信仰会压倒理性成为时代主题。"
  },
  {
    "topic_id": 2,
    "topic_name": "信仰的绝对优先：德尔图良与“荒谬才信”",
    "core_concept": "在早期教父哲学（尤其是拉丁教父如德尔图良）中，信仰被置于至高无上的地位，甚至公开宣称“正因为其荒谬，所以我才相信”。这并非愚昧，而是基于对上帝无限奥秘与人类有限理性之对比的深刻认识，主张用信仰来限制、排斥甚至超越理性。",
    "zero_to_hero_logic": "从第一个课题的“转向信仰”自然推导出：那么，信仰与理性具体是什么关系？本章以德尔图良为例，展示了最极端也最典型的立场——信仰至上，理性在面对神圣奥秘时是无效且值得怀疑的。这确立了教父哲学的思想基调。"
  },
  {
    "topic_id": 3,
    "topic_name": "正统教义的奥秘性：理性无法把握的信仰核心",
    "core_concept": "早期基督教通过大公会议确立的核心教义（如“三位一体”、基督的“神人二性”），其正统性恰恰体现在它们具有高度的神秘性和模糊性，是理性完全无法理解和把握的“奥秘”（如“不能混合，不能改变，不能分开，不能离散”）。易于被理性理解的清晰观点反而被斥为异端。",
    "zero_to_hero_logic": "承接“信仰超越理性”的观点，本章进一步指出：基督教信仰的核心内容本身，就是被设计成理性无法穿透的。这解释了为何早期教会主流会坚持德尔图良式的立场，因为教义本身的性质决定了只能“信仰”，无法“理解”。"
  },
  {
    "topic_id": 4,
    "topic_name": "奥古斯丁的奠基：从创世、时间到原罪",
    "core_concept": "作为教父哲学的集大成者，奥古斯丁系统地为基督教信仰进行哲学奠基。其思想包括：1）上帝从无中创世（“道成肉身”）；2）时间是主观的感知，上帝在时间之外；3）将哲学焦点从世界本原转向人的生存核心问题——罪恶与救赎。",
    "zero_to_hero_logic": "在确立了信仰的优先性和奥秘性后，本章引入了最具影响力的教父奥古斯丁。他代表了在信仰前提下进行深刻哲学思考的尝试，其理论（尤其是关于罪恶）直接回应了人的生存困境，将基督教哲学的核心牢牢锚定在人性论上。"
  },
  {
    "topic_id": 5,
    "topic_name": "自由意志与罪恶的根源：一个神学难题的诞生",
    "core_concept": "奥古斯丁用“自由意志”来解释罪恶的起源：上帝赋予人自由是善的，但人滥用自由意志（如亚当夏娃偷食禁果）导致了“善的缺乏”，即罪恶。这试图在维护上帝全善全能的前提下，为世间罪恶的存在找到原因（责任在于人，而非上帝）。",
    "zero_to_hero_logic": "从奥古斯丁关注“罪恶”问题，自然引出核心追问：罪恶从何而来？本章详细阐述了奥古斯丁的解答方案——自由意志。这个解释在神学上至关重要，因为它关系到上帝属性的统一性，也引出了深刻的哲学矛盾（全知上帝与自由意志）。"
  },
  {
    "topic_id": 6,
    "topic_name": "预定论 vs 自由意志论：救赎之争",
    "core_concept": "围绕救赎如何实现，奥古斯丁与佩拉纠展开论战。奥古斯丁的“预定论”认为：原罪败坏了全人类本性，人无法靠自身善功得救；救赎完全依赖上帝白白的恩典，而这恩典在创世之初就已预定。佩拉纠的“自由意志论”则认为罪是个人行为，人可凭自身努力得救，这动摇了基督救赎的必要性。",
    "zero_to_hero_logic": "由“罪恶源于自由意志”进一步推导：人如何从这罪中获得救赎？本章对比了两种根本对立的救赎观。奥古斯丁的预定论以其决定论和神秘主义色彩，强化了上帝恩典的绝对性和人的无力感，巩固了信仰的核心地位。"
  },
  {
    "topic_id": 7,
    "topic_name": "理性的复兴：经院哲学与“信仰寻求理解”",
    "core_concept": "随着基督教成为西欧唯一信仰及亚里士多德哲学通过阿拉伯世界重新传入，中世纪哲学进入经院哲学阶段。其基调从教父哲学的“信仰排斥理性”转变为“信仰寻求理解”（如安瑟伦），试图用理性和逻辑为信仰内容（特别是上帝存在）进行论证，标志着理性精神在神学母腹中的复苏。",
    "zero_to_hero_logic": "历史情境变化（基督教地位稳固、亚里士多德主义复兴）导致思想基调转变。本章从这里开始转入经院哲学部分，核心矛盾变为：如何在坚持信仰首位的前提下，为理性争取空间？安瑟伦的“信仰寻求理解”口号标志了这一新方向。"
  },
  {
    "topic_id": 8,
    "topic_name": "上帝存在的证明：理性论证的尝试与局限",
    "core_concept": "经院哲学家尝试用理性证明上帝存在。1）安瑟伦的“本体论证明”：从“最完美观念”中逻辑推导出存在。2）托马斯·阿奎那的“宇宙论/目的论证明”：从经验世界（运动、因果、目的等）回溯到终极原因（第一推动者、第一因等）。这些证明虽在逻辑上有漏洞且最终依赖信仰前提，但其努力本身彰显了理性地位的提升。",
    "zero_to_hero_logic": "在“信仰寻求理解”的纲领下，最经典的实践就是证明信仰的核心命题——上帝存在。本章分析了两种主要证明路径（从概念出发 vs 从经验出发），揭示了其内在逻辑困境，但更强调了其历史意义：理性开始被系统性地用来建构神学体系。"
  },
  {
    "topic_id": 9,
    "topic_name": "共相之争：实在论与唯名论的神学意涵",
    "core_concept": "共相（普遍概念）是独立实在的，还是仅存于名称？这场源自希腊哲学的争论在中世纪具有重大神学意义。“实在论”（共相先于个别事物）支持“三位一体”、“变体说”等正统教义；“唯名论”（共相后于个别事物，仅是名称或概念）则容易引申出“三神论”、“象征说”等异端观点。因此哲学争论与神学正统紧密捆绑。",
    "zero_to_hero_logic": "经院哲学不仅用理性证明信仰，也进行纯粹的哲学思辨。本章引入“共相”问题，展示了中世纪哲学如何将古希腊的哲学遗产（柏拉图vs亚里士多德）消化吸收，并指出其争论绝非纯学术，而是直接关联到核心教义的正统性，体现了哲学作为神学婢女的角色。"
  },
  {
    "topic_id": 10,
    "topic_name": "理性的辩证命运：从神学婢女到信仰的潜在掘墓人",
    "core_concept": "本章的深层主线与最终洞见：理性在中世纪经历了“贬抑-工具性复兴-潜在威胁”的辩证过程。早期教父用信仰压制理性；经院哲学将理性作为论证信仰的工具；但这工具一旦被启用，便遵循自身逻辑发展，最终从追问“如何理解”走向“感性直观细节”，从而可能瓦解信仰的奥秘性。这为近代理性独立并审判一切（包括信仰）埋下了伏笔。",
    "zero_to_hero_logic": "这是具有哲学深度的总结课题。回顾整个章节从教父到经院哲学的演进，我们可以提炼出一个历史辩证法：被信仰孕育和利用的理性，最终将成长为动摇信仰的力量。这解释了中世纪哲学在西方理性精神发展史上的关键地位——它既是信仰的时代，也是理性悄然积蓄力量的时代。"
  }
]
```
2026-04-18 19:56:04,585 - SophiaLogger - [INFO] - 生成的哲学粗课题拆解方案：
2026-04-18 19:56:04,587 - SophiaLogger - [INFO] - [{'topic_id': 1, 'topic_name': '从理性到信仰：哲学基调的转变', 'core_concept': '中世纪基督教哲学的核心关注点从希腊哲学的理性思辨（自然、形而上学）转向了基于信仰的生存哲学（人的救赎）。这种转变根植于基督教早期在罗马帝国受迫害的绝望生存处境，使得对彼岸世界的坚定信仰成为首要的、超越理性的精神支柱。', 'zero_to_hero_logic': '这是零基础导入。我们从最直观的对比开始：希腊哲学热爱理性，而中世纪哲学的核心是信仰。本章开篇即点明这一根本转向，并解释了其历史原因（基督徒的苦难处境），让听众理解为何信仰会压倒理性成为时代主题。'}, {'topic_id': 2, 'topic_name': '信仰的绝对优先：德尔图良与“荒谬才信”', 'core_concept': '在早期教父哲学（尤其是拉丁教父如德尔图良）中，信仰被置于至高无上的地位，甚至公开宣称“正因为其荒谬，所以我才相信”。这并非愚昧，而是基于对上帝无限奥秘与人类有限理性之对比的深刻认识，主张用信仰来限制、排斥甚至超越理性。', 'zero_to_hero_logic': '从第一个课题的“转向信仰”自然推导出：那么，信仰与理性具体是什么关系？本章以德尔图良为例，展示了最极端也最典型的立场——信仰至上，理性在面对神圣奥秘时是无效且值得怀疑的。这确立了教父哲学的思想基调。'}, {'topic_id': 3, 'topic_name': '正统教义的奥秘性：理性无法把握的信仰核心', 'core_concept': '早期基督教通过大公会议确立的核心教义（如“三位一体”、基督的“神人二性”），其正统性恰恰体现在它们具有高度的神秘性和模糊性，是理性完全无法理解和把握的“奥秘”（如“不能混合，不能改变，不能分开，不能离散”）。易于被理性理解的清晰观点反而被斥为异端。', 'zero_to_hero_logic': '承接“信仰超越理性”的观点，本章进一步指出：基督教信仰的核心内容本身，就是被设计成理性无法穿透的。这解释了为何早期教会主流会坚持德尔图良式的立场，因为教义本身的性质决定了只能“信仰”，无法“理解”。'}, {'topic_id': 4, 'topic_name': '奥古斯丁的奠基：从创世、时间到原罪', 'core_concept': '作为教父哲学的集大成者，奥古斯丁系统地为基督教信仰进行哲学奠基。其思想包括：1）上帝从无中创世（“道成肉身”）；2）时间是主观的感知，上帝在时间之外；3）将哲学焦点从世界本原转向人的生存核心问题——罪恶与救赎。', 'zero_to_hero_logic': '在确立了信仰的优先性和奥秘性后，本章引入了最具影响力的教父奥古斯丁。他代表了在信仰前提下进行深刻哲学思考的尝试，其理论（尤其是关于罪恶）直接回应了人的生存困境，将基督教哲学的核心牢牢锚定在人性论上。'}, {'topic_id': 5, 'topic_name': '自由意志与罪恶的根源：一个神学难题的诞生', 'core_concept': '奥古斯丁用“自由意志”来解释罪恶的起源：上帝赋予人自由是善的，但人滥用自由意志（如亚当夏娃偷食禁果）导致了“善的缺乏”，即罪恶。这试图在维护上帝全善全能的前提下，为世间罪恶的存在找到原因（责任在于人，而非上帝）。', 'zero_to_hero_logic': '从奥古斯丁关注“罪恶”问题，自然引出核心追问：罪恶从何而来？本章详细阐述了奥古斯丁的解答方案——自由意志。这个解释在神学上至关重要，因为它关系到上帝属性的统一性，也引出了深刻的哲学矛盾（全知上帝与自由意志）。'}, {'topic_id': 6, 'topic_name': '预定论 vs 自由意志论：救赎之争', 'core_concept': '围绕救赎如何实现，奥古斯丁与佩拉纠展开论战。奥古斯丁的“预定论”认为：原罪败坏了全人类本性，人无法靠自身善功得救；救赎完全依赖上帝白白的恩典，而这恩典在创世之初就已预定。佩拉纠的“自由意志论”则认为罪是个人行为，人可凭自身努力得救，这动摇了基督救赎的必要性。', 'zero_to_hero_logic': '由“罪恶源于自由意志”进一步推导：人如何从这罪中获得救赎？本章对比了两种根本对立的救赎观。奥古斯丁的预定论以其决定论和神秘主义色彩，强化了上帝恩典的绝对性和人的无力感，巩固了信仰的核心地位。'}, {'topic_id': 7, 'topic_name': '理性的复兴：经院哲学与“信仰寻求理解”', 'core_concept': '随着基督教成为西欧唯一信仰及亚里士多德哲学通过阿拉伯世界重新传入，中世纪哲学进入经院哲学阶段。其基调从教父哲学的“信仰排斥理性”转变为“信仰寻求理解”（如安瑟伦），试图用理性和逻辑为信仰内容（特别是上帝存在）进行论证，标志着理性精神在神学母腹中的复苏。', 'zero_to_hero_logic': '历史情境变化（基督教地位稳固、亚里士多德主义复兴）导致思想基调转变。本章从这里开始转入经院哲学部分，核心矛盾变为：如何在坚持信仰首位的前提下，为理性争取空间？安瑟伦的“信仰寻求理解”口号标志了这一新方向。'}, {'topic_id': 8, 'topic_name': '上帝存在的证明：理性论证的尝试与局限', 'core_concept': '经院哲学家尝试用理性证明上帝存在。1）安瑟伦的“本体论证明”：从“最完美观念”中逻辑推导出存在。2）托马斯·阿奎那的“宇宙论/目的论证明”：从经验世界（运动、因果、目的等）回溯到终极原因（第一推动者、第一因等）。这些证明虽在逻辑上有漏洞且最终依赖信仰前提，但其努力本身彰显了理性地位的提升。', 'zero_to_hero_logic': '在“信仰寻求理解”的纲领下，最经典的实践就是证明信仰的核心命题——上帝存在。本章分析了两种主要证明路径（从概念出发 vs 从经验出发），揭示了其内在逻辑困境，但更强调了其历史意义：理性开始被系统性地用来建构神学体系。'}, {'topic_id': 9, 'topic_name': '共相之争：实在论与唯名论的神学意涵', 'core_concept': '共相（普遍概念）是独立实在的，还是仅存于名称？这场源自希腊哲学的争论在中世纪具有重大神学意义。“实在论”（共相先于个别事物）支持“三位一体”、“变体说”等正统教义；“唯名论”（共相后于个别事物，仅是名称或概念）则容易引申出“三神论”、“象征说”等异端观点。因此哲学争论与神学正统紧密捆绑。', 'zero_to_hero_logic': '经院哲学不仅用理性证明信仰，也进行纯粹的哲学思辨。本章引入“共相”问题，展示了中世纪哲学如何将古希腊的哲学遗产（柏拉图vs亚里士多德）消化吸收，并指出其争论绝非纯学术，而是直接关联到核心教义的正统性，体现了哲学作为神学婢女的角色。'}, {'topic_id': 10, 'topic_name': '理性的辩证命运：从神学婢女到信仰的潜在掘墓人', 'core_concept': '本章的深层主线与最终洞见：理性在中世纪经历了“贬抑-工具性复兴-潜在威胁”的辩证过程。早期教父用信仰压制理性；经院哲学将理性作为论证信仰的工具；但这工具一旦被启用，便遵循自身逻辑发展，最终从追问“如何理解”走向“感性直观细节”，从而可能瓦解信仰的奥秘性。这为近代理性独立并审判一切（包括信仰）埋下了伏笔。', 'zero_to_hero_logic': '这是具有哲学深度的总结课题。回顾整个章节从教父到经院哲学的演进，我们可以提炼出一个历史辩证法：被信仰孕育和利用的理性，最终将成长为动摇信仰的力量。这解释了中世纪哲学在西方理性精神发展史上的关键地位——它既是信仰的时代，也是理性悄然积蓄力量的时代。'}]
2026-04-18 19:56:04,587 - SophiaLogger - [INFO] - ==================================================
2026-04-18 19:56:04,587 - SophiaLogger - [INFO] - 触发 RAG 组件懒加载...
2026-04-18 19:56:04,587 - SophiaLogger - [INFO] - 正在初始化文本切割器...
2026-04-18 19:56:04,587 - SophiaLogger - [INFO] - 正在初始化embedding模型...（初次运行需下载模型，可能较慢）
2026-04-18 19:56:12,716 - SophiaLogger - [INFO] - 正在加载现有向量数据库...
2026-04-18 19:56:24,211 - SophiaLogger - [INFO] - 
正在生成关于 '从理性到信仰：哲学基调的转变' 的播客大纲... (第 1 次尝试)
2026-04-18 19:56:24,227 - SophiaLogger - [INFO] - 
正在生成关于 '理性的辩证命运：从神学婢女到信仰的潜在掘墓人' 的播客大纲... (第 1 次尝试)
2026-04-18 19:56:24,496 - SophiaLogger - [INFO] - 
正在生成关于 '上帝存在的证明：理性论证的尝试与局限' 的播客大纲... (第 1 次尝试)
2026-04-18 19:56:24,707 - SophiaLogger - [INFO] - 
正在生成关于 '自由意志与罪恶的根源：一个神学难题的诞生' 的播客大纲... (第 1 次尝试)
2026-04-18 19:56:25,107 - SophiaLogger - [INFO] - 
正在生成关于 '信仰的绝对优先：德尔图良与“荒谬才信”' 的播客大纲... (第 1 次尝试)
2026-04-18 19:56:25,366 - SophiaLogger - [INFO] - 
正在生成关于 '正统教义的奥秘性：理性无法把握的信仰核心' 的播客大纲... (第 1 次尝试)
2026-04-18 19:56:25,436 - SophiaLogger - [INFO] - 
正在生成关于 '共相之争：实在论与唯名论的神学意涵' 的播客大纲... (第 1 次尝试)
2026-04-18 19:56:26,065 - SophiaLogger - [INFO] - 
正在生成关于 '奥古斯丁的奠基：从创世、时间到原罪' 的播客大纲... (第 1 次尝试)
2026-04-18 19:56:26,256 - SophiaLogger - [INFO] - 
正在生成关于 '理性的复兴：经院哲学与“信仰寻求理解”' 的播客大纲... (第 1 次尝试)
2026-04-18 19:56:27,632 - SophiaLogger - [INFO] - 
正在生成关于 '预定论 vs 自由意志论：救赎之争' 的播客大纲... (第 1 次尝试)
2026-04-18 19:57:17,384 - SophiaLogger - [INFO] - 成功生成 '信仰的绝对优先：德尔图良与“荒谬才信”' 的大纲！
2026-04-18 19:57:21,991 - SophiaLogger - [INFO] - 成功生成 '自由意志与罪恶的根源：一个神学难题的诞生' 的大纲！
2026-04-18 19:57:22,812 - SophiaLogger - [INFO] - 成功生成 '从理性到信仰：哲学基调的转变' 的大纲！
2026-04-18 19:57:24,636 - SophiaLogger - [INFO] - 成功生成 '共相之争：实在论与唯名论的神学意涵' 的大纲！
2026-04-18 19:57:25,974 - SophiaLogger - [INFO] - 成功生成 '理性的辩证命运：从神学婢女到信仰的潜在掘墓人' 的大纲！
2026-04-18 19:57:30,391 - SophiaLogger - [INFO] - 成功生成 '理性的复兴：经院哲学与“信仰寻求理解”' 的大纲！
2026-04-18 19:57:31,838 - SophiaLogger - [INFO] - 成功生成 '上帝存在的证明：理性论证的尝试与局限' 的大纲！
2026-04-18 19:57:37,456 - SophiaLogger - [INFO] - 成功生成 '奥古斯丁的奠基：从创世、时间到原罪' 的大纲！
2026-04-18 19:57:38,684 - SophiaLogger - [INFO] - 成功生成 '预定论 vs 自由意志论：救赎之争' 的大纲！
2026-04-18 19:57:39,094 - SophiaLogger - [INFO] - 成功生成 '正统教义的奥秘性：理性无法把握的信仰核心' 的大纲！
2026-04-18 19:57:39,094 - SophiaLogger - [INFO] - 

所有粗课题的播客大纲设计完成！
2026-04-18 19:57:39,094 - SophiaLogger - [INFO] - [{'topic_name': '从理性到信仰：哲学基调的转变', 'stages': [{'stage_id': 1, 'stage_name': '直观对比：两种截然不同的哲学气质', 'bullets': [{'bullet_id': 1, 'intent': '建立听众对希腊哲学气质的直观印象：热爱理性、追问自然本原、追求客观真理', 'guidance': '用具体例子（如泰勒斯的水、柏拉图的理念）和比喻（如‘仰望星空’的探索者）来描述希腊哲学的理性与客观精神', 'transition_hint': '引出疑问：如果哲学不关心自然本原，还能关心什么？'}, {'bullet_id': 2, 'intent': '提出中世纪哲学的核心转向：从追问‘世界是什么’转向追问‘人如何得救’，从理性思辨转向基于信仰的生存关切', 'guidance': '用对比手法，强调这是两种完全不同的‘哲学味道’。可以举例：一个关心宇宙的构成，一个关心灵魂的归宿', 'transition_hint': '自然引发听众好奇：为什么会有如此巨大的转变？这背后有什么深刻原因？'}]}, {'stage_id': 2, 'stage_name': '历史根源：绝望处境催生信仰优先', 'bullets': [{'bullet_id': 1, 'intent': '解释这一转变的历史背景：早期基督徒在罗马帝国遭受迫害的绝望生存处境', 'guidance': '描绘具体历史画面感（如地下墓穴、殉道者），让听众感受到那种‘此岸世界’的苦难与无望', 'transition_hint': '点明在这种极端处境下，对‘彼岸世界’的坚定信仰成为唯一的精神支柱和生存意义'}, {'bullet_id': 2, 'intent': '阐明‘信仰压倒理性’的逻辑：在生存危机面前，对救赎的渴望远比理性思辨更迫切、更根本', 'guidance': '用类比说明：当一个人快淹死时，他最需要的是抓住救生圈（信仰），而不是研究水的分子式（理性）', 'transition_hint': '总结：正是这种历史处境，决定了中世纪哲学以信仰为起点、以救赎为核心的基本色调'}]}, {'stage_id': 3, 'stage_name': '核心概念深化：作为生存哲学的中世纪思想', 'bullets': [{'bullet_id': 1, 'intent': '深入解释中世纪哲学的核心是‘生存哲学’，关注人的罪恶、自由意志、救赎等终极关怀问题', 'guidance': '联系具体哲学议题，如奥古斯丁的‘原罪’与‘上帝之城’，说明这些看似神学的问题，实质是对人自身生存状态的深刻反思', 'transition_hint': '指出这种哲学探讨的‘主角’其实是人，只是戴上了‘神’的面具'}, {'bullet_id': 2, 'intent': '揭示中世纪哲学以‘异化’形式探讨了人的主观精神，是西方哲学自我意识发展的朦胧开端', 'guidance': '用比喻解释‘异化’：就像小孩最初是通过镜子（上帝/客观对象）来认识自己（主观精神）一样', 'transition_hint': '引导思考：这种戴着神学面具对人的思考，与后来的哲学发展有何关联？'}]}, {'stage_id': 4, 'stage_name': '内部张力：信仰与理性的复杂博弈', 'bullets': [{'bullet_id': 1, 'intent': '介绍中世纪哲学内部并非铁板一块，存在对待理性态度的差异与演变（如教父哲学 vs 经院哲学）', 'guidance': '对比‘先信仰后理解’（奥古斯丁）与‘信仰寻求理解’（安瑟伦、阿奎那）两种态度，说明理性如何逐渐被引入为信仰服务', 'transition_hint': '提出一个关键矛盾：被请来为信仰辩护的理性，会不会反过来威胁信仰？'}, {'bullet_id': 2, 'intent': '点明理性在中世纪后期逐渐壮大，埋下了未来与信仰冲突的种子', 'guidance': '用历史发展的眼光提示：经院哲学中小心翼翼论证神学的理性，正是后来启蒙运动批判宗教的‘前身’', 'transition_hint': '总结这种张力，为下一阶段收束和引出新问题做铺垫'}]}, {'stage_id': 5, 'stage_name': '收束与展望：一次深刻的哲学转向', 'bullets': [{'bullet_id': 1, 'intent': '收束全篇，总结中世纪哲学从理性到信仰的转向，其本质是从客观的自然哲学转向主观的生存哲学，并以神学形式探讨了人的问题', 'guidance': '用精炼的语言回顾几个关键阶段：直观对比、历史原因、核心实质、内部张力', 'transition_hint': '强调这次转向在哲学史上的承上（继承希腊化哲学对生存的关注）启下（朦胧开启自我意识哲学）作用'}, {'bullet_id': 2, 'intent': '引出下一问题：当基督教成为国教，生存处境极大改善后，这种以信仰绝对优先的哲学，将面临怎样的新挑战？理性又将扮演什么新角色？', 'guidance': '将话题自然导向中世纪哲学下一个发展阶段：经院哲学的繁荣与理性论证的兴起，为后续讨论‘经院哲学’或‘上帝存在的证明’等话题做铺垫', 'transition_hint': '以疑问句结束，激发听众对哲学史动态发展的兴趣'}]}]}, {'topic_name': '信仰的绝对优先：德尔图良与‘荒谬才信’', 'stages': [{'stage_id': 1, 'stage_name': '从直觉到冲突：信仰与理性的初次碰撞', 'bullets': [{'bullet_id': 1, 'intent': '从上一讲‘转向信仰’的结论出发，引出本讲核心问题：信仰与理性具体是什么关系？', 'guidance': '用回顾和提问的方式，将听众的注意力从‘为何需要信仰’自然过渡到‘信仰如何与理性相处’。', 'transition_hint': '指出早期基督徒面临一个现实困境：他们信仰的核心教义，在当时的希腊罗马文化看来，是‘荒谬’的。'}, {'bullet_id': 2, 'intent': '建立具体冲突场景：以‘上帝之子死了又复活’为例，说明这在希腊理性（常识）看来为何是荒谬的。', 'guidance': '举例说明，让听众代入当时希腊哲学家的视角，感受这种‘违背常识’的冲击力。', 'transition_hint': '引出德尔图良面对这种‘荒谬’指控时，那句石破天惊的回应：‘正因为其荒谬，所以我才相信。’'}]}, {'stage_id': 2, 'stage_name': '德尔图良的极端立场：信仰对理性的超越与排斥', 'bullets': [{'bullet_id': 1, 'intent': '深入解读德尔图良名言，澄清其并非愚昧，而是基于对‘有限理性’与‘无限奥秘’的深刻对比。', 'guidance': '强调‘荒谬’是站在‘谁的’立场上说的（希腊理性），而‘相信’是站在‘谁的’立场上（基督教信仰）。这是一种立场的根本转换。', 'transition_hint': '追问：为什么德尔图良敢于如此‘贬低’理性？他的底气从何而来？'}, {'bullet_id': 2, 'intent': '解释德尔图良的逻辑：人类理性是有限的、有缺陷的，而上帝的奥秘是无限的、超越的。用有限去揣度无限，理性本身才是‘荒谬’的根源。', 'guidance': '引用‘以有涯随无涯，殆也’进行类比，帮助听众理解‘有限’与‘无限’的鸿沟。', 'transition_hint': '因此，面对神圣奥秘（如‘三位一体’），最明智的态度不是用理性去‘理解’，而是用信仰去‘接受’。任何试图理解的努力，都可能导致异端。'}]}, {'stage_id': 3, 'stage_name': '时代背景与思想基调：为何是拉丁教父？', 'bullets': [{'bullet_id': 1, 'intent': '将德尔图良的观点放回历史语境，解释其‘狂热’与‘极端’的现实根源：基督教受迫害的生存处境。', 'guidance': '描述早期基督徒与希腊罗马社会在价值观（乐观/悲观、纵欲/禁欲）上的全面对立，强调这种对立强化了用信仰反对一切（包括理性）的倾向。', 'transition_hint': '指出这种态度并非孤例，而是代表了拉丁教父（受罗马文化影响）的普遍倾向，与更富理性调和色彩的希腊教父形成对比。'}, {'bullet_id': 2, 'intent': '揭示这种‘信仰至上’观点如何塑造了早期教会的思想基调，并最终成为主流。', 'guidance': '点明一个历史事实：早期大公会议确立的正统教义（如‘三位一体’），往往正是那些理性最难把握、最具神秘色彩的‘奥秘’。', 'transition_hint': '这似乎印证了德尔图良的胜利：在基督教内部，信仰对理性取得了优先权。但这真的是故事的终点吗？'}]}, {'stage_id': 4, 'stage_name': '反思、收束与新的疑问', 'bullets': [{'bullet_id': 1, 'intent': '对德尔图良的立场进行现代反思：其价值在于提醒我们理性的有限性，对理性保持谦卑。', 'guidance': '联系当代生活，指出我们是否也常高估理性，认为它能解决一切问题？德尔图良的批判在今天仍有启发。', 'transition_hint': '但另一方面，这种彻底排斥理性的态度，是否也带来了问题？如果信仰完全不需要理解，信仰本身是否会变得空洞和盲目？'}, {'bullet_id': 2, 'intent': '收束本讲核心——确立了‘信仰绝对优先’这一极端立场，并引出下一讲的核心矛盾。', 'guidance': '总结德尔图良代表了用信仰限制、排斥甚至超越理性的道路。但这并非唯一道路。', 'transition_hint': '自然过渡到下一课题：如果对‘只信不理解’感到不安，那么有没有另一条路，尝试在信仰之后，再去寻求理解呢？这将引出安瑟伦和经院哲学的尝试。'}]}]}, {'topic_name': '正统教义的奥秘性：理性无法把握的信仰核心', 'stages': [{'stage_id': 1, 'stage_name': '从直觉困惑到核心发现', 'bullets': [{'bullet_id': 1, 'intent': '从听众熟悉的《圣经》故事或日常祈祷（如‘奉圣父、圣子、圣灵的名’）出发，引出‘三位一体’等概念听起来就让人困惑的直觉感受。', 'guidance': '用具体、生活化的例子（比如尝试向朋友解释‘三位一体’时的尴尬）来建立共鸣，强调这种困惑是普遍且正常的。', 'transition_hint': '从‘个人觉得难懂’的直觉，过渡到‘历史上整个教会都为此激烈争论’的宏观事实，引出大公会议。'}, {'bullet_id': 2, 'intent': '简要介绍早期教会通过大公会议确立正统教义的历史背景，并点出一个反直觉的观察：那些被定为‘正统’的教义（如‘三位一体’、‘基督神人二性’），其表述往往比被定为‘异端’的观点更模糊、更难以理解。', 'guidance': '对比举例：比如‘形态论’（认为圣父圣子圣灵是同一个神的三个‘面具’或‘形态’）听起来更清晰易懂，但被定为异端；而正统的‘三位一体’（一体三位，互不混淆又不可分割）则充满张力，难以想象。', 'transition_hint': '提出核心疑问：为什么教会最终选择的，是这些最让人‘头大’、最说不清道不明的说法？这背后是否有某种深意？'}]}, {'stage_id': 2, 'stage_name': '剖析奥秘：正统性的‘护城河’', 'bullets': [{'bullet_id': 1, 'intent': '深入分析‘三位一体’等正统教义的具体表述（如‘不能混合，不能改变，不能分开，不能离散’），揭示其本质是设立了一系列‘逻辑禁区’或‘思想边界’。', 'guidance': '用类比帮助理解：就像给‘上帝是什么’这个命题画了一个极其复杂的几何图形，任何试图用简单直线（清晰逻辑）去描绘它的尝试，都会立刻越界。教义本身不是提供一个‘模型’，而是划定一个‘不可言说的领域’。', 'transition_hint': '指出，这种设计恰恰是为了防止任何单一的、清晰的理性理解将其‘固化’或‘简化’，从而保护了信仰对象（上帝）的超越性和无限性。'}, {'bullet_id': 2, 'intent': '解释为何清晰的观点易成异端：任何试图用理性清晰界定神圣奥秘的尝试（如说‘圣子次于圣父’或‘基督的神性人性像油水混合’），都意味着用有限的、人的概念框架‘捕获’了无限的神，这在神学上被视为更大的错误。', 'guidance': '举例说明：将‘三位一体’理解为‘三个神’（三神论）或‘一个神的三种角色’（形态论），都提供了清晰的‘图像’，但都歪曲了基督教所要表达的神圣内在关系的奥秘性。模糊性在这里成了一种保护机制。', 'transition_hint': '总结本阶段核心：正统教义的‘正确性’，不在于它提供了可理解的答案，而在于它忠实地标示了人类理性理解的‘极限’和‘失败之处’。这正是德尔图良‘正因为荒谬，所以才相信’的深层逻辑。'}]}, {'stage_id': 3, 'stage_name': '信仰与理性的重新定位', 'bullets': [{'bullet_id': 1, 'intent': '基于上一阶段的结论，重新审视‘信仰’与‘理性’在早期基督教（尤其是拉丁教父如德尔图良）那里的关系。强调信仰不是理性的低级阶段，而是面对理性彻底无能为力的对象时，一种截然不同的‘接纳’与‘委身’方式。', 'guidance': '对比说明：理性说‘这说不通，我拒绝’；信仰说‘正因为我的理性说不通，我才意识到这可能完全超出了我的能力范围，我选择相信并进入这个奥秘’。重点不是反智，而是对理性限度的清醒认知。', 'transition_hint': '将讨论从历史教义，拉回到对听众自身思维方式的启发：我们是否习惯于认为‘不可理解’就等于‘错误’？早期基督教的这种立场，是否挑战了我们这种现代思维定式？'}, {'bullet_id': 2, 'intent': '探讨这种‘奥秘神学’的现代意义：它提示我们，世界和存在中可能确实有理性无法穿透的维度（如深刻的爱情、艺术体验、对无限的感知），面对它们时，一味强求‘理解’反而可能导致扭曲或失去其本质。', 'guidance': '联系生活经验举例：比如，试图用生物学和心理学完全‘解释’一段深刻的爱情，可能会消解其独特性和震撼力。保持某种‘敬畏的未知’，也许是更恰当的态度。', 'transition_hint': '自然收束到本话题的核心价值：早期基督教正统教义的奥秘性，不仅是一个历史事实，更是一种关于人类认知限度和如何面对‘超越性’存在的深刻哲学提示。'}]}, {'stage_id': 4, 'stage_name': '收束与转折：当信仰开始寻求理解', 'bullets': [{'bullet_id': 1, 'intent': '总结本章核心：基督教核心教义被设计为‘奥秘’，是信仰超越并界定理性边界的必然结果。正统性体现在对理性僭越的警惕和对神圣超越性的维护上。', 'guidance': '用精炼的语言回顾‘从清晰（异端）到模糊（正统）’这个反直觉链条的内在逻辑，强化听众印象。', 'transition_hint': '然而，历史不会停留在此。提出一个转折性问题：如果信仰的核心只能是‘奥秘’，只能‘相信’而无法‘理解’，那么基督教作为一种需要传播和教导的宗教，如何能长久维持？信仰者会不会因为永远‘不理解’而感到不安？'}, {'bullet_id': 2, 'intent': '引出下一阶段的哲学问题：随着基督教地位稳固（从受迫害到成为国教），一种新的需求产生了——如何用理性为信仰服务，甚至‘理解’信仰？这便自然过渡到中世纪经院哲学的开端，即‘信仰寻求理解’（安瑟伦）的新阶段。', 'guidance': '设置一个悬念或对比：如果说早期教父（如德尔图良）的工作是竖起‘理性止步’的牌子，那么接下来的哲学家（如安瑟伦、阿伯拉尔）则试图在牌子后面，用理性的砖瓦建造一座信仰的大厦。这又会带来怎样的新问题与张力？', 'transition_hint': '结束本章，为下一讲‘信仰寻求理解：经院哲学的诞生’做铺垫。'}]}]}, {'topic_name': '奥古斯丁的奠基：从创世、时间到原罪', 'stages': [{'stage_id': 1, 'stage_name': '从生存困境到信仰的转向', 'bullets': [{'bullet_id': 1, 'intent': '从听众熟悉的现实困境（如罪恶感、苦难、对意义的追问）出发，建立与奥古斯丁时代（罗马帝国晚期）的共鸣', 'guidance': '可以举例现代人面对不公、内心挣扎或追问‘为什么世界有这么多恶’的普遍感受，类比罗马帝国晚期基督徒的‘罪感意识’和对救赎的迫切渴望。', 'transition_hint': '引出问题：面对这种普遍的生存困境，一种强调‘信仰优先’的哲学（基督教哲学）是如何回应的？'}, {'bullet_id': 2, 'intent': '介绍奥古斯丁其人，强调他从‘放荡公子’到‘虔诚教父’的转变，以及他一生被‘罪恶问题’所困扰的核心关切', 'guidance': '简述奥古斯丁的生平转折点（如受摩尼教影响、皈依基督教、写《忏悔录》），突出他思考的起点是个人和时代的生存体验，而非抽象思辨。', 'transition_hint': '自然过渡到：这样一位思想家，是如何在信仰的框架下，重新解释世界（创世）和人的处境（罪恶）的？'}]}, {'stage_id': 2, 'stage_name': '奠基一：上帝从无中创世与时间的主观性', 'bullets': [{'bullet_id': 1, 'intent': '解释奥古斯丁的‘上帝从无中创世’思想，及其与希腊哲学‘本原说’的根本区别', 'guidance': '对比希腊哲学寻找‘水’、‘火’等具体本原的思路，强调奥古斯丁的上帝是‘道成肉身’的创造者，创造是意志行为，且从‘无’中创造，确立了上帝绝对的超越性。', 'transition_hint': '提出疑问：这样一个超越的、永恒的上帝，与我们生活于其中的‘时间’世界是什么关系？'}, {'bullet_id': 2, 'intent': '引入奥古斯丁关于‘时间是心灵的延展’这一革命性观点，解释上帝在时间之外', 'guidance': '用日常体验举例（如回忆过去、期待未来只存在于当下心灵中），说明时间不是客观的河流，而是主观的感知。由此引出：永恒的上帝存在于所有‘当下’，是时间本身的创造者和维系者。', 'transition_hint': '将话题从对世界的解释（创世、时间）收束到对人的解释：上帝创造了善的世界和拥有自由的人，但世间的‘恶’从何而来？这直接导向生存论的核心。'}]}, {'stage_id': 3, 'stage_name': '奠基二：罪恶的本质与自由意志的引入', 'bullets': [{'bullet_id': 1, 'intent': '阐述奥古斯丁对‘恶’的定义：恶不是独立的本体，而是‘善的缺乏’', 'guidance': '用比喻说明（如黑暗是光明的缺乏，疾病是健康的缺乏），强调这一观点是为了维护上帝‘至善’和‘唯一创造者’的地位，驳斥摩尼教的善恶二元论。', 'transition_hint': '追问：如果上帝是至善，世界本质为善，那么‘善的缺乏’（恶）是如何产生的？责任在谁？'}, {'bullet_id': 2, 'intent': '引出‘自由意志’作为解释罪恶起源的关键，说明奥古斯丁如何用自由为上帝‘开脱’，将责任归于人', 'guidance': '结合亚当夏娃偷食禁果的故事，解释上帝赋予人自由是善的礼物，但人‘滥用’自由选择违背上帝，导致了‘原罪’。强调自由本身是善，滥用才导致恶。', 'transition_hint': '深化讨论：这种解释是否彻底？自由意志与上帝的‘全知全能’是否矛盾？人滥用自由是必然的吗？'}]}, {'stage_id': 4, 'stage_name': '深化与冲突：预定论与救赎的难题', 'bullets': [{'bullet_id': 1, 'intent': '介绍奥古斯丁晚年与佩拉纠的论战，引出‘预定论’思想，作为对自由意志救赎能力的限制', 'guidance': '对比佩拉纠的观点（人靠自身善功可得救）和奥古斯丁的回应（因原罪，人性已败坏，无力自救；救赎完全依赖上帝的‘恩典’和‘预定’）。', 'transition_hint': '点明这一冲突凸显了基督教哲学的核心张力：人的自由与上帝主权的关系。'}, {'bullet_id': 2, 'intent': '提出奥古斯丁理论遗留的经典难题，引导听众思考自由的悖论', 'guidance': '抛出后世哲学家（如莱布尼茨、康德）的质疑：上帝赋予自由时是否预知人会滥用？如果预知却不阻止，上帝是否要为恶负责？自由是否必然包含‘作恶’的可能性？', 'transition_hint': '将讨论从历史理论引向更普遍的哲学反思：我们如何理解自由、责任与超越性力量（或规律）之间的关系？'}]}, {'stage_id': 5, 'stage_name': '收束与回响：哲学焦点的彻底转向', 'bullets': [{'bullet_id': 1, 'intent': '总结奥古斯丁的奠基性贡献：将哲学核心从‘世界本原’转向‘人的生存’（原罪与救赎）', 'guidance': '清晰对比希腊哲学（追问外部世界）与奥古斯丁代表的基督教哲学（追问内心、罪恶、自由、救赎），强调这是哲学史上一次深刻的‘向内转’。', 'transition_hint': '最后落脚于奥古斯丁思想的持久影响：他关于自由、罪恶、内在时间的思考，为整个中世纪乃至近代哲学（如笛卡尔的‘我思’、康德的道德哲学）埋下了伏笔。'}, {'bullet_id': 2, 'intent': '引出下一问题：奥古斯丁之后，这种信仰与理性结合的道路将如何发展？是否会遇到新的挑战？', 'guidance': '简要提示：奥古斯丁的柏拉图主义神秘色彩，与后来经院哲学试图用更系统的理性（尤其是亚里士多德哲学）来论证信仰的路径不同，为介绍托马斯·阿奎那做铺垫。', 'transition_hint': '以开放性问题结束：如果信仰是前提，理性究竟能在多大程度上‘理解’信仰？这是中世纪哲学将要面对的核心课题。'}]}]}, {'topic_name': '自由意志与罪恶的根源：一个神学难题的诞生', 'stages': [{'stage_id': 1, 'stage_name': '从直觉困境出发：全善的上帝与罪恶的世界', 'bullets': [{'bullet_id': 1, 'intent': '从听众的日常经验或新闻事件（如天灾、人祸）出发，建立‘世间存在罪恶’的直观感受，并引出核心困惑：如果上帝全善全能，为何允许罪恶存在？', 'guidance': '使用具体、有画面感的例子（如自然灾害、战争、不公义）来引发听众共鸣，语气可以略带困惑和沉重。', 'transition_hint': '提出一个尖锐的追问：罪恶的存在，是否意味着上帝要么不全能，要么不全善？这构成了一个根本性的神学难题。'}, {'bullet_id': 2, 'intent': '引入‘伊壁鸠鲁悖论’的逻辑框架，清晰展示‘全善、全能、罪恶’三者无法共存的逻辑困境，为奥古斯丁的解答设置舞台。', 'guidance': '用简洁的逻辑链条（如果…那么…）来梳理这个悖论，让听众感受到问题的尖锐性和必须被解决的紧迫性。', 'transition_hint': '自然过渡到：面对这个几乎无解的难题，奥古斯丁这位伟大的神学家，提出了一个影响深远的答案。'}]}, {'stage_id': 2, 'stage_name': '奥古斯丁的核心解答：自由意志与‘善的缺乏’', 'bullets': [{'bullet_id': 1, 'intent': '阐述奥古斯丁对‘恶’的本质定义：恶不是一种独立的实体或本质，而是‘善的缺乏’。', 'guidance': '使用类比，比如‘黑暗是光明的缺乏’，‘疾病是健康的缺乏’，帮助听众理解这个抽象概念。强调上帝作为至善，只创造善，不创造恶。', 'transition_hint': '紧接着追问：那么，‘善的缺乏’是如何产生的？什么东西导致了‘缺乏’的发生？'}, {'bullet_id': 2, 'intent': '引入‘自由意志’作为关键解释：上帝赋予人自由意志本身是善的，是人滥用自由意志，选择了背离上帝的善，从而导致了‘善的缺乏’，即罪恶。', 'guidance': '回到亚当夏娃偷食禁果的经典故事，具体说明‘滥用自由’如何体现为‘违背上帝意志’，从而产生原罪。强调责任主体从上帝转移到了人。', 'transition_hint': '总结奥古斯丁方案的要点：上帝全善（创造自由），人滥用（导致罪恶），从而在逻辑上暂时维护了上帝的全善全能。'}]}, {'stage_id': 3, 'stage_name': '深化与质疑：自由意志解释引发的哲学矛盾', 'bullets': [{'bullet_id': 1, 'intent': '提出对奥古斯丁方案的第一个深层质疑：全知的上帝在赋予人自由时，是否预知人会滥用？如果预知却不阻止，上帝是否仍需为罪恶负责？', 'guidance': '用设问的方式，引导听众一起思考这个两难困境：预知 vs 不预知，似乎都会动摇上帝的属性。语气可以带有探索性。', 'transition_hint': '这个质疑指向了‘全知’与‘自由意志’能否真正相容的哲学难题。'}, {'bullet_id': 2, 'intent': '提出第二个更根本的质疑（可引入康德视角的雏形）：如果自由意志意味着可以违背上帝，那么‘滥用’是不是自由意志的题中应有之义？自由是否在根源上就与‘背离’（最初的恶）联系在一起？', 'guidance': '对比‘完全服从上帝意志’（无自由）和‘有可能违背’（有自由），让听众体会自由概念内在的张力。指出奥古斯丁可能回避了这个深度。', 'transition_hint': '这些质疑表明，用自由意志解释罪恶，虽然巧妙，但也打开了更复杂的哲学潘多拉魔盒。'}]}, {'stage_id': 4, 'stage_name': '收束、影响与引出新问题', 'bullets': [{'bullet_id': 1, 'intent': '总结奥古斯丁理论的历史意义：成功地将罪恶根源归于人，维护了上帝属性的统一，确立了自由意志在基督教神学中的核心地位，并深刻影响了后世对自由与道德关系的思考。', 'guidance': '强调这是一个‘诞生’：一个经典的神学-哲学难题及其经典解答方案的诞生。点出它对路德、加尔文乃至康德、莱布尼茨的影响。', 'transition_hint': '然而，奥古斯丁晚年的思想发生了重要转变，他对自由意志的看法变得更加复杂和严峻。'}, {'bullet_id': 2, 'intent': '引出奥古斯丁思想的下一个关键发展：从早期的自由意志论，转向晚年的‘预定论’。提出新问题：如果一切都是上帝预定，人的自由和努力还有意义吗？道德是否会因此被废弃？', 'guidance': '简要对比‘自由意志论’和‘预定论’的冲突，制造新的悬念。指出这将是下一个需要探讨的、同样深刻的神学哲学课题。', 'transition_hint': '自然过渡到对奥古斯丁‘预定论’及其引发的道德难题的探讨。'}]}]}, {'topic_name': '预定论 vs 自由意志论：救赎之争', 'stages': [{'stage_id': 1, 'stage_name': '从生存困境到救赎渴望', 'bullets': [{'bullet_id': 1, 'intent': '建立听众的代入感，描述罗马帝国晚期基督徒面临的普遍罪恶感与对救赎的迫切渴望', 'guidance': '描绘具体的历史与生存图景，如社会动荡、道德堕落、个人罪孽感，让听众感受到‘我需要被拯救’的原始冲动', 'transition_hint': '从这种普遍的生存困境，自然引出核心问题：我们到底怎样才能获得救赎？是靠自己的努力，还是靠别的什么力量？'}, {'bullet_id': 2, 'intent': '明确本章的核心问题：在承认‘罪恶源于自由意志’之后，人如何从这罪中获得救赎？', 'guidance': '回顾上一章关于‘自由意志与罪恶起源’的结论，强调这是逻辑的自然延伸。用提问方式聚焦：既然罪是我们自己（或祖先）用自由意志犯下的，那救赎的钥匙还在我们自己手里吗？', 'transition_hint': '由此引出两种截然不同的答案，开启奥古斯丁与佩拉纠的对比'}]}, {'stage_id': 2, 'stage_name': '佩拉纠的挑战：人能自救吗？', 'bullets': [{'bullet_id': 1, 'intent': '介绍佩拉纠的基本观点：罪是个人行为，人本性未完全败坏，可以凭借自由意志选择行善，从而依靠自身努力获得救赎', 'guidance': '用平实的语言解释，强调其‘乐观’和‘自主’的一面。可以类比为‘通过个人修行达到解脱’的思路，让听众易于理解', 'transition_hint': '提出一个尖锐的疑问：如果人靠自己就能得救，那基督耶稣的牺牲和救赎还有什么必要？这会不会动摇基督教信仰的根基？'}, {'bullet_id': 2, 'intent': '深入剖析佩拉纠观点对基督教核心教义（原罪、基督救赎）构成的潜在颠覆性威胁', 'guidance': '逻辑推导：如果罪只是个人模仿的坏榜样（本罪），而非遗传的本性败坏（原罪）→ 则不需要基督代赎原罪 → 基督成为‘优秀道德教师’而非‘唯一救主’。点明这对信仰的冲击', 'transition_hint': '面对如此重大的理论危机，需要一位强有力的捍卫者。自然过渡到奥古斯丁的回应'}]}, {'stage_id': 3, 'stage_name': '奥古斯丁的捍卫：原罪的深度与人的无力', 'bullets': [{'bullet_id': 1, 'intent': '阐述奥古斯丁对‘原罪’的强化定义：亚当的罪不是坏榜样，而是彻底败坏了全人类的本性，并通过遗传延续，使人从根本上是邪恶的', 'guidance': '用‘婴儿的嫉妒’等生动例子说明罪性是与生俱来的，强调原罪的普遍性与深刻性，与佩拉纠的‘个人行为说’形成鲜明对比', 'transition_hint': '既然罪是如此根深蒂固、非我个人所为，那么一个必然的推论是：人靠自己的‘善功’能解除它吗？'}, {'bullet_id': 2, 'intent': '引出奥古斯丁的核心结论：由于原罪的深度，人完全无法靠自身善功得救；救赎只能依赖上帝‘白白给予的恩典’', 'guidance': '解释‘白白的恩典’意味着这不是交易，不是人努力赚取的报酬，而是上帝单方面的、无条件的赠与。强调人的彻底无力与对恩典的绝对依赖', 'transition_hint': '但这就引出一个更根本的问题：上帝这救赎的恩典，是给所有人的吗？他是根据什么来给予的？'}]}, {'stage_id': 4, 'stage_name': '预定论：恩典的奥秘与决定论色彩', 'bullets': [{'bullet_id': 1, 'intent': '提出并解释‘预定论’：上帝在创世之初，就已基于其不可测度的意志，预先选定了哪些人将得到救赎的恩典', 'guidance': '强调其‘决定论’色彩：救恩不依赖于人出生后的任何行为或选择，早已被预定。用‘名单在创世时已写好’的比喻帮助理解', 'transition_hint': '听众很可能会产生一个强烈的质疑：如果一切都预定了，那我们行善还有意义吗？道德努力岂不是多余的？这会不会导致道德废弃？'}, {'bullet_id': 2, 'intent': '回应‘道德废弃论’的质疑，解释奥古斯丁的决定论道德观：被预定得救者，其善行是恩典的结果与证明，而非原因', 'guidance': '阐明逻辑：不是‘因为善行所以被拣选’，而是‘因为被拣选所以必有善行’。善功是恩典内在驱动的外在表现，而非换取恩典的筹码', 'transition_hint': '总结这种观点带来的心理与行为特质：强烈的圣徒意识、坚定的信念，因为它将个人行为与神圣必然性相连'}]}, {'stage_id': 5, 'stage_name': '思想交锋的余波与启示', 'bullets': [{'bullet_id': 1, 'intent': '收束对比：总结预定论与自由意志论在救赎根源（上帝恩典 vs 个人努力）、人性观（全然败坏 vs 本性可善）、对基督必要性（绝对核心 vs 可能多余）上的根本对立', 'guidance': '用简洁的对比表格在语言上呈现，帮助听众巩固理解。强调这不仅是神学争论，更关乎对人的处境、能力与希望的根本看法', 'transition_hint': '指出这场争论并未终结，其核心张力——神圣主权与人的责任——将贯穿整个基督教思想史'}, {'bullet_id': 2, 'intent': '引出后续思想史脉络：预定论如何在中世纪被扭曲为‘善功得救’（如赎罪券），又如何点燃宗教改革的火花', 'guidance': '简要提及奥古斯丁的预定论后来被体制化教会工具化，背离其原意，从而为理解马丁·路德的宗教改革埋下伏笔', 'transition_hint': '这场关于救赎的争论，把我们带向了信仰与理性关系更复杂的舞台。接下来，中世纪的思想家们开始尝试用‘理性’来理解和证明‘信仰’，比如，他们如何用逻辑来证明上帝的存在？'}]}]}, {'topic_name': '理性的复兴：经院哲学与‘信仰寻求理解’', 'stages': [{'stage_id': 1, 'stage_name': '从‘信仰排斥理性’到‘信仰寻求理解’的转变契机', 'bullets': [{'bullet_id': 1, 'intent': '建立历史情境：对比早期教父哲学（如奥古斯丁）‘先信仰后理解’甚至贬抑理性的态度，与中世纪中期基督教成为西欧唯一信仰后，地位稳固、需要系统化理论支撑的新需求。', 'guidance': '用对比手法，描述早期基督徒在压迫下靠狂热信仰生存，与中世纪教会成为社会主宰后，需要‘讲道理’来维护权威的不同处境。', 'transition_hint': '引出疑问：地位稳固后，仅仅靠‘信’就够了吗？是否需要更‘高级’的方式来巩固信仰？'}, {'bullet_id': 2, 'intent': '引入关键变量：亚里士多德哲学的‘回归’。说明其通过阿拉伯世界（如伊斯兰化的西班牙）重新传入西欧，带来了强大的逻辑和理性工具。', 'guidance': '用‘失而复得的火种’或‘新鲜血液’等比喻，描述亚里士多德逻辑学对当时思想界的冲击，强调其‘工具性’。', 'transition_hint': '自然过渡到核心问题：当强大的理性工具（亚里士多德哲学）遇到了至高无上的信仰（基督教），会发生什么？是冲突还是融合？'}]}, {'stage_id': 2, 'stage_name': '安瑟伦与‘信仰寻求理解’：新基调的确立', 'bullets': [{'bullet_id': 1, 'intent': '聚焦安瑟伦，提出其核心口号‘信仰寻求理解’。解释其含义：信仰是绝对前提和起点，但在此之后，运用理性去理解信仰内容，不仅被允许，甚至是一种责任（反对‘懒惰的信仰’）。', 'guidance': '重点阐释‘寻求理解’是一种积极的、锦上添花的行为，而非对信仰的怀疑。可以引用安瑟伦关于‘懒惰是罪过’的观点。', 'transition_hint': '那么，如何‘寻求理解’呢？最直接的尝试，就是为最核心的信仰命题——上帝存在——提供理性证明。'}, {'bullet_id': 2, 'intent': '以安瑟伦的‘本体论证明’为具体案例，展示‘信仰寻求理解’的实践。简要勾勒证明思路：从‘最完美观念’逻辑地推出‘存在’属性，从而论证上帝存在。', 'guidance': '不必陷入复杂的逻辑细节，重点在于说明这是一种纯粹从概念出发的理性推理，试图用逻辑为信仰奠基。强调其‘开创性’。', 'transition_hint': '这个证明本身成功与否可以暂不讨论，但它标志了一种全新的态度。那么，这种新态度到底意味着什么？它和过去的教父哲学根本区别在哪？'}]}, {'stage_id': 3, 'stage_name': '经院哲学的精神内核：理性在神学母腹中的复苏', 'bullets': [{'bullet_id': 1, 'intent': '点明经院哲学与教父哲学的根本区别在于‘对待理性的态度’。经院哲学（以安瑟伦为代表的主流）不再简单排斥理性，而是试图调和信仰与理性，强调二者的同一性，让理性为信仰服务。', 'guidance': '进行总结性对比：教父哲学基调是‘信仰 vs 理性’；经院哲学（正统）基调是‘信仰 + 理性’（理性作为工具）。', 'transition_hint': '但是，这种‘服务’关系真的那么稳固吗？把理性请进门，它就会乖乖只当‘奴婢’吗？'}, {'bullet_id': 2, 'intent': '初步揭示‘理性复兴’的深层意义与潜在危险。指出一旦开始用理性论证信仰内容，就等于把信仰放在了理性的审判台上接受检验。理性可能从‘论证的工具’悄然转变为‘检验的标准’。', 'guidance': '用比喻说明，比如‘打开潘多拉魔盒’或‘请狼入室’。可以提及，这为后来信仰与理性的冲突埋下了伏笔。', 'transition_hint': '这引出了一个更深刻的问题：经院哲学这种‘信仰寻求理解’的努力，从长远看，究竟是在巩固信仰，还是在不知不觉中架空甚至动摇信仰？'}]}, {'stage_id': 4, 'stage_name': '收束与展望：理性的种子与未来的风暴', 'bullets': [{'bullet_id': 1, 'intent': '总结本章核心：经院哲学（以安瑟伦为起点）标志着理性精神在基督教神学内部的复苏。其历史意义在于，它改变了思想对话的规则，为后来西方哲学和科学中的理性主义传统提供了重要的精神来源。', 'guidance': '强调这是‘在神学母腹中的复苏’，理性虽受束缚但已获得合法性空间。点明这是从‘信仰时代’迈向‘理性时代’的关键过渡环节。', 'transition_hint': '然而，安瑟伦的‘本体论证明’真的无懈可击吗？同时代就有人提出了尖锐的批评。这个批评不仅针对证明本身，更触及了‘用理性证明信仰’这一根本路径的边界。'}, {'bullet_id': 2, 'intent': '引出下一问题：安瑟伦的证明遭到了同时代一位僧侣高尼罗的著名反驳。高尼罗用‘完美的海岛’为例，揭示了从观念到存在之间的逻辑鸿沟。这预示着理性一旦被唤醒，就会按照自身的逻辑前进，甚至可能反过来质疑召唤它的信仰。', 'guidance': '简要介绍高尼罗反驳的要点，将其作为理性精神独立性和批判性初现的案例。', 'transition_hint': '那么，经院哲学家们将如何回应这种挑战？理性与信仰的‘蜜月期’会持续下去吗？这让我们把目光投向经院哲学的鼎盛时期和另一位集大成者——托马斯·阿奎那。'}]}]}, {'topic_name': '上帝存在的证明：理性论证的尝试与局限', 'stages': [{'stage_id': 1, 'stage_name': "从'信'到'证'：一个大胆的转向", 'bullets': [{'bullet_id': 1, 'intent': '建立背景：介绍中世纪早期‘信仰至上’的氛围，以及‘信仰寻求理解’这一新口号的提出。', 'guidance': '用对比手法，描述早期教父哲学（如德尔图良）‘正因为荒谬，我才相信’的态度，与安瑟伦等人‘信仰后应寻求理解’的新主张。可以类比为‘知其然’后，还想‘知其所以然’的求知欲。', 'transition_hint': '引出核心问题：如何用理性去‘理解’最核心的信仰——上帝存在？这催生了两种截然不同的证明路径。'}, {'bullet_id': 2, 'intent': '提出本章的核心任务：审视两种经典的理性证明路径——从概念出发（安瑟伦）和从经验出发（阿奎那）。', 'guidance': '用比喻说明两种路径的区别：一个像是从‘完美的定义’里推导出实物，另一个像是从‘世界的现象’往回追溯源头。', 'transition_hint': '自然过渡到第一种，也是最‘纯粹’的理性证明：安瑟伦的本体论证明。'}]}, {'stage_id': 2, 'stage_name': '纯粹理性的冒险：安瑟伦的本体论证明', 'bullets': [{'bullet_id': 1, 'intent': '清晰阐述安瑟伦本体论证明的逻辑结构：从‘最完美观念’推导出‘存在’。', 'guidance': '用最通俗的语言复述三段论：1. 最完美的东西必须包含所有完美属性（包括存在）。2. 上帝是最完美的东西。3. 所以上帝存在。重点强调其‘纯粹从概念推导’的特点。', 'transition_hint': '引导听众感受这个论证的‘魔力’与‘怪异’：它似乎不依赖任何外部观察，只在头脑里转了一圈，就推出了一个惊天结论。'}, {'bullet_id': 2, 'intent': '揭示本体论证明的内在困境与后世批判（以康德为例），指出其核心漏洞在于混淆了‘概念’与‘存在’。', 'guidance': '使用康德‘一百块钱’的经典例子：头脑里的一百块和口袋里的一百块，在‘概念’上完全一样，区别只在于‘存在’状态。不能从‘我想到一百块’推出‘我有一百块’。以此类比，不能从‘上帝是最完美的概念’推出‘上帝存在’。', 'transition_hint': '总结：这个证明看似严密，实则预设了信仰前提（承认上帝是最完美概念），并且犯了逻辑错误。那么，有没有更‘接地气’、从我们都能感知的世界出发的证明呢？'}]}, {'stage_id': 3, 'stage_name': '经验世界的回溯：托马斯·阿奎那的宇宙论与目的论证明', 'bullets': [{'bullet_id': 1, 'intent': '介绍阿奎那证明的出发点：从人人可见的经验事实（运动、因果、目的性等）出发，而非抽象概念。', 'guidance': '举例说明：我们看到球被杆推动，杆被人手推动……这个‘推动系列’不能无限回溯，必须有一个‘第一推动者’。世界万物精巧的秩序与目的，也暗示着一个‘智慧的设计者’。强调其论证看起来更符合常识。', 'transition_hint': '点明阿奎那证明的优势：它试图搭建一座从经验世界通往神圣世界的理性桥梁，看起来比安瑟伦的‘空中楼阁’更稳固。'}, {'bullet_id': 2, 'intent': '分析阿奎那证明同样面临的逻辑困境：它无法证明这个‘第一因’或‘设计者’就是基督教的人格神上帝。', 'guidance': '提出质疑：这个逻辑上必需的‘终点’，可能只是一个物理学的初始条件、一个抽象的哲学原则，而不一定是具有意志、位格的上帝。论证链条在最后一步出现了跳跃。', 'transition_hint': '小结两种证明：一个从概念里‘分析’出上帝，一个从经验里‘追溯’到上帝，但最终都未能用纯粹理性彻底跨越信仰的鸿沟。'}]}, {'stage_id': 4, 'stage_name': '意义重估：理性地位的悄然提升', 'bullets': [{'bullet_id': 1, 'intent': '超越‘证明是否成功’的层面，深入探讨这些理性尝试的历史哲学意义：它们标志着理性在中世纪神学中地位的革命性提升。', 'guidance': '对比强调：在教父哲学时代，理性是信仰的‘敌人’或‘奴婢’；而在经院哲学这里，理性成了为信仰服务的‘辩护律师’或‘建筑师’。这个角色转变本身意义重大。', 'transition_hint': '指出一个深刻的悖论：经院哲学本想用理性加固信仰的堡垒，却无意中释放了‘理性’这个强大的力量。'}, {'bullet_id': 2, 'intent': '揭示经院哲学的内在矛盾与历史后果：理性一旦被启用，就获得了独立的评判权，最终将反过来审视一切，包括信仰本身。', 'guidance': '使用‘所罗门瓶子里的魔鬼’这个比喻：理性被从信仰的瓶子里放出来为神学服务，但最终它成长壮大，要求一切都接受它的审判。这为近代哲学的诞生埋下了伏笔。', 'transition_hint': '收束本章：这些关于上帝存在的证明，其最大遗产不是证明了上帝，而是证明了理性本身的力量。它开启了一个‘理性时代’的大门。'}]}, {'stage_id': 5, 'stage_name': '未完的旅程：理性将走向何方？', 'bullets': [{'bullet_id': 1, 'intent': '提出前瞻性问题：当理性发现自己无法彻底证明信仰的终极对象（上帝）时，它会转向何方？', 'guidance': '引导思考：理性是否会调转矛头，开始用同样的逻辑工具去探究‘人’自身、探究‘自然世界’？这是否意味着哲学关注点的重大转移？', 'transition_hint': '自然引出下一阶段（如近代哲学）的主题：从‘证明上帝’到‘认识人类理性自身’与‘探索自然规律’，哲学的重心将发生根本性转变。'}]}]}, {'topic_name': '共相之争：实在论与唯名论的神学意涵', 'stages': [{'stage_id': 1, 'stage_name': '从日常概念到哲学问题', 'bullets': [{'bullet_id': 1, 'intent': '从听众熟悉的‘普遍概念’（如‘人’、‘树’）入手，建立对‘共相’的直觉理解', 'guidance': '用具体例子提问：当我们说‘人’时，指的是某个具体的人，还是所有人类共有的某种东西？引导听众思考‘普遍性’的存在方式', 'transition_hint': '从这种日常困惑，引出哲学史上对这个问题的专门探讨，即‘共相问题’'}, {'bullet_id': 2, 'intent': '简要介绍‘共相问题’的哲学来源，说明它并非凭空产生，而是源自对亚里士多德等古希腊哲学的思考', 'guidance': '点明这是古希腊哲学遗产在中世纪的延续，强调其‘哲学思辨’的底色，为后续讨论其神学转向做铺垫', 'transition_hint': '提出核心疑问：一个看似纯粹的哲学问题，为什么会在中世纪引起如此激烈的争论？'}]}, {'stage_id': 2, 'stage_name': '两种对立的答案：实在论与唯名论', 'bullets': [{'bullet_id': 1, 'intent': '清晰解释‘实在论’的核心主张：共相（普遍本质）是独立于、先于个别事物的真实存在', 'guidance': '用比喻帮助理解：可以类比为柏拉图《理想国》中的‘理念’，比如‘完美的圆’独立于所有画出来的圆而存在', 'transition_hint': '解释这种观点听起来很抽象，但它在中世纪有非常具体的拥护者'}, {'bullet_id': 2, 'intent': '清晰解释‘唯名论’的核心主张：只有个别事物是真实的，共相只是我们用来指称相似事物的‘名称’或‘概念’，后于事物', 'guidance': '用反例说明：世界上只有一个个具体的人，没有独立存在的‘人’这个实体；‘人’只是我们发明的一个词', 'transition_hint': '对比两种观点，强调它们在‘何者为第一性’问题上的根本对立，并引出疑问：这仅仅是学术之争吗？'}]}, {'stage_id': 3, 'stage_name': '哲学争论的神学引爆点', 'bullets': [{'bullet_id': 1, 'intent': '以‘三位一体’教义为例，具体展示实在论如何为其提供哲学支持', 'guidance': '解释：实在论认为‘神性’这个共相是独立实在的，圣父、圣子、圣灵三个位格共享这同一个实在的‘神性’，从而维护‘三而一’的正统', 'transition_hint': '指出如果采用唯名论思路，可能会推导出什么不同的结论？'}, {'bullet_id': 2, 'intent': '揭示唯名论可能导致的‘危险’神学推论，如‘三神论’', 'guidance': '解释：如果‘神性’只是个名称，那么圣父、圣子、圣灵就是三个独立的个体，只是我们用一个‘神’的名称来统称他们，这就滑向了异端', 'transition_hint': '再举一例（如圣餐‘变体说’），说明共相之争如何渗透到核心教义解释的方方面面'}]}, {'stage_id': 4, 'stage_name': '经院哲学的深层逻辑与角色', 'bullets': [{'bullet_id': 1, 'intent': '总结共相之争的本质：它体现了经院哲学用理性（逻辑）为信仰（教义）进行辩护和体系化的努力', 'guidance': '点明这不是无聊的咬文嚼字，而是关系到信仰大厦的理论根基是否牢固。哲学成为建构和捍卫神学体系的精密工具', 'transition_hint': '由此反思经院哲学中‘哲学’与‘神学’的关系'}, {'bullet_id': 2, 'intent': '深化对‘哲学是神学的婢女’这一命题的理解', 'guidance': '解释：共相之争完美诠释了这一点。哲学问题（共相）的提出和讨论本身是自由的，但对其答案的评判和选择，却必须服从于维护神学正统的最高目的', 'transition_hint': '收束本话题，并思考这种关系带来的影响'}]}, {'stage_id': 5, 'stage_name': '收束与延伸：理性的双刃剑', 'bullets': [{'bullet_id': 1, 'intent': '总结共相之争如何展示了中世纪理性与信仰关系的复杂性', 'guidance': '强调经院哲学既用理性论证信仰（如实在论者），但理性思辨本身也可能动摇信仰（如唯名论的潜在危险）。理性是一把双刃剑', 'transition_hint': '引出下一个问题：当这种用理性论证信仰的努力走到极致，甚至试图用理性完全‘理解’信仰时，会发生什么？'}, {'bullet_id': 2, 'intent': '自然过渡到下一个可能的课题，如‘上帝存在的证明’或‘唯名论的后续发展’', 'guidance': '提示：共相之争中的唯名论种子，后来如何与强调个体经验、挑战权威的思想结合，为近代哲学埋下伏笔？', 'transition_hint': '结束本段对话，开启新的探索'}]}]}, {'topic_name': '理性的辩证命运：从神学婢女到信仰的潜在掘墓人', 'stages': [{'stage_id': 1, 'stage_name': '从直觉出发：信仰与理性的天然张力', 'bullets': [{'bullet_id': 1, 'intent': '引入听众对‘信仰’与‘理性’的日常直觉理解，建立两者似乎‘一个讲情感/信念，一个讲逻辑/证据’的初步印象。', 'guidance': '可以举例说明，比如‘我相信家人爱我’（信仰/情感）与‘我通过计算证明这道题’（理性/逻辑）的对比，让听众有代入感。', 'transition_hint': '提出疑问：如果这两种力量相遇，尤其是在一个信仰（基督教）成为唯一文化背景的时代，它们会是什么关系？是朋友还是敌人？'}, {'bullet_id': 2, 'intent': '简述早期基督教（教父哲学时期）的生存处境，以及在这种处境下，信仰对理性采取的‘压制’或‘超越’态度。', 'guidance': '用画面感描述：在受压迫、需要坚定信念的时代，强调‘正因为其荒谬，所以我才相信’（德尔图良）这种态度背后的情感与生存逻辑，而非哲学逻辑。', 'transition_hint': '自然引出转折：当基督教从受压迫者变为整个社会的统治性思想后，它对待理性的态度会发生怎样的变化？为什么会有这种变化？'}]}, {'stage_id': 2, 'stage_name': '工具的启用：经院哲学如何‘收编’理性', 'bullets': [{'bullet_id': 1, 'intent': '解释经院哲学的核心转变：不再简单排斥理性，而是试图将理性作为论证和巩固信仰的‘工具’。', 'guidance': '强调理论根基从柏拉图主义转向以逻辑见长的亚里士多德主义这一关键点。类比：就像建立一个宏大建筑（神学体系），以前主要靠信念支撑，现在想引入钢筋水泥（理性逻辑）让它更坚固、更系统。', 'transition_hint': '深入探讨这种‘工具化’的具体表现：他们用理性来做什么？最著名的尝试是什么？'}, {'bullet_id': 2, 'intent': '聚焦于‘用理性证明信仰’的核心尝试，以‘上帝存在的证明’（如安瑟伦、阿奎那）为例，说明其意图与内在特点。', 'guidance': '点明这些证明的关键不在于其逻辑是否完美无缺（事实上有很多漏洞），而在于其行为本身所代表的‘信仰寻求理解’的思想倾向。与第一阶段教父的‘拒斥理解’形成鲜明对比。', 'transition_hint': '提出一个关键疑问：理性这个‘工具’，一旦被启动来为信仰服务，它会完全听话吗？它会不会有自己的‘想法’和运行逻辑？'}]}, {'stage_id': 3, 'stage_name': '辩证的转折：工具如何反噬主人', 'bullets': [{'bullet_id': 1, 'intent': '揭示经院哲学策略的内在矛盾：基督教核心教义（如三位一体、道成肉身）的本质是‘奥秘’，依赖于信仰的朦胧性和超越性。', 'guidance': '举例说明：一旦用理性去追问‘三位如何具体合一’、‘神性人性如何精确结合’这些细节，就会陷入无法调和的矛盾，反而可能瓦解信仰本身。强调‘奥秘’不能被理性完全穿透。', 'transition_hint': '引出核心洞见：理性一旦被释放出来参与论证，它就不会甘心只做‘工具’。它会遵循自身的逻辑，从追问‘如何理解信仰’一步步走向追问‘信仰本身是否合理’。'}, {'bullet_id': 2, 'intent': '阐述理性的‘潜在威胁’：它从中世纪‘神学的奴婢’悄然成长为一股独立的力量，并开始按照自己的规则审视一切，包括曾经的主人——信仰。', 'guidance': '使用比喻：理性像被所罗门瓶释放的魔鬼，或是在信仰母腹中孕育最终却要挣脱母体的孩子。说明这个过程是历史性的、辩证的，而非一蹴而就。', 'transition_hint': '总结这一辩证过程：贬抑（教父） -> 工具性复兴（经院） -> 潜在威胁/独立成长。为最终收束和展望做准备。'}]}, {'stage_id': 4, 'stage_name': '收束与展望：埋下的历史伏笔', 'bullets': [{'bullet_id': 1, 'intent': '总结本章深层主线：理性在中世纪的辩证命运，解释了中世纪哲学在西方理性精神发展史上的关键地位——它既是信仰的黄金时代，也是理性悄然积蓄力量、等待破茧而出的时代。', 'guidance': '呼应开头，将听众从具体的历史叙述拉回到宏观的思想史视野。强调‘辩证’一词的含义：事物内部包含自我否定的种子，信仰孕育了最终可能动摇自身的理性。', 'transition_hint': '最后，将目光投向未来：这个在经院哲学中小心翼翼论证上帝的理性，最终会走向何方？它如何从‘潜在威胁’变为‘现实审判’？'}, {'bullet_id': 2, 'intent': '引出下一问题：为近代理性的独立与启蒙运动埋下伏笔。指出当中世纪的帷幕落下，成长起来的理性将不再满足于做任何事物的‘婢女’，它要求建立自己的法庭，审判一切，包括宗教、传统和权威。', 'guidance': '用充满画面感的语言描述这种转折：一个曾经跪在神学脚下的仆人，如今要站起来成为法官。从而自然过渡到对近代哲学（如笛卡尔、启蒙运动）的探讨。', 'transition_hint': '结束本话题，开启对近代理性主义崛起的新篇章的期待。'}]}]}]
2026-04-18 19:57:39,094 - SophiaLogger - [INFO] - [异步时间测试] get_director_plan 耗时: 94.5088 秒
2026-04-18 19:57:39,094 - SophiaLogger - [INFO] - 正在并发获取所有 Topic 的参考资料...
2026-04-18 19:57:54,807 - SophiaLogger - [INFO] - 所有参考资料准备完毕，开始Topic级别并发生成对话...
2026-04-18 19:57:54,807 - SophiaLogger - [INFO] - 🚀 开始生成课题 [从理性到信仰：哲学基调的转变] 的脚本...
2026-04-18 19:57:54,807 - SophiaLogger - [INFO] - 🚀 开始生成课题 [信仰的绝对优先：德尔图良与“荒谬才信”] 的脚本...
2026-04-18 19:57:54,807 - SophiaLogger - [INFO] - 🚀 开始生成课题 [正统教义的奥秘性：理性无法把握的信仰核心] 的脚本...
2026-04-18 19:57:54,823 - SophiaLogger - [INFO] - 🚀 开始生成课题 [奥古斯丁的奠基：从创世、时间到原罪] 的脚本...
2026-04-18 19:57:54,823 - SophiaLogger - [INFO] - 🚀 开始生成课题 [自由意志与罪恶的根源：一个神学难题的诞生] 的脚本...
2026-04-18 19:57:54,823 - SophiaLogger - [INFO] - 🚀 开始生成课题 [预定论 vs 自由意志论：救赎之争] 的脚本...
2026-04-18 19:57:54,823 - SophiaLogger - [INFO] - 🚀 开始生成课题 [理性的复兴：经院哲学与“信仰寻求理解”] 的脚本...
2026-04-18 19:57:54,823 - SophiaLogger - [INFO] - 🚀 开始生成课题 [上帝存在的证明：理性论证的尝试与局限] 的脚本...
2026-04-18 19:57:54,823 - SophiaLogger - [INFO] - 🚀 开始生成课题 [共相之争：实在论与唯名论的神学意涵] 的脚本...
2026-04-18 19:57:54,823 - SophiaLogger - [INFO] - 🚀 开始生成课题 [理性的辩证命运：从神学婢女到信仰的潜在掘墓人] 的脚本...
2026-04-18 20:00:06,922 - SophiaLogger - [INFO] - ✅ 课题 [信仰的绝对优先：德尔图良与“荒谬才信”] 脚本生成完毕！
2026-04-18 20:00:13,688 - SophiaLogger - [INFO] - ✅ 课题 [理性的辩证命运：从神学婢女到信仰的潜在掘墓人] 脚本生成完毕！
2026-04-18 20:00:24,273 - SophiaLogger - [INFO] - ✅ 课题 [正统教义的奥秘性：理性无法把握的信仰核心] 脚本生成完毕！
2026-04-18 20:00:26,322 - SophiaLogger - [INFO] - ✅ 课题 [自由意志与罪恶的根源：一个神学难题的诞生] 脚本生成完毕！
2026-04-18 20:00:30,006 - SophiaLogger - [INFO] - ✅ 课题 [共相之争：实在论与唯名论的神学意涵] 脚本生成完毕！
2026-04-18 20:00:32,464 - SophiaLogger - [INFO] - ✅ 课题 [理性的复兴：经院哲学与“信仰寻求理解”] 脚本生成完毕！
2026-04-18 20:00:52,433 - SophiaLogger - [INFO] - ✅ 课题 [上帝存在的证明：理性论证的尝试与局限] 脚本生成完毕！
2026-04-18 20:00:53,981 - SophiaLogger - [INFO] - ✅ 课题 [从理性到信仰：哲学基调的转变] 脚本生成完毕！
2026-04-18 20:00:59,501 - SophiaLogger - [INFO] - ✅ 课题 [奥古斯丁的奠基：从创世、时间到原罪] 脚本生成完毕！
2026-04-18 20:01:00,930 - SophiaLogger - [INFO] - ✅ 课题 [预定论 vs 自由意志论：救赎之争] 脚本生成完毕！
2026-04-18 20:01:00,936 - SophiaLogger - [INFO] - [异步时间测试] get_script 耗时: 201.8490 秒
2026-04-18 20:01:00,936 - SophiaLogger - [INFO] - [异步时间测试] agent_speechers_node 耗时: 201.8492 秒
2026-04-18 20:01:00,952 - SophiaLogger - [INFO] - 正在连接 GPT-SoVITS 本地 API...
2026-04-18 20:01:00,952 - SophiaLogger - [INFO] - >>> 1. 开始解析并切分脚本
2026-04-18 20:01:00,968 - SophiaLogger - [ERROR] - ❌ 发生错误：NameError: name 'raw_script' is not defined
2026-04-18 20:01:00,968 - SophiaLogger - [ERROR] - 请重新输入您的问题，或检查您的网络连接和API密钥配置。
2026-04-18 20:01:00,968 - SophiaLogger - [ERROR] - 当前进度已安全保存在 checkpoints.sqlite 中, session_id = session-lecture06，修复 Bug 后重新运行即可从断点恢复！
2026-04-18 20:01:00,992 - SophiaLogger - [INFO] - [异步时间测试] run_pipeline 耗时: 372.0006 秒
2026-04-18 20:01:00,993 - SophiaLogger - [INFO] - [异步时间测试] app 耗时: 372.0044 秒
