2026-04-16 23:50:46,567 - SophiaLogger - [INFO] - 视频制作流程已编译完成
2026-04-16 23:50:46,567 - SophiaLogger - [INFO] - 智能视频制作助手启动！
2026-04-16 23:50:46,567 - SophiaLogger - [INFO] - 本次项目启动状态与配置如下：
{'messages': [], 'step': 'init', 'video_state_config': {'max_attempts': 3, 'enable_ai_reflection': False, 'enable_human_in_the_loop': False, 'image_mode': 'static', 'enable_tmp_rag': True, 'enable_podcast_specialization': True}, 'core_topic': '', 'ref_chapter_local_path': 'C:\\Code\\sophia\\hello_agent\\sophia-app\\resources\\documents\\static\\lecture02.txt'}

2026-04-16 23:50:46,568 - SophiaLogger - [INFO] - ============================================================
2026-04-16 23:50:46,574 - SophiaLogger - [INFO] - 正在生成哲学粗课题拆解方案...
2026-04-16 23:51:31,957 - SophiaLogger - [INFO] - [
  {
    "topic_id": 1,
    "topic_name": "从“看”到“想”：哲学追问的转向",
    "core_concept": "本章节的核心矛盾在于，哲学探索世界本原的路径，从自然哲学依赖感官观察具体物质（如水、火），转向了形而上学依赖抽象思维把握背后的规定性（如数、存在）。毕达哥拉斯是这一转向的关键奠基者。",
    "zero_to_hero_logic": "这是零基础导入。从最直观的问题开始：古希腊哲学家追问“世界是什么构成的？”最初，像泰勒斯这样的自然哲学家，用眼睛看世界，找到了“水”这种具体的、可感知的东西作为答案。但毕达哥拉斯提出了一个完全不同的问题：如果我们不只用眼睛看，而用头脑“想”，世界会不会有更根本的构成原则？这引入了哲学思考的一个全新维度——抽象思维。"
  },
  {
    "topic_id": 2,
    "topic_name": "“数”作为本原：抽象思维的首次胜利",
    "core_concept": "毕达哥拉斯的核心命题“数是万物的本原”。这里的核心矛盾是：数既不是水、火那样的具体可感物，却又似乎比它们更普遍地决定着万物。这标志着哲学开始超越感官现象，去把握现象背后只能由思想把握的、量的规定性（本质的一种形式）。",
    "zero_to_hero_logic": "从前一个课题自然推导而来。既然转向了用头脑“想”，那么“想”出来的第一个伟大成果是什么？就是“数”。毕达哥拉斯从音乐谐音、天体运行中发现了普遍的数量比例关系，从而提出“数”是比任何具体物质都更根本的本原。这解决了自然哲学用具体物解释万物时遇到的困难（比如，水怎么能变成火？），因为数是一种更抽象、更普遍的原则。"
  },
  {
    "topic_id": 3,
    "topic_name": "抽象的两面性：数学、形而上学与神秘主义",
    "core_concept": "毕达哥拉斯哲学中抽象思维的内在矛盾：它既是理性的（如发现勾股定理，推动数学的独立），又极易滑向神秘主义（如将数神秘化，赋予道德象征意义）。这揭示了哲学、科学与宗教在源头上的纠缠。",
    "zero_to_hero_logic": "从前一个课题推导而来。当我们接受了“数”作为本原这个抽象概念后，立刻会遇到一个新问题：这个抽象的“数”到底是什么样的存在？它如何与我们的世界发生关系？章节内容显示，毕达哥拉斯学派对此的解释是分裂的：一方面理性地探索数学关系，另一方面又神秘地将数与命运、道德挂钩。这展现了抽象思维早期不纯粹、与宗教意识混合的特点。"
  },
  {
    "topic_id": 4,
    "topic_name": "从“数”到“存在”：形而上学实体的确立",
    "core_concept": "巴门尼德的核心命题“存在者存在，非存在者不存在”。他将毕达哥拉斯的抽象本原（数/比例）进一步纯粹化和绝对化，提出了最根本的哲学范畴——“存在”。核心矛盾在于：“存在”作为唯一真实、不变不动的本质，与纷纭变化、生灭不已的现象世界（“非存在”）彻底对立。",
    "zero_to_hero_logic": "从前一个课题推导而来。毕达哥拉斯的“数”虽然抽象，但仍与“形”（几何图形）若即若离，不够纯粹。巴门尼德沿着这条抽象化的道路继续前进，提出了一个更根本、更纯粹的概念——“存在”。它剥离了“数”可能带有的具体形象，成为一个只属于思想范畴的、永恒不变的绝对实体。这标志着形而上学作为探寻“背后实在”的学问正式确立。"
  },
  {
    "topic_id": 5,
    "topic_name": "真理之路：思维、语言与存在的同一性",
    "core_concept": "巴门尼德在区分“真理之路”（认识存在）与“意见之路”（认识非存在）时，提出的核心认识论原则：能被思维者和能存在者是同一的。语言是表述存在的家。这确立了通过理性思维和概念语言把握世界本质的基本哲学信念。",
    "zero_to_hero_logic": "从前一个课题推导而来。既然真实的世界是“存在”，而“存在”是抽象的思想对象，那么一个关键问题出现了：我们如何认识这个“存在”？巴门尼德的回答是：只有通过理性思维和概念语言。感觉（意见）只能接触虚幻的“非存在”。这就在存在论（什么是真实的）和认识论（如何认识真实）之间建立了严格的对应关系，为整个西方理性主义哲学传统奠定了基础。"
  },
  {
    "topic_id": 6,
    "topic_name": "捍卫“存在”：芝诺悖论与逻辑的威力",
    "core_concept": "芝诺用一系列逻辑悖论（如“飞箭不动”、“阿喀琉斯追不上乌龟”）来论证巴门尼德的观点。其核心矛盾在于：逻辑推理得出的结论（运动不真实）与感官经验（明明看到运动）发生剧烈冲突。芝诺选择用逻辑否定经验，以此捍卫“存在”不动、单一的属性。",
    "zero_to_hero_logic": "从前一个课题推导而来。巴门尼德说“存在”是不动、单一的，但这与我们的常识严重相悖。如何让人相信这个反常识的结论？他的学生芝诺承担了这个任务。芝诺的策略是：通过归谬法，证明如果承认“多”和“运动”是真实的，会导致逻辑上的荒谬。因此，他并非直接证明“不动”，而是通过否定“动”来反证“不动”。这展示了抽象逻辑思维相对于感官经验的强大乃至颠覆性力量，将形而上学对“背后实在”的信念推到了极致，同时也暴露了其可能陷入诡辩的危险。"
  }
]
2026-04-16 23:51:31,957 - SophiaLogger - [INFO] - 生成的哲学粗课题拆解方案：
2026-04-16 23:51:31,957 - SophiaLogger - [INFO] - [{'topic_id': 1, 'topic_name': '从“看”到“想”：哲学追问的转向', 'core_concept': '本章节的核心矛盾在于，哲学探索世界本原的路径，从自然哲学依赖感官观察具体物质（如水、火），转向了形而上学依赖抽象思维把握背后的规定性（如数、存在）。毕达哥拉斯是这一转向的关键奠基者。', 'zero_to_hero_logic': '这是零基础导入。从最直观的问题开始：古希腊哲学家追问“世界是什么构成的？”最初，像泰勒斯这样的自然哲学家，用眼睛看世界，找到了“水”这种具体的、可感知的东西作为答案。但毕达哥拉斯提出了一个完全不同的问题：如果我们不只用眼睛看，而用头脑“想”，世界会不会有更根本的构成原则？这引入了哲学思考的一个全新维度——抽象思维。'}, {'topic_id': 2, 'topic_name': '“数”作为本原：抽象思维的首次胜利', 'core_concept': '毕达哥拉斯的核心命题“数是万物的本原”。这里的核心矛盾是：数既不是水、火那样的具体可感物，却又似乎比它们更普遍地决定着万物。这标志着哲学开始超越感官现象，去把握现象背后只能由思想把握的、量的规定性（本质的一种形式）。', 'zero_to_hero_logic': '从前一个课题自然推导而来。既然转向了用头脑“想”，那么“想”出来的第一个伟大成果是什么？就是“数”。毕达哥拉斯从音乐谐音、天体运行中发现了普遍的数量比例关系，从而提出“数”是比任何具体物质都更根本的本原。这解决了自然哲学用具体物解释万物时遇到的困难（比如，水怎么能变成火？），因为数是一种更抽象、更普遍的原则。'}, {'topic_id': 3, 'topic_name': '抽象的两面性：数学、形而上学与神秘主义', 'core_concept': '毕达哥拉斯哲学中抽象思维的内在矛盾：它既是理性的（如发现勾股定理，推动数学的独立），又极易滑向神秘主义（如将数神秘化，赋予道德象征意义）。这揭示了哲学、科学与宗教在源头上的纠缠。', 'zero_to_hero_logic': '从前一个课题推导而来。当我们接受了“数”作为本原这个抽象概念后，立刻会遇到一个新问题：这个抽象的“数”到底是什么样的存在？它如何与我们的世界发生关系？章节内容显示，毕达哥拉斯学派对此的解释是分裂的：一方面理性地探索数学关系，另一方面又神秘地将数与命运、道德挂钩。这展现了抽象思维早期不纯粹、与宗教意识混合的特点。'}, {'topic_id': 4, 'topic_name': '从“数”到“存在”：形而上学实体的确立', 'core_concept': '巴门尼德的核心命题“存在者存在，非存在者不存在”。他将毕达哥拉斯的抽象本原（数/比例）进一步纯粹化和绝对化，提出了最根本的哲学范畴——“存在”。核心矛盾在于：“存在”作为唯一真实、不变不动的本质，与纷纭变化、生灭不已的现象世界（“非存在”）彻底对立。', 'zero_to_hero_logic': '从前一个课题推导而来。毕达哥拉斯的“数”虽然抽象，但仍与“形”（几何图形）若即若离，不够纯粹。巴门尼德沿着这条抽象化的道路继续前进，提出了一个更根本、更纯粹的概念——“存在”。它剥离了“数”可能带有的具体形象，成为一个只属于思想范畴的、永恒不变的绝对实体。这标志着形而上学作为探寻“背后实在”的学问正式确立。'}, {'topic_id': 5, 'topic_name': '真理之路：思维、语言与存在的同一性', 'core_concept': '巴门尼德在区分“真理之路”（认识存在）与“意见之路”（认识非存在）时，提出的核心认识论原则：能被思维者和能存在者是同一的。语言是表述存在的家。这确立了通过理性思维和概念语言把握世界本质的基本哲学信念。', 'zero_to_hero_logic': '从前一个课题推导而来。既然真实的世界是“存在”，而“存在”是抽象的思想对象，那么一个关键问题出现了：我们如何认识这个“存在”？巴门尼德的回答是：只有通过理性思维和概念语言。感觉（意见）只能接触虚幻的“非存在”。这就在存在论（什么是真实的）和认识论（如何认识真实）之间建立了严格的对应关系，为整个西方理性主义哲学传统奠定了基础。'}, {'topic_id': 6, 'topic_name': '捍卫“存在”：芝诺悖论与逻辑的威力', 'core_concept': '芝诺用一系列逻辑悖论（如“飞箭不动”、“阿喀琉斯追不上乌龟”）来论证巴门尼德的观点。其核心矛盾在于：逻辑推理得出的结论（运动不真实）与感官经验（明明看到运动）发生剧烈冲突。芝诺选择用逻辑否定经验，以此捍卫“存在”不动、单一的属性。', 'zero_to_hero_logic': '从前一个课题推导而来。巴门尼德说“存在”是不动、单一的，但这与我们的常识严重相悖。如何让人相信这个反常识的结论？他的学生芝诺承担了这个任务。芝诺的策略是：通过归谬法，证明如果承认“多”和“运动”是真实的，会导致逻辑上的荒谬。因此，他并非直接证明“不动”，而是通过否定“动”来反证“不动”。这展示了抽象逻辑思维相对于感官经验的强大乃至颠覆性力量，将形而上学对“背后实在”的信念推到了极致，同时也暴露了其可能陷入诡辩的危险。'}]
2026-04-16 23:51:31,959 - SophiaLogger - [INFO] - ==================================================
2026-04-16 23:51:31,959 - SophiaLogger - [INFO] - 触发 RAG 组件懒加载...
2026-04-16 23:51:31,959 - SophiaLogger - [INFO] - 正在初始化文本切割器...
2026-04-16 23:51:31,959 - SophiaLogger - [INFO] - 正在初始化embedding模型...（初次运行需下载模型，可能较慢）
2026-04-16 23:51:45,260 - SophiaLogger - [INFO] - 正在加载现有向量数据库...
2026-04-16 23:51:58,333 - SophiaLogger - [INFO] - 
正在生成关于 '从“看”到“想”：哲学追问的转向' 的播客大纲... (第 1 次尝试)
2026-04-16 23:52:57,507 - SophiaLogger - [INFO] - 成功生成 '从“看”到“想”：哲学追问的转向' 的大纲！
2026-04-16 23:53:10,711 - SophiaLogger - [INFO] - 
正在生成关于 '“数”作为本原：抽象思维的首次胜利' 的播客大纲... (第 1 次尝试)
