2026-04-16 22:30:16,677 - SophiaLogger - [INFO] - 视频制作流程已编译完成
2026-04-16 22:30:16,677 - SophiaLogger - [INFO] - 智能视频制作助手启动！
2026-04-16 22:30:16,677 - SophiaLogger - [INFO] - 本次项目启动状态与配置如下：
{'messages': [], 'step': 'init', 'video_state_config': {'max_attempts': 3, 'enable_ai_reflection': False, 'enable_human_in_the_loop': False, 'image_mode': 'static', 'enable_tmp_rag': True, 'enable_podcast_specialization': True}, 'core_topic': '', 'ref_chapter_local_path': 'C:\\Code\\sophia\\hello_agent\\sophia-app\\resources\\documents\\static\\lecture02.txt'}

2026-04-16 22:30:16,677 - SophiaLogger - [INFO] - ============================================================
2026-04-16 22:30:16,688 - SophiaLogger - [INFO] - 正在生成哲学粗课题拆解方案...
2026-04-16 22:31:08,194 - SophiaLogger - [INFO] - 生成的哲学粗课题拆解方案：
2026-04-16 22:31:08,198 - SophiaLogger - [INFO] - ==================================================
2026-04-16 22:31:08,198 - SophiaLogger - [INFO] - 触发 RAG 组件懒加载...
2026-04-16 22:31:08,198 - SophiaLogger - [INFO] - 正在初始化文本切割器...
2026-04-16 22:31:08,198 - SophiaLogger - [INFO] - 正在初始化embedding模型...（初次运行需下载模型，可能较慢）
2026-04-16 22:31:17,708 - SophiaLogger - [INFO] - 正在加载现有向量数据库...
2026-04-16 22:31:31,979 - SophiaLogger - [INFO] - 
正在生成关于 '从“水、火、土、气”到“数”：哲学追问的转向' 的播客大纲...
2026-04-16 22:32:37,985 - SophiaLogger - [INFO] - 生成的关于 '从“水、火、土、气”到“数”：哲学追问的转向' 的播客大纲：
2026-04-16 22:32:37,985 - SophiaLogger - [INFO] - {'topic_name': '从“水、火、土、气”到“数”：哲学追问的转向', 'stages': [{'stage_id': 1, 'stage_name': '起点：自然哲学的直观世界', 'bullets': [{'bullet_id': 1, 'intent': '建立听众对早期自然哲学（米利都学派）的直观印象，即他们用具体物质（水、火、土、气）来解释世界本原。', 'guidance': '用生活化的比喻或例子说明“本原”概念，比如“世界是由什么构成的？”或“万物最终可以还原成什么？”，让听众理解这是一种“还原论”的朴素思路。', 'transition_hint': '在肯定这种思路直观易懂后，引出其局限性：这些具体物质真的能解释一切吗？比如音乐、正义、爱情这些抽象事物呢？'}, {'bullet_id': 2, 'intent': '揭示自然哲学追问方式的本质（时间/空间上的还原）及其内在局限，为转向做铺垫。', 'guidance': '对比“人是从猴子进化来的”（时间还原）和“人是由细胞构成的”（空间还原），说明它们都属于寻找“质料因”。然后提问：世界的秩序、比例、结构，能用“水”或“火”来解释吗？', 'transition_hint': '自然过渡到毕达哥拉斯带来的巨大反差和疑问：他为什么说看不见摸不着的“数”才是本原？'}]}, {'stage_id': 2, 'stage_name': '冲突与惊奇：毕达哥拉斯的“数本原说”', 'bullets': [{'bullet_id': 1, 'intent': '生动引入毕达哥拉斯提出“数是万物的本原”这一核心命题，制造与自然哲学的强烈对比。', 'guidance': '从毕达哥拉斯发现音律中的数学比例（如八度音的弦长比）入手，讲述他发现“和谐”背后是“数”的故事。强调这个答案的“反直觉”和“抽象”特性。', 'transition_hint': '听众自然会疑惑：数怎么能是构成世界的东西？它又不是砖头水泥。'}, {'bullet_id': 2, 'intent': '初步解释“数作为本原”的含义：不是构成事物的“砖块”，而是规定事物性质的“比例”和“关系”。', 'guidance': '用比喻说明：数不是“建筑材料”，而是“建筑图纸”或“配方比例”。举例：同样的食材（质料），按不同比例（数）烹饪，味道（性质）完全不同。', 'transition_hint': '引导思考：如果数是背后的规定性，那它和具体事物（现象）是什么关系？这和我们之前理解的世界有何不同？'}]}, {'stage_id': 3, 'stage_name': '深化：抽象思维与现象背后的世界', 'bullets': [{'bullet_id': 1, 'intent': '阐释“抽象”思维的含义，说明毕达哥拉斯如何通过抽象把握“量的规定性”，从而触及现象背后的本质。', 'guidance': '解释“抽象”就是抽掉千差万别的具体现象（如苹果的红、圆、甜），去把握共同的规定性（如“1”个苹果）。强调“数”是任何事物都具备的“量的规定性”，因此比任何具体物质都更普遍、更根本。', 'transition_hint': '这标志着哲学眼光从“看得见的现象”转向“看不见的本质”。但“数”这个本质具体是怎么运作的？它有什么特点？'}, {'bullet_id': 2, 'intent': '揭示“数”在毕达哥拉斯思想中的双重性：既是抽象原则，又带有神秘色彩（如数字象征意义、十对范畴）。', 'guidance': '举例说明毕达哥拉斯学派对数字的象征性解释（如10代表完满，4和9代表正义）。指出这反映了早期抽象思维与宗教神秘主义的交织，也说明了“数”作为“命运”或“定数”如何决定事物性质。', 'transition_hint': '这种对“数”的理解，引发了一个更根本的哲学问题：有定形 vs. 无定形。毕达哥拉斯如何看待这个问题？'}]}, {'stage_id': 4, 'stage_name': '哲学跃升：从自然哲学到形而上学的路径', 'bullets': [{'bullet_id': 1, 'intent': '对比毕达哥拉斯与其师阿那克西曼德（“无定形”本原）的观点，阐明“数”如何统一了“有定形”与“无定形”。', 'guidance': '解释：阿那克西曼德认为本原是“无定形”（阿派朗），毕达哥拉斯反对，认为本原必须“有定形”。但他的“有定形”是抽象思想中的定形（数的比例关系），在现象世界却看不见（无定形）。因此，“数”在本质意义上有定形，在现象意义上无定形，实现了辩证统一。', 'transition_hint': '这不再是寻找某种更精微的自然物（如“气”），而是完全换了一条路——形而上学的路。'}, {'bullet_id': 2, 'intent': '总结毕达哥拉斯“数本原说”的哲学史意义：标志着从追问“质料因”（是什么做的）转向追问“形式因”（按什么规则构成的），开创了运用抽象思维把握事物本质的形而上学路径。', 'guidance': '点明：自然哲学是“还原论”，寻找世界的开端或基本构件；形而上学是“抽象论”，寻找现象背后的恒定规则和本质。毕达哥拉斯迈出了关键一步。', 'transition_hint': '那么，这条新开辟的形而上学道路，接下来会走向何方？它又会遇到什么新的问题？'}]}, {'stage_id': 5, 'stage_name': '收束与展望：抽象之路的开启', 'bullets': [{'bullet_id': 1, 'intent': '收束本话题，强调“数”作为本原带来的思维革命：哲学开始超越感官，用理性探寻那不可见但更真实的“背后世界”。', 'guidance': '简要回顾从“水、火、土、气”到“数”的转变历程，强调这是哲学思考深度和抽象程度的一次巨大飞跃。', 'transition_hint': '然而，毕达哥拉斯的“数”仍然与“形”（几何）若即若离，并未完全纯粹。这条抽象之路才刚刚开始。'}, {'bullet_id': 2, 'intent': '自然引出下一阶段的核心问题：如果“数”是抽象的本质，那么有没有一种更纯粹、更绝对的“一”或“存在”，它本身不变不动，却是万物生灭变化的根据？这便将话题引向爱利亚学派（如巴门尼德）对“存在”的思考。', 'guidance': '可以设问：毕达哥拉斯说万物背后是“数”的规定性，那么，这个规定性本身是什么？它存在吗？如果存在，它是一种怎样的存在？这将是下一个激动人心的哲学探险。', 'transition_hint': '(结束本阶段对话，为下期“存在与逻各斯”埋下伏笔)'}]}]}
2026-04-16 22:32:50,141 - SophiaLogger - [INFO] - 
正在生成关于 '抽象思维的诞生：毕达哥拉斯的“数本原说”及其内在张力' 的播客大纲...
2026-04-16 22:57:21,409 - SophiaLogger - [ERROR] - JSON 解析失败，原始内容: ```json
{
  "topic_name": "抽象思维的诞生：毕达哥拉斯的“数本原说”及其内在张力",
  "stages": [
    {
      "stage_id": 1,
      "stage_name": "从“物”到“数”：一个惊人的转向",
      "bullets": [
        {
          "bullet_id": 1,
          "intent": "回顾上一讲“水本原说”的局限，引出寻找新本原的必要性。强调“数”作为本原的奇特之处——它看不见摸不着。",
          "guidance": "用对比手法：泰勒斯的水是具体的、可感的；毕达哥拉斯的数却是抽象的、思想的。可以提问：“数”怎么可能是构成世界的基本材料？",
          "transition_hint": "从听众的困惑（数怎么能是“东西”？）自然过渡到毕达哥拉斯如何发现数与世界的关联。"
        },
        {
          "bullet_id": 2,
          "intent": "引入毕达哥拉斯的音乐发现，说明他是如何从具体经验（琴弦比例）中，体悟到抽象“数”支配着和谐与秩序。",
          "guidance": "用“单弦琴”的例子，生动描述他发现音程与弦长比例的关系。强调这是从“具体现象”到“抽象比例”的关键一步。",
          "transition_hint": "既然音乐和谐由数决定，那么推而广之，万物是否也由数决定？引出“数是万物的本原”这一核心命题。"
        }
      ]
    },
    {
      "stage_id": 2,
      "stage_name": “数”的双重面孔：既是微粒，又是命运",
      "bullets": [
        {
          "bullet_id": 1,
          "intent": "解释“数”的具象化、物理化一面：毕达哥拉斯如何把数理解为构成几何形状（点、线、面、体）的“物质微粒”。",
          "guidance": "用“1是点，2是线，3是面，4是体”的几何生成论来举例。说明这很像后来的“原子论”，数在这里有“形”和“广延”。",
          "transition_hint": "指出这种解释仍有自然哲学的痕迹，但“数”还有更抽象、更神秘的另一面。"
        },
        {
          "bullet_id": 2,
          "intent": "揭示“数”的抽象化、神秘化一面：数作为决定事物性质的“抽象比例”和“命运”，如正义是4或9，婚姻是5。",
          "guidance": "列举几个“数的象征”例子（如2是意见，8是爱情）。类比希腊悲剧中的“命运”——一种看不见但决定一切的力量。",
          "transition_hint": "总结“数”的双重性：它既是构成世界的“砖块”（具象），又是支配世界的“法则”（抽象）。这种张力正是其思想核心。"
        }
      ]
    },
    {
      "stage_id": 3,
      "stage_name": "抽象思维的“不纯粹”：哲学与宗教的交织",
      "bullets": [
        {
          "bullet_id": 1,
          "intent": "深入分析这种双重性背后的思想状态：毕达哥拉斯的抽象思维尚未“纯粹”，仍与几何（形）、宗教神秘主义纠缠在一起。",
          "guidance": "点明“抽象”的本质是抽离感性现象，把握背后规定性。毕达哥拉斯迈出了这一步，但没走彻底。",
          "transition_hint": "这种不纯粹的抽象思维，会面临什么挑战？引出数学内部的一场危机。"
        },
        {
          "bullet_id": 2,
          "intent": "引入“不可通约数”（如√2）的危机：一个能画出来的直角三角形，其斜边却找不到一个整数或分数来表示。",
          "guidance": "用简单的等腰直角三角形（直角边为1）举例，说明“形”（斜边存在）与“数”（无法精确表示）发生了矛盾。",
          "transition_hint": "这场危机动摇了数与形的同一性，迫使人们思考：当感官（形）与思想（数）冲突时，该相信谁？"
        }
      ]
    },
    {
      "stage_id": 4,
      "stage_name": "形而上学的源端：收束与开启",
      "bullets": [
        {
          "bullet_id": 1,
          "intent": "总结毕达哥拉斯的根本贡献：开创了用“抽象思维”把握世界“背后本质”的哲学新路径，即形而上学（爱智慧于“形而上”者）的源端。",
          "guidance": "对比米利都学派的“还原法”（找具体物）与毕达哥拉斯的“抽象法”（找抽象规定）。强调这是思想的巨大飞跃。",
          "transition_hint": "然而，数与形的分离、数的神秘化，以及“相信抽象思想高于感官”的倾向，会导向何方？"
        },
        {
          "bullet_id": 2,
          "intent": "引出下一课题的核心问题：如果“数”这样的抽象本质才是真实、完美的，而感官世界（形）充满矛盾和不完美，那么真正的“存在”是什么？我们是否应该完全转向背后的世界？",
          "guidance": "点出这条思想路线将由下一位哲学家（巴门尼德）接续，他将做出更激进的选择：只有抽象的逻辑和“存在”是真实的。",
          "transition_hint": "自然过渡到对巴门尼德“存在论”的探讨，追问抽象思维的纯粹化将把我们带向何处。"
        }
      ]
    }
  ]
}
```
2026-04-16 22:57:21,409 - SophiaLogger - [INFO] - 生成的关于 '抽象思维的诞生：毕达哥拉斯的“数本原说”及其内在张力' 的播客大纲：
2026-04-16 22:57:21,409 - SophiaLogger - [INFO] - []
2026-04-16 22:57:33,440 - SophiaLogger - [INFO] - 
正在生成关于 '形而上学的深化：从“数”与“逻各斯”到巴门尼德的“存在”' 的播客大纲...
2026-04-16 22:58:21,406 - SophiaLogger - [INFO] - 生成的关于 '形而上学的深化：从“数”与“逻各斯”到巴门尼德的“存在”' 的播客大纲：
2026-04-16 22:58:21,406 - SophiaLogger - [INFO] - {'topic_name': '形而上学的深化：从“数”与“逻各斯”到巴门尼德的“存在”', 'stages': [{'stage_id': 1, 'stage_name': '从具体到抽象：回顾与铺垫', 'bullets': [{'bullet_id': 1, 'intent': '回顾前人的探索，建立从具体物质（水、火）到抽象原则（数、逻各斯）的思维脉络。', 'guidance': '用对比的方式：米利都学派寻找具体物质本原，而毕达哥拉斯和赫拉克利特转向了背后的抽象原则（数、逻各斯）。可以举例说明“数”如何规定和谐，“逻各斯”如何规定变化。', 'transition_hint': '顺着这条“寻找背后抽象原则”的思路，引出巴门尼德：他是否把这条路走到了极致？他会提出一个什么样的终极抽象概念？'}, {'bullet_id': 2, 'intent': '引出巴门尼德的核心问题：如果“数”和“逻各斯”是现象背后的本质，那么这个本质本身是什么样子的？它和我们看到的世界是什么关系？', 'guidance': '可以设问：毕达哥拉斯的“数”和赫拉克利特的“逻各斯”虽然抽象，但似乎还和变化的世界有联系。有没有一种更纯粹、更根本的“本质”，它本身是绝对不变的？', 'transition_hint': '自然过渡到巴门尼德的回答，即“存在”这个概念。'}]}, {'stage_id': 2, 'stage_name': '巴门尼德的革命性命题：“存在”与“非存在”的对立', 'bullets': [{'bullet_id': 1, 'intent': '阐释巴门尼德的核心命题“存在者存在，非存在者不存在”，并解释其字面背后的深意。', 'guidance': '先点出这句话听起来像同语反复，然后解释：这里的“存在”不是指某个具体东西存在，而是指一个作为“本质”的“存在”本身。而“非存在”就是我们感官接触的生灭变化的世界。用“真实 vs 虚幻”、“本质 vs 现象”的对比来帮助理解。', 'transition_hint': '听众可能会疑惑：这个“存在”有什么特点？凭什么说它才是真实的？'}, {'bullet_id': 2, 'intent': '描述“存在”的特性：不生不灭、独一无二、不变不动、有定形（如球形）。并说明这些特性如何与“非存在”（现象世界）形成尖锐对立。', 'guidance': '逐一解释这些特性，并联系前人的思想（如克塞诺芬尼的神、毕达哥拉斯的数）说明其继承性。重点强调“不变”与现象世界的“流变”之间的根本冲突。', 'transition_hint': '既然“存在”如此抽象且与感官世界对立，我们如何能认识它？这引出了认识论问题。'}]}, {'stage_id': 3, 'stage_name': '如何认识“存在”？真理之路与思维-语言-存在的同一性', 'bullets': [{'bullet_id': 1, 'intent': '引入“真理之路”与“意见之路”的区分，说明认识“存在”与认识“非存在”是两条不同的道路。', 'guidance': '解释“意见之路”是追随感官，沉迷于变化的现象（非存在）；“真理之路”是运用理性思维，去把握那个不变的“存在”。可以联系赫拉克利特对“逻各斯”的类似区分，体现精英意识。', 'transition_hint': '那么，走“真理之路”具体靠什么？思维如何能把握“存在”？'}, {'bullet_id': 2, 'intent': '阐述巴门尼德的核心认识论观点：思维与存在的同一性。即，能被思维的，就是存在；存在，就是能被思维的。', 'guidance': '这是本阶段重点。用“能被表述、被思想的必定是存在”这句话切入。可以举反面例子：克拉底鲁认为流变的事物无法言说，这反而从反面证明了能被稳定言说和思维的，只能是“存在”（本质）。强调“存在”是思维的对象，而非感觉的对象。', 'transition_hint': '这建立了一个紧密的三角关系：存在、思维、语言。但这是否意味着“存在”只是我们头脑里的一个概念？'}]}, {'stage_id': 4, 'stage_name': '收束、意义与遗留问题', 'bullets': [{'bullet_id': 1, 'intent': '总结巴门尼德“存在”论在形而上学史上的里程碑意义：将本质与现象彻底分离，确立了形而上学追求超验、不变实体的基本范式。', 'guidance': '点明巴门尼德是毕达哥拉斯-赫拉克利特抽象路径的完成者，并为柏拉图的“理念论”铺平了道路。他的“存在”就是最抽象的“本质”概念。', 'transition_hint': '然而，这种极致的抽象也带来了巨大的张力和问题。'}, {'bullet_id': 2, 'intent': '提出巴门尼德理论留下的核心挑战与问题，为后续讨论埋下伏笔。', 'guidance': '可以聚焦于两点：1. 如果真实的世界（存在）与我们感受到的世界（非存在）完全割裂，哲学如何解释我们这个活生生的世界？2. “思维与存在同一”这个命题非常强大，但它是否无懈可击？会不会有人反过来利用逻辑和语言，对这个“存在”本身发起挑战？', 'transition_hint': '这些挑战，将把哲学引向两个方向：一是试图调和存在与非存在的哲学家（如恩培多克勒、阿那克萨戈拉、原子论者），二是彻底解构形而上学的智者派。'}]}]}
2026-04-16 22:58:32,039 - SophiaLogger - [INFO] - 
正在生成关于 '真理之路与思维-存在-语言的同一性' 的播客大纲...
2026-04-16 22:59:21,416 - SophiaLogger - [INFO] - 生成的关于 '真理之路与思维-存在-语言的同一性' 的播客大纲：
2026-04-16 22:59:21,416 - SophiaLogger - [INFO] - {'topic_name': '真理之路与思维-存在-语言的同一性', 'stages': [{'stage_id': 1, 'stage_name': '从日常困惑到哲学分叉路', 'bullets': [{'bullet_id': 1, 'intent': '引入听众对“真假”的日常直觉，比如眼见为实与流言蜚语的区别，建立“真理”与“意见”的初步感觉。', 'guidance': '用生活化的例子（如：一个事件的不同版本、对一个人的不同评价）说明我们每天都在区分“更可信的”和“不可靠的”。', 'transition_hint': '但巴门尼德把这种日常区分，拔高到了一个根本性的哲学抉择：你选择相信什么，决定了你走在哪条路上。'}, {'bullet_id': 2, 'intent': '正式引入巴门尼德的“两条路”比喻：真理之路（认识“存在”）与意见之路（执迷于“非存在”），并解释这不仅仅是信息对错，而是关于世界本体的根本分歧。', 'guidance': '用比喻强化：一条是通往永恒稳固“基石”的路，另一条是追逐变幻“光影”的路。可以对比赫拉克利特（万物皆流）与巴门尼德的根本对立。', 'transition_hint': '那么问题来了：既然真理之路指向那个不生不灭、独一无二的“存在”，我们这些活在感官世界里的人，怎么才能认识它呢？难道只能靠信仰吗？'}]}, {'stage_id': 2, 'stage_name': '思维的革命：如何“抓住”存在？', 'bullets': [{'bullet_id': 1, 'intent': '提出核心难题：感觉经验（看、听、摸）捕捉到的都是变化的现象（非存在），那么那个不变的“存在”靠什么来把握？', 'guidance': '举例：我们看到花开花谢（现象），但“花之为花”的那个本质（存在）是看不见的。引导听众思考除了感官，我们还有什么工具。', 'transition_hint': '巴门尼德的答案石破天惊：不是用眼睛，而是用“思维”。他提出了哲学史上一个里程碑式的命题。'}, {'bullet_id': 2, 'intent': '阐述“思维与存在的同一性”原理：“能够被思维的东西与能够存在的东西是同一的。”解释其含义：真正的存在，一定是能被理性思维所理解和构想的；反之，能被清晰思维的东西，就指向了某种存在。', 'guidance': '用“圆形三角形”或“方的圆”这类逻辑上不可能被思维的东西作为反例，说明它们不能被思维，所以“不存在”。强调这是理性（而非感觉）的权威。', 'transition_hint': '但这引发了一个更深的疑问：思维是内在的、私人的，我们如何交流这种对“存在”的思维呢？它会不会只是每个人脑子里的幻想？'}]}, {'stage_id': 3, 'stage_name': '语言的桥梁：言说与存在的绑定', 'bullets': [{'bullet_id': 1, 'intent': '将问题从思维内部推向公共领域：如果存在只能被思维，我们如何讨论它、传授它？从而引出“语言”的关键角色。', 'guidance': '类比：即使我脑子里想清楚了“正义”是什么（思维存在），如果我说不出来，就无法与你讨论。语言是我们思维的外化和交流工具。', 'transition_hint': '巴门尼德将语言纳入同一性链条：能够被言说的，就是存在。这实际上是把“存在”的领域，锚定在了“概念语言”所能表达的范围内。'}, {'bullet_id': 2, 'intent': '深化“思维-存在-语言”三位一体的同一性。解释其深刻含义：哲学所追求的真理（存在），本质上是通过抽象概念和逻辑语言构建起来的思想体系。感觉世界（非存在）因其流变而无法被语言固定。', 'guidance': '引用克拉底鲁的极端观点（“人一次也不能踏入同一条河流”）作为反证：如果现象无法被言说，那么能被稳定言说的，就只能是现象背后的本质（存在）。', 'transition_hint': '这样一来，哲学的任务就清晰了：用清晰的概念和逻辑语言，去言说和把握那个唯一的“存在”。但这听起来是不是有点……太理想了？它和我们实实在在感受到的世界，关系何在？'}]}, {'stage_id': 4, 'stage_name': '反思与挑战：同一性的力量与代价', 'bullets': [{'bullet_id': 1, 'intent': '总结巴门尼德思想的革命性：他为西方哲学确立了通过理性思维和概念语言探寻世界本质（形而上学）的根本路径，奠定了认识论和语言哲学的基础。', 'guidance': '强调其“精英性”：真理之路只对能进行抽象思维的人开放，区别于沉溺于感官的大众。联系赫拉克利特的“逻各斯”精英观。', 'transition_hint': '然而，这个宏伟的体系也留下了巨大的疑问和挑战。最直接的挑战来自我们的常识。'}, {'bullet_id': 2, 'intent': '提出对“思维-存在同一性”的根本性质疑：巴门尼德的“存在”是不是只是一个思维中的概念？所谓同一性，是不是只是“思维与思维自身”的同一？我们如何确信这个思维中的“存在”对应着世界本身？', 'guidance': '用听众能懂的方式提问：他是不是画了一个完美的圆（存在），然后宣布只有这个圆是真实的，而世界上所有不完美的圆形（现象）都是虚幻的“非存在”？这是否过于贬低了感官世界？', 'transition_hint': '这个质疑非常致命。如果“存在”只是思维的构造，那么真理之路的根基还牢固吗？接下来，哲学史上第一批“解构者”——智者派，正是抓住了这一点，对巴门尼德的体系发起了猛烈的攻击。'}]}]}
2026-04-16 22:59:35,823 - SophiaLogger - [INFO] - 
正在生成关于 '捍卫形而上学：芝诺的诡辩与逻辑的威力' 的播客大纲...
2026-04-16 23:00:26,854 - SophiaLogger - [INFO] - 生成的关于 '捍卫形而上学：芝诺的诡辩与逻辑的威力' 的播客大纲：
2026-04-16 23:00:26,854 - SophiaLogger - [INFO] - {'topic_name': '捍卫形而上学：芝诺的诡辩与逻辑的威力', 'stages': [{'stage_id': 1, 'stage_name': '感官与思想的冲突：一个哲学难题的诞生', 'bullets': [{'bullet_id': 1, 'intent': '引入巴门尼德“存在不动”的核心观点与感官经验（万物运动）之间的巨大矛盾，建立听众的困惑感。', 'guidance': '用生动的对比：一边是哲学家斩钉截铁的“真理”（存在是唯一且不动的），另一边是我们每天睁眼可见的“事实”（车水马龙、四季更迭）。强调这个矛盾不是小分歧，而是根本性的对立。', 'transition_hint': '面对这个几乎无法调和的矛盾，听众自然会想：巴门尼德怎么为自己辩护？他的学生芝诺，选择了一种极其聪明（甚至有点“狡猾”）的进攻策略。'}, {'bullet_id': 2, 'intent': '点明芝诺的论证策略：不是为“不动”找理由，而是去证明“运动”本身在逻辑上站不住脚。', 'guidance': '类比法庭辩论：当你的观点（存在不动）与常识（万物运动）相悖时，最有力的辩护不是重复自己，而是去证明对方的常识（运动）本身是荒谬的、自相矛盾的。芝诺扮演的就是这样一个“逻辑检察官”的角色。', 'transition_hint': '那么，芝诺具体是怎么“起诉”运动的呢？他设计了一系列著名的思想实验，我们来看其中最让人头疼的两个。'}]}, {'stage_id': 2, 'stage_name': '逻辑的利刃：剖析芝诺的著名诡辩', 'bullets': [{'bullet_id': 1, 'intent': '详细解析“阿喀琉斯追不上乌龟”的论证，展示其逻辑步骤如何看似无懈可击地推导出荒谬结论。', 'guidance': '必须一步一步拆解：1. 乌龟先出发一段距离。2. 阿喀琉斯跑到乌龟起点时，乌龟又前进了一小段。3. 阿喀琉斯跑到那个新起点时，乌龟又前进了一小段……如此无限重复。结论：英雄永远在“追”的过程中，无法“追上”。重点不是结论多荒谬，而是推理过程似乎每一步都合理。', 'transition_hint': '这个论证攻击的是运动在空间上的连续性。芝诺还有另一个更刁钻的论证，直接攻击运动在时间中的每一个“瞬间”。'}, {'bullet_id': 2, 'intent': '解析“飞箭不动”的论证，揭示其如何通过分割时间（瞬间）来否定运动。', 'guidance': '引导听众想象电影胶片：每一帧画面里，箭都是静止在某个位置的。芝诺说，运动就是由无数个这样的“瞬间”组成的，在每一个瞬间，箭都占据一个与自身长度相等的空间（即静止）。既然每个瞬间都不动，那么整个运动过程就是“不动”的叠加，结果还是不动。', 'transition_hint': '听完这两个论证，我们明明觉得不对，但又很难立刻从逻辑上驳倒它。这种“被逻辑噎住”的感觉，正是芝诺想要达到的效果。那么，他费这么大劲，到底想说明什么更深层的问题？'}]}, {'stage_id': 3, 'stage_name': '颠覆与奠基：诡辩背后的哲学意图', 'bullets': [{'bullet_id': 1, 'intent': '揭示芝诺论证的真正目标不是数学或物理，而是哲学认识论：挑战感官经验的权威。', 'guidance': '强调：芝诺知道结论荒谬！他正是要用“逻辑推导出的荒谬”来反证前提（即“运动是真实的”）有问题。他的潜台词是：“看，如果你相信运动是真实的，就会推导出阿喀琉斯追不上乌龟这种荒唐事。所以，运动不能是真实的，只能是假象。”', 'transition_hint': '这样一来，战场就彻底转移了。问题不再是“谁跑得快”，而是“我们该相信眼睛，还是相信逻辑推理？”'}, {'bullet_id': 2, 'intent': '阐明芝诺如何用“思想中的真实”来对抗并试图取代“感觉中的真实”，从而巩固形而上学的根基。', 'guidance': '进行深刻对比：感官（眼睛）告诉我们世界是“多”和“动”的，但充满错觉和矛盾。理性（逻辑思维）告诉我们，一个连贯、不矛盾的世界必须是“一”和“静”的。芝诺用他的诡辩强行拉高了逻辑理性的地位，暗示：只有能被逻辑清晰思考的（如巴门尼德的“存在”），才是真正真实的；感觉经验是混乱和不可靠的“意见”。', 'transition_hint': '所以，芝诺这些看似刁难人的脑筋急转弯，实际上完成了一次哲学上的“权力更迭”：把判定真理的权杖，从感官移交给了逻辑思辨。但这把锋利的“逻辑之剑”一旦被铸造出来，就再也不专属于形而上学了。'}]}, {'stage_id': 4, 'stage_name': '收束与伏笔：逻辑的双刃剑效应', 'bullets': [{'bullet_id': 1, 'intent': '总结芝诺的历史贡献：他系统性地运用逻辑论证（归谬法）为哲学辩护，使逻辑本身成为哲学探索的核心工具。', 'guidance': '点明：在芝诺之前，哲学家更多是直接断言（如“水是本源”）。芝诺之后，哲学家必须学会用严密的论证来捍卫自己的观点。他是“辩证法的奠基人”，开启了哲学论证的技艺时代。', 'transition_hint': '然而，任何强大的工具都是中立的。芝诺用逻辑为形而上学筑起了高墙，但很快，他的对手就学会了用同样的逻辑武器来攻击这座高墙。'}, {'bullet_id': 2, 'intent': '引出下一阶段的核心问题：当怀疑论者（如智者）拿起芝诺锻造的“逻辑之剑”反过来解构形而上学本身时，哲学将面临怎样的危机？', 'guidance': '提出一个令人不安的展望：如果逻辑可以证明“运动”是假的，那么逻辑是否也可以证明“存在”、“真理”甚至“美德”也是假的或相对的？芝诺的胜利，是否也为哲学埋下了自我瓦解的种子？', 'transition_hint': '这把我们引向了希腊哲学下一个激动人心（也令人头疼）的篇章：智者派的兴起与相对主义的挑战。苏格拉底又将如何应对这场由逻辑引发的思想危机？'}]}]}
2026-04-16 23:00:26,854 - SophiaLogger - [INFO] - 

所有粗课题的播客大纲设计完成！
2026-04-16 23:00:26,854 - SophiaLogger - [INFO] - ['topic_name', 'stages', 'topic_name', 'stages', 'topic_name', 'stages', 'topic_name', 'stages']
2026-04-16 23:00:37,055 - SophiaLogger - [ERROR] - ❌ 发生错误：TypeError: string indices must be integers
2026-04-16 23:00:37,071 - SophiaLogger - [ERROR] - 请重新输入您的问题，或检查您的网络连接和API密钥配置。
